ARM GAS  C:\Users\tiantiaf\AppData\Local\Temp\ccK6CmFq.s 			page 1


   1              		.cpu cortex-m0
   2              		.fpu softvfp
   3              		.eabi_attribute 20, 1
   4              		.eabi_attribute 21, 1
   5              		.eabi_attribute 23, 3
   6              		.eabi_attribute 24, 1
   7              		.eabi_attribute 25, 1
   8              		.eabi_attribute 26, 1
   9              		.eabi_attribute 30, 1
  10              		.eabi_attribute 34, 0
  11              		.eabi_attribute 18, 4
  12              		.code	16
  13              		.file	"Data_Queue.c"
  14              		.text
  15              	.Ltext0:
  16              		.cfi_sections	.debug_frame
  17              		.section	.text.DataQueue_Init,"ax",%progbits
  18              		.align	2
  19              		.global	DataQueue_Init
  20              		.code	16
  21              		.thumb_func
  22              		.type	DataQueue_Init, %function
  23              	DataQueue_Init:
  24              	.LFB37:
  25              		.file 1 "Data_Queue.c"
   1:Data_Queue.c  **** /* ========================================
   2:Data_Queue.c  ****  *
   3:Data_Queue.c  ****  * USC SAIL, 2017 MAY 11th
   4:Data_Queue.c  ****  * All Rights Reserved
   5:Data_Queue.c  ****  * UNPUBLISHED, LICENSED SOFTWARE.
   6:Data_Queue.c  ****  *
   7:Data_Queue.c  ****  * CONFIDENTIAL AND PROPRIETARY INFORMATION
   8:Data_Queue.c  ****  * WHICH IS THE PROPERTY OF your company.
   9:Data_Queue.c  ****  *
  10:Data_Queue.c  ****  * ========================================
  11:Data_Queue.c  **** */
  12:Data_Queue.c  **** 
  13:Data_Queue.c  **** /* [] END OF FILE */
  14:Data_Queue.c  **** 
  15:Data_Queue.c  **** #include "Data_Queue.h"
  16:Data_Queue.c  **** 
  17:Data_Queue.c  **** DATA_QUEUE pulse_raw_data;
  18:Data_Queue.c  **** 
  19:Data_Queue.c  **** /** \brief Reset the elements of DATA_QUEUE
  20:Data_Queue.c  **** * \param q DATA_QUEUE to initialize. It should be pointer.
  21:Data_Queue.c  **** * \param sizeOfQueue 
  22:Data_Queue.c  **** * \see DATA_QUEUE
  23:Data_Queue.c  **** * \see DATA_QUEUE_SIZE_MAX
  24:Data_Queue.c  **** * \return void
  25:Data_Queue.c  **** * 
  26:Data_Queue.c  **** * This method does unbelievably useful things.  
  27:Data_Queue.c  **** * And returns exceptionally useful results.
  28:Data_Queue.c  **** * Use it everyday with good health.
  29:Data_Queue.c  **** */
  30:Data_Queue.c  **** void DataQueue_Init(DATA_QUEUE *q, uint8 sizeOfQueue){
  26              		.loc 1 30 0
  27              		.cfi_startproc
ARM GAS  C:\Users\tiantiaf\AppData\Local\Temp\ccK6CmFq.s 			page 2


  28              	.LVL0:
  31:Data_Queue.c  ****     q->front = 0;
  29              		.loc 1 31 0
  30 0000 0023     		mov	r3, #0
  31 0002 D222     		mov	r2, #210
  32 0004 9200     		lsl	r2, r2, #2
  33 0006 8354     		strb	r3, [r0, r2]
  32:Data_Queue.c  ****     q->rear = 0;
  34              		.loc 1 32 0
  35 0008 034A     		ldr	r2, .L2
  36 000a 8354     		strb	r3, [r0, r2]
  33:Data_Queue.c  ****     q->size = sizeOfQueue;
  37              		.loc 1 33 0
  38 000c 034A     		ldr	r2, .L2+4
  39 000e 8154     		strb	r1, [r0, r2]
  34:Data_Queue.c  ****     q->count = 0;
  40              		.loc 1 34 0
  41 0010 034A     		ldr	r2, .L2+8
  42 0012 8354     		strb	r3, [r0, r2]
  35:Data_Queue.c  **** }
  43              		.loc 1 35 0
  44              		@ sp needed
  45 0014 7047     		bx	lr
  46              	.L3:
  47 0016 C046     		.align	2
  48              	.L2:
  49 0018 49030000 		.word	841
  50 001c 4A030000 		.word	842
  51 0020 4B030000 		.word	843
  52              		.cfi_endproc
  53              	.LFE37:
  54              		.size	DataQueue_Init, .-DataQueue_Init
  55              		.section	.text.DataQueue_IsFull,"ax",%progbits
  56              		.align	2
  57              		.global	DataQueue_IsFull
  58              		.code	16
  59              		.thumb_func
  60              		.type	DataQueue_IsFull, %function
  61              	DataQueue_IsFull:
  62              	.LFB38:
  36:Data_Queue.c  **** 
  37:Data_Queue.c  **** 
  38:Data_Queue.c  **** /** \brief Initialize the elements of DATA_QUEUE
  39:Data_Queue.c  **** * \see DATA_QUEUE
  40:Data_Queue.c  **** * \see DATA_QUEUE_SIZE_MAX
  41:Data_Queue.c  **** * \return If
  42:Data_Queue.c  **** * 
  43:Data_Queue.c  **** * This method does unbelievably useful things.  
  44:Data_Queue.c  **** * And returns exceptionally useful results.
  45:Data_Queue.c  **** * Use it everyday with good health.
  46:Data_Queue.c  **** */
  47:Data_Queue.c  **** uint8 DataQueue_IsFull(DATA_QUEUE *q){
  63              		.loc 1 47 0
  64              		.cfi_startproc
  65              	.LVL1:
  48:Data_Queue.c  ****     if(q->count == q->size)
  66              		.loc 1 48 0
ARM GAS  C:\Users\tiantiaf\AppData\Local\Temp\ccK6CmFq.s 			page 3


  67 0000 044B     		ldr	r3, .L7
  68 0002 C25C     		ldrb	r2, [r0, r3]
  69 0004 044B     		ldr	r3, .L7+4
  70 0006 C35C     		ldrb	r3, [r0, r3]
  71 0008 9A42     		cmp	r2, r3
  72 000a 01D1     		bne	.L6
  49:Data_Queue.c  ****         return TRUE;
  73              		.loc 1 49 0
  74 000c 0120     		mov	r0, #1
  75              	.LVL2:
  76 000e 00E0     		b	.L5
  77              	.LVL3:
  78              	.L6:
  50:Data_Queue.c  ****     return FALSE;
  79              		.loc 1 50 0
  80 0010 0020     		mov	r0, #0
  81              	.LVL4:
  82              	.L5:
  51:Data_Queue.c  **** }
  83              		.loc 1 51 0
  84              		@ sp needed
  85 0012 7047     		bx	lr
  86              	.L8:
  87              		.align	2
  88              	.L7:
  89 0014 4B030000 		.word	843
  90 0018 4A030000 		.word	842
  91              		.cfi_endproc
  92              	.LFE38:
  93              		.size	DataQueue_IsFull, .-DataQueue_IsFull
  94              		.section	.text.DataQueue_IsEmpty,"ax",%progbits
  95              		.align	2
  96              		.global	DataQueue_IsEmpty
  97              		.code	16
  98              		.thumb_func
  99              		.type	DataQueue_IsEmpty, %function
 100              	DataQueue_IsEmpty:
 101              	.LFB39:
  52:Data_Queue.c  **** 
  53:Data_Queue.c  **** uint8 DataQueue_IsEmpty(DATA_QUEUE *q){
 102              		.loc 1 53 0
 103              		.cfi_startproc
 104              	.LVL5:
  54:Data_Queue.c  ****     if(q->count == 0)
 105              		.loc 1 54 0
 106 0000 034B     		ldr	r3, .L12
 107 0002 C35C     		ldrb	r3, [r0, r3]
 108 0004 002B     		cmp	r3, #0
 109 0006 01D1     		bne	.L11
  55:Data_Queue.c  ****         return TRUE;
 110              		.loc 1 55 0
 111 0008 0120     		mov	r0, #1
 112              	.LVL6:
 113 000a 00E0     		b	.L10
 114              	.LVL7:
 115              	.L11:
  56:Data_Queue.c  ****     return FALSE;
ARM GAS  C:\Users\tiantiaf\AppData\Local\Temp\ccK6CmFq.s 			page 4


 116              		.loc 1 56 0
 117 000c 0020     		mov	r0, #0
 118              	.LVL8:
 119              	.L10:
  57:Data_Queue.c  **** }
 120              		.loc 1 57 0
 121              		@ sp needed
 122 000e 7047     		bx	lr
 123              	.L13:
 124              		.align	2
 125              	.L12:
 126 0010 4B030000 		.word	843
 127              		.cfi_endproc
 128              	.LFE39:
 129              		.size	DataQueue_IsEmpty, .-DataQueue_IsEmpty
 130              		.global	__aeabi_idivmod
 131              		.section	.text.DataQueue_AddData,"ax",%progbits
 132              		.align	2
 133              		.global	DataQueue_AddData
 134              		.code	16
 135              		.thumb_func
 136              		.type	DataQueue_AddData, %function
 137              	DataQueue_AddData:
 138              	.LFB40:
  58:Data_Queue.c  **** 
  59:Data_Queue.c  **** 
  60:Data_Queue.c  **** //Add data to last of queue
  61:Data_Queue.c  **** void DataQueue_AddData(DATA_QUEUE *q, uint16* data){
 139              		.loc 1 61 0
 140              		.cfi_startproc
 141              	.LVL9:
 142 0000 38B5     		push	{r3, r4, r5, lr}
 143              		.cfi_def_cfa_offset 16
 144              		.cfi_offset 3, -16
 145              		.cfi_offset 4, -12
 146              		.cfi_offset 5, -8
 147              		.cfi_offset 14, -4
 148 0002 051C     		mov	r5, r0
 149 0004 0C1C     		mov	r4, r1
  62:Data_Queue.c  ****     
  63:Data_Queue.c  ****     if(!DataQueue_IsFull(q)){
 150              		.loc 1 63 0
 151 0006 FFF7FEFF 		bl	DataQueue_IsFull
 152              	.LVL10:
 153 000a 0028     		cmp	r0, #0
 154 000c 0CD0     		beq	.L18
 155 000e 1AE0     		b	.L14
 156              	.LVL11:
 157              	.L17:
 158              	.LBB2:
  64:Data_Queue.c  ****         uint8 i = 0;
  65:Data_Queue.c  ****         for (i = 0; i < DATA_PER_FRAME; i++){
  66:Data_Queue.c  ****             q->data[q->rear][i] = *data++;
 159              		.loc 1 66 0 discriminator 3
 160 0010 0D4B     		ldr	r3, .L19
 161 0012 E95C     		ldrb	r1, [r5, r3]
 162              	.LVL12:
ARM GAS  C:\Users\tiantiaf\AppData\Local\Temp\ccK6CmFq.s 			page 5


 163 0014 2088     		ldrh	r0, [r4]
 164 0016 CB00     		lsl	r3, r1, #3
 165 0018 5B1A     		sub	r3, r3, r1
 166 001a 9B18     		add	r3, r3, r2
 167 001c 5B00     		lsl	r3, r3, #1
 168 001e 5853     		strh	r0, [r3, r5]
  65:Data_Queue.c  ****             q->data[q->rear][i] = *data++;
 169              		.loc 1 65 0 discriminator 3
 170 0020 0132     		add	r2, r2, #1
 171              	.LVL13:
 172 0022 D2B2     		uxtb	r2, r2
 173              	.LVL14:
 174              		.loc 1 66 0 discriminator 3
 175 0024 0234     		add	r4, r4, #2
 176              	.LVL15:
 177 0026 00E0     		b	.L15
 178              	.LVL16:
 179              	.L18:
 180              	.LBE2:
 181 0028 0022     		mov	r2, #0
 182              	.L15:
 183              	.LVL17:
 184              	.LBB3:
  65:Data_Queue.c  ****             q->data[q->rear][i] = *data++;
 185              		.loc 1 65 0 discriminator 1
 186 002a 062A     		cmp	r2, #6
 187 002c F0D9     		bls	.L17
  67:Data_Queue.c  ****         }
  68:Data_Queue.c  ****         
  69:Data_Queue.c  ****         q->rear = (q->rear + 1) % q->size;
 188              		.loc 1 69 0
 189 002e 064C     		ldr	r4, .L19
 190              	.LVL18:
 191 0030 285D     		ldrb	r0, [r5, r4]
 192 0032 0130     		add	r0, r0, #1
 193 0034 054B     		ldr	r3, .L19+4
 194 0036 E95C     		ldrb	r1, [r5, r3]
 195 0038 FFF7FEFF 		bl	__aeabi_idivmod
 196              	.LVL19:
 197 003c 2955     		strb	r1, [r5, r4]
  70:Data_Queue.c  ****         q->count++;
 198              		.loc 1 70 0
 199 003e 044A     		ldr	r2, .L19+8
 200 0040 AB5C     		ldrb	r3, [r5, r2]
 201 0042 0133     		add	r3, r3, #1
 202 0044 AB54     		strb	r3, [r5, r2]
 203              	.L14:
 204              	.LBE3:
  71:Data_Queue.c  ****     }
  72:Data_Queue.c  **** }
 205              		.loc 1 72 0
 206              		@ sp needed
 207              	.LVL20:
 208 0046 38BD     		pop	{r3, r4, r5, pc}
 209              	.L20:
 210              		.align	2
 211              	.L19:
ARM GAS  C:\Users\tiantiaf\AppData\Local\Temp\ccK6CmFq.s 			page 6


 212 0048 49030000 		.word	841
 213 004c 4A030000 		.word	842
 214 0050 4B030000 		.word	843
 215              		.cfi_endproc
 216              	.LFE40:
 217              		.size	DataQueue_AddData, .-DataQueue_AddData
 218              		.section	.text.DataQueue_RemoveData,"ax",%progbits
 219              		.align	2
 220              		.global	DataQueue_RemoveData
 221              		.code	16
 222              		.thumb_func
 223              		.type	DataQueue_RemoveData, %function
 224              	DataQueue_RemoveData:
 225              	.LFB41:
  73:Data_Queue.c  **** 
  74:Data_Queue.c  **** //Remove a data from 
  75:Data_Queue.c  **** uint16* DataQueue_RemoveData(DATA_QUEUE * q){
 226              		.loc 1 75 0
 227              		.cfi_startproc
 228              	.LVL21:
 229 0000 70B5     		push	{r4, r5, r6, lr}
 230              		.cfi_def_cfa_offset 16
 231              		.cfi_offset 4, -16
 232              		.cfi_offset 5, -12
 233              		.cfi_offset 6, -8
 234              		.cfi_offset 14, -4
 235 0002 041C     		mov	r4, r0
  76:Data_Queue.c  ****     uint16 *data;
  77:Data_Queue.c  ****     if(!DataQueue_IsEmpty(q)){
 236              		.loc 1 77 0
 237 0004 FFF7FEFF 		bl	DataQueue_IsEmpty
 238              	.LVL22:
 239 0008 0028     		cmp	r0, #0
 240 000a 10D1     		bne	.L22
  78:Data_Queue.c  ****         data = q->data[q->front];
 241              		.loc 1 78 0
 242 000c D226     		mov	r6, #210
 243 000e B600     		lsl	r6, r6, #2
 244 0010 A05D     		ldrb	r0, [r4, r6]
 245 0012 C300     		lsl	r3, r0, #3
 246 0014 1B1A     		sub	r3, r3, r0
 247 0016 5B00     		lsl	r3, r3, #1
 248 0018 E518     		add	r5, r4, r3
 249              	.LVL23:
  79:Data_Queue.c  ****         q->front = (q->front+1) % q->size;
 250              		.loc 1 79 0
 251 001a 0130     		add	r0, r0, #1
 252 001c 054B     		ldr	r3, .L23
 253 001e E15C     		ldrb	r1, [r4, r3]
 254 0020 FFF7FEFF 		bl	__aeabi_idivmod
 255              	.LVL24:
 256 0024 A155     		strb	r1, [r4, r6]
  80:Data_Queue.c  ****         q->count--; 
 257              		.loc 1 80 0
 258 0026 044A     		ldr	r2, .L23+4
 259 0028 A35C     		ldrb	r3, [r4, r2]
 260 002a 013B     		sub	r3, r3, #1
ARM GAS  C:\Users\tiantiaf\AppData\Local\Temp\ccK6CmFq.s 			page 7


 261 002c A354     		strb	r3, [r4, r2]
 262              	.LVL25:
 263              	.L22:
  81:Data_Queue.c  ****     }
  82:Data_Queue.c  ****     
  83:Data_Queue.c  ****     return data;
  84:Data_Queue.c  **** }
 264              		.loc 1 84 0
 265 002e 281C     		mov	r0, r5
 266              		@ sp needed
 267              	.LVL26:
 268              	.LVL27:
 269 0030 70BD     		pop	{r4, r5, r6, pc}
 270              	.L24:
 271 0032 C046     		.align	2
 272              	.L23:
 273 0034 4A030000 		.word	842
 274 0038 4B030000 		.word	843
 275              		.cfi_endproc
 276              	.LFE41:
 277              		.size	DataQueue_RemoveData, .-DataQueue_RemoveData
 278              		.section	.text.DataQueue_GetData,"ax",%progbits
 279              		.align	2
 280              		.global	DataQueue_GetData
 281              		.code	16
 282              		.thumb_func
 283              		.type	DataQueue_GetData, %function
 284              	DataQueue_GetData:
 285              	.LFB42:
  85:Data_Queue.c  **** 
  86:Data_Queue.c  **** uint16* DataQueue_GetData(DATA_QUEUE *q, uint8 index){
 286              		.loc 1 86 0
 287              		.cfi_startproc
 288              	.LVL28:
 289 0000 70B5     		push	{r4, r5, r6, lr}
 290              		.cfi_def_cfa_offset 16
 291              		.cfi_offset 4, -16
 292              		.cfi_offset 5, -12
 293              		.cfi_offset 6, -8
 294              		.cfi_offset 14, -4
 295 0002 051C     		mov	r5, r0
 296 0004 0E1C     		mov	r6, r1
 297              	.LVL29:
  87:Data_Queue.c  ****     uint16 actualIndex=0;
  88:Data_Queue.c  ****     uint16 *data;
  89:Data_Queue.c  ****     if(!DataQueue_IsEmpty(q)){
 298              		.loc 1 89 0
 299 0006 FFF7FEFF 		bl	DataQueue_IsEmpty
 300              	.LVL30:
 301 000a 0028     		cmp	r0, #0
 302 000c 0DD1     		bne	.L26
  90:Data_Queue.c  ****         actualIndex = (q->front+index) % q->size;
 303              		.loc 1 90 0
 304 000e D223     		mov	r3, #210
 305 0010 9B00     		lsl	r3, r3, #2
 306 0012 E85C     		ldrb	r0, [r5, r3]
 307 0014 8019     		add	r0, r0, r6
ARM GAS  C:\Users\tiantiaf\AppData\Local\Temp\ccK6CmFq.s 			page 8


 308 0016 064B     		ldr	r3, .L27
 309 0018 E95C     		ldrb	r1, [r5, r3]
 310 001a FFF7FEFF 		bl	__aeabi_idivmod
 311              	.LVL31:
  91:Data_Queue.c  ****         data = q->data[actualIndex];
 312              		.loc 1 91 0
 313 001e 0904     		lsl	r1, r1, #16
 314              	.LVL32:
 315 0020 090C     		lsr	r1, r1, #16
 316 0022 CB00     		lsl	r3, r1, #3
 317 0024 591A     		sub	r1, r3, r1
 318 0026 4900     		lsl	r1, r1, #1
 319 0028 6C18     		add	r4, r5, r1
 320              	.LVL33:
 321              	.L26:
  92:Data_Queue.c  ****     }
  93:Data_Queue.c  ****     return data;
  94:Data_Queue.c  **** }
 322              		.loc 1 94 0
 323 002a 201C     		mov	r0, r4
 324              		@ sp needed
 325              	.LVL34:
 326              	.LVL35:
 327 002c 70BD     		pop	{r4, r5, r6, pc}
 328              	.L28:
 329 002e C046     		.align	2
 330              	.L27:
 331 0030 4A030000 		.word	842
 332              		.cfi_endproc
 333              	.LFE42:
 334              		.size	DataQueue_GetData, .-DataQueue_GetData
 335              		.section	.text.DataQueue_Peek,"ax",%progbits
 336              		.align	2
 337              		.global	DataQueue_Peek
 338              		.code	16
 339              		.thumb_func
 340              		.type	DataQueue_Peek, %function
 341              	DataQueue_Peek:
 342              	.LFB43:
  95:Data_Queue.c  **** 
  96:Data_Queue.c  **** uint16* DataQueue_Peek(DATA_QUEUE *q){
 343              		.loc 1 96 0
 344              		.cfi_startproc
 345              	.LVL36:
 346 0000 38B5     		push	{r3, r4, r5, lr}
 347              		.cfi_def_cfa_offset 16
 348              		.cfi_offset 3, -16
 349              		.cfi_offset 4, -12
 350              		.cfi_offset 5, -8
 351              		.cfi_offset 14, -4
 352 0002 051C     		mov	r5, r0
 353              	.LVL37:
  97:Data_Queue.c  ****     uint16 actualIndex=0;
  98:Data_Queue.c  ****     uint16 *data;
  99:Data_Queue.c  ****     if(!DataQueue_IsEmpty(q)){
 354              		.loc 1 99 0
 355 0004 FFF7FEFF 		bl	DataQueue_IsEmpty
ARM GAS  C:\Users\tiantiaf\AppData\Local\Temp\ccK6CmFq.s 			page 9


 356              	.LVL38:
 357 0008 0028     		cmp	r0, #0
 358 000a 07D1     		bne	.L30
 100:Data_Queue.c  ****         actualIndex = (q->rear)-1;
 359              		.loc 1 100 0
 360 000c 044B     		ldr	r3, .L31
 361 000e E85C     		ldrb	r0, [r5, r3]
 362 0010 0138     		sub	r0, r0, #1
 363 0012 80B2     		uxth	r0, r0
 364              	.LVL39:
 101:Data_Queue.c  ****         data = q->data[actualIndex];
 365              		.loc 1 101 0
 366 0014 C300     		lsl	r3, r0, #3
 367 0016 181A     		sub	r0, r3, r0
 368              	.LVL40:
 369 0018 4000     		lsl	r0, r0, #1
 370 001a 2C18     		add	r4, r5, r0
 371              	.LVL41:
 372              	.L30:
 102:Data_Queue.c  ****     }
 103:Data_Queue.c  ****     return data;
 104:Data_Queue.c  **** }
 373              		.loc 1 104 0
 374 001c 201C     		mov	r0, r4
 375              		@ sp needed
 376              	.LVL42:
 377              	.LVL43:
 378 001e 38BD     		pop	{r3, r4, r5, pc}
 379              	.L32:
 380              		.align	2
 381              	.L31:
 382 0020 49030000 		.word	841
 383              		.cfi_endproc
 384              	.LFE43:
 385              		.size	DataQueue_Peek, .-DataQueue_Peek
 386              		.section	.text.DataQueue_GetSize,"ax",%progbits
 387              		.align	2
 388              		.global	DataQueue_GetSize
 389              		.code	16
 390              		.thumb_func
 391              		.type	DataQueue_GetSize, %function
 392              	DataQueue_GetSize:
 393              	.LFB44:
 105:Data_Queue.c  **** 
 106:Data_Queue.c  **** uint8 DataQueue_GetSize(DATA_QUEUE *q){
 394              		.loc 1 106 0
 395              		.cfi_startproc
 396              	.LVL44:
 107:Data_Queue.c  ****     return q->size;
 397              		.loc 1 107 0
 398 0000 014B     		ldr	r3, .L34
 399 0002 C05C     		ldrb	r0, [r0, r3]
 400              	.LVL45:
 108:Data_Queue.c  **** }
 401              		.loc 1 108 0
 402              		@ sp needed
 403 0004 7047     		bx	lr
ARM GAS  C:\Users\tiantiaf\AppData\Local\Temp\ccK6CmFq.s 			page 10


 404              	.L35:
 405 0006 C046     		.align	2
 406              	.L34:
 407 0008 4A030000 		.word	842
 408              		.cfi_endproc
 409              	.LFE44:
 410              		.size	DataQueue_GetSize, .-DataQueue_GetSize
 411              		.section	.text.DataQueue_GetCount,"ax",%progbits
 412              		.align	2
 413              		.global	DataQueue_GetCount
 414              		.code	16
 415              		.thumb_func
 416              		.type	DataQueue_GetCount, %function
 417              	DataQueue_GetCount:
 418              	.LFB45:
 109:Data_Queue.c  **** 
 110:Data_Queue.c  **** uint8 DataQueue_GetCount(DATA_QUEUE *q){
 419              		.loc 1 110 0
 420              		.cfi_startproc
 421              	.LVL46:
 111:Data_Queue.c  ****     return q->count;
 422              		.loc 1 111 0
 423 0000 014B     		ldr	r3, .L37
 424 0002 C05C     		ldrb	r0, [r0, r3]
 425              	.LVL47:
 112:Data_Queue.c  **** }
 426              		.loc 1 112 0
 427              		@ sp needed
 428 0004 7047     		bx	lr
 429              	.L38:
 430 0006 C046     		.align	2
 431              	.L37:
 432 0008 4B030000 		.word	843
 433              		.cfi_endproc
 434              	.LFE45:
 435              		.size	DataQueue_GetCount, .-DataQueue_GetCount
 436              		.comm	pulse_raw_data,844,4
 437              		.text
 438              	.Letext0:
 439              		.file 2 "Generated_Source\\PSoC4/cytypes.h"
 440              		.file 3 "Data_Queue.h"
 441              		.file 4 "Generated_Source\\PSoC4/BLE_PULSE_Stack.h"
 442              		.section	.debug_info,"",%progbits
 443              	.Ldebug_info0:
 444 0000 2D050000 		.4byte	0x52d
 445 0004 0400     		.2byte	0x4
 446 0006 00000000 		.4byte	.Ldebug_abbrev0
 447 000a 04       		.byte	0x4
 448 000b 01       		.uleb128 0x1
 449 000c 95040000 		.4byte	.LASF105
 450 0010 01       		.byte	0x1
 451 0011 99090000 		.4byte	.LASF106
 452 0015 A9020000 		.4byte	.LASF107
 453 0019 18000000 		.4byte	.Ldebug_ranges0+0x18
 454 001d 00000000 		.4byte	0
 455 0021 00000000 		.4byte	.Ldebug_line0
 456 0025 02       		.uleb128 0x2
ARM GAS  C:\Users\tiantiaf\AppData\Local\Temp\ccK6CmFq.s 			page 11


 457 0026 01       		.byte	0x1
 458 0027 06       		.byte	0x6
 459 0028 FB050000 		.4byte	.LASF0
 460 002c 02       		.uleb128 0x2
 461 002d 01       		.byte	0x1
 462 002e 08       		.byte	0x8
 463 002f 91050000 		.4byte	.LASF1
 464 0033 02       		.uleb128 0x2
 465 0034 02       		.byte	0x2
 466 0035 05       		.byte	0x5
 467 0036 95000000 		.4byte	.LASF2
 468 003a 02       		.uleb128 0x2
 469 003b 02       		.byte	0x2
 470 003c 07       		.byte	0x7
 471 003d 2E070000 		.4byte	.LASF3
 472 0041 02       		.uleb128 0x2
 473 0042 04       		.byte	0x4
 474 0043 05       		.byte	0x5
 475 0044 9E030000 		.4byte	.LASF4
 476 0048 02       		.uleb128 0x2
 477 0049 04       		.byte	0x4
 478 004a 07       		.byte	0x7
 479 004b 8C060000 		.4byte	.LASF5
 480 004f 02       		.uleb128 0x2
 481 0050 08       		.byte	0x8
 482 0051 05       		.byte	0x5
 483 0052 24010000 		.4byte	.LASF6
 484 0056 02       		.uleb128 0x2
 485 0057 08       		.byte	0x8
 486 0058 07       		.byte	0x7
 487 0059 01010000 		.4byte	.LASF7
 488 005d 03       		.uleb128 0x3
 489 005e 04       		.byte	0x4
 490 005f 05       		.byte	0x5
 491 0060 696E7400 		.ascii	"int\000"
 492 0064 02       		.uleb128 0x2
 493 0065 04       		.byte	0x4
 494 0066 07       		.byte	0x7
 495 0067 64060000 		.4byte	.LASF8
 496 006b 04       		.uleb128 0x4
 497 006c 65050000 		.4byte	.LASF9
 498 0070 02       		.byte	0x2
 499 0071 B901     		.2byte	0x1b9
 500 0073 2C000000 		.4byte	0x2c
 501 0077 04       		.uleb128 0x4
 502 0078 E5010000 		.4byte	.LASF10
 503 007c 02       		.byte	0x2
 504 007d BA01     		.2byte	0x1ba
 505 007f 3A000000 		.4byte	0x3a
 506 0083 02       		.uleb128 0x2
 507 0084 04       		.byte	0x4
 508 0085 04       		.byte	0x4
 509 0086 F2020000 		.4byte	.LASF11
 510 008a 02       		.uleb128 0x2
 511 008b 08       		.byte	0x8
 512 008c 04       		.byte	0x4
 513 008d AE080000 		.4byte	.LASF12
ARM GAS  C:\Users\tiantiaf\AppData\Local\Temp\ccK6CmFq.s 			page 12


 514 0091 02       		.uleb128 0x2
 515 0092 01       		.byte	0x1
 516 0093 08       		.byte	0x8
 517 0094 A9070000 		.4byte	.LASF13
 518 0098 02       		.uleb128 0x2
 519 0099 04       		.byte	0x4
 520 009a 07       		.byte	0x7
 521 009b D7000000 		.4byte	.LASF14
 522 009f 05       		.uleb128 0x5
 523 00a0 01       		.byte	0x1
 524 00a1 04       		.byte	0x4
 525 00a2 4D01     		.2byte	0x14d
 526 00a4 82020000 		.4byte	0x282
 527 00a8 06       		.uleb128 0x6
 528 00a9 56020000 		.4byte	.LASF15
 529 00ad 00       		.sleb128 0
 530 00ae 06       		.uleb128 0x6
 531 00af 6D010000 		.4byte	.LASF16
 532 00b3 01       		.sleb128 1
 533 00b4 06       		.uleb128 0x6
 534 00b5 550A0000 		.4byte	.LASF17
 535 00b9 02       		.sleb128 2
 536 00ba 06       		.uleb128 0x6
 537 00bb 1D090000 		.4byte	.LASF18
 538 00bf 03       		.sleb128 3
 539 00c0 06       		.uleb128 0x6
 540 00c1 37010000 		.4byte	.LASF19
 541 00c5 04       		.sleb128 4
 542 00c6 06       		.uleb128 0x6
 543 00c7 44040000 		.4byte	.LASF20
 544 00cb 05       		.sleb128 5
 545 00cc 06       		.uleb128 0x6
 546 00cd 3E000000 		.4byte	.LASF21
 547 00d1 06       		.sleb128 6
 548 00d2 06       		.uleb128 0x6
 549 00d3 ED070000 		.4byte	.LASF22
 550 00d7 20       		.sleb128 32
 551 00d8 06       		.uleb128 0x6
 552 00d9 9E060000 		.4byte	.LASF23
 553 00dd 21       		.sleb128 33
 554 00de 06       		.uleb128 0x6
 555 00df 00000000 		.4byte	.LASF24
 556 00e3 22       		.sleb128 34
 557 00e4 06       		.uleb128 0x6
 558 00e5 6F040000 		.4byte	.LASF25
 559 00e9 23       		.sleb128 35
 560 00ea 06       		.uleb128 0x6
 561 00eb 48060000 		.4byte	.LASF26
 562 00ef 24       		.sleb128 36
 563 00f0 06       		.uleb128 0x6
 564 00f1 9F000000 		.4byte	.LASF27
 565 00f5 25       		.sleb128 37
 566 00f6 06       		.uleb128 0x6
 567 00f7 FB030000 		.4byte	.LASF28
 568 00fb 26       		.sleb128 38
 569 00fc 06       		.uleb128 0x6
 570 00fd CD030000 		.4byte	.LASF29
ARM GAS  C:\Users\tiantiaf\AppData\Local\Temp\ccK6CmFq.s 			page 13


 571 0101 27       		.sleb128 39
 572 0102 06       		.uleb128 0x6
 573 0103 DF0A0000 		.4byte	.LASF30
 574 0107 28       		.sleb128 40
 575 0108 06       		.uleb128 0x6
 576 0109 D6060000 		.4byte	.LASF31
 577 010d 29       		.sleb128 41
 578 010e 06       		.uleb128 0x6
 579 010f 59070000 		.4byte	.LASF32
 580 0113 2A       		.sleb128 42
 581 0114 06       		.uleb128 0x6
 582 0115 4E080000 		.4byte	.LASF33
 583 0119 2B       		.sleb128 43
 584 011a 06       		.uleb128 0x6
 585 011b F2010000 		.4byte	.LASF34
 586 011f 2C       		.sleb128 44
 587 0120 06       		.uleb128 0x6
 588 0121 11030000 		.4byte	.LASF35
 589 0125 2D       		.sleb128 45
 590 0126 06       		.uleb128 0x6
 591 0127 71000000 		.4byte	.LASF36
 592 012b 2E       		.sleb128 46
 593 012c 06       		.uleb128 0x6
 594 012d 370B0000 		.4byte	.LASF37
 595 0131 2F       		.sleb128 47
 596 0132 06       		.uleb128 0x6
 597 0133 E0000000 		.4byte	.LASF38
 598 0137 30       		.sleb128 48
 599 0138 06       		.uleb128 0x6
 600 0139 41050000 		.4byte	.LASF39
 601 013d 31       		.sleb128 49
 602 013e 06       		.uleb128 0x6
 603 013f 3A030000 		.4byte	.LASF40
 604 0143 32       		.sleb128 50
 605 0144 06       		.uleb128 0x6
 606 0145 82070000 		.4byte	.LASF41
 607 0149 33       		.sleb128 51
 608 014a 06       		.uleb128 0x6
 609 014b F3060000 		.4byte	.LASF42
 610 014f 34       		.sleb128 52
 611 0150 06       		.uleb128 0x6
 612 0151 FA080000 		.4byte	.LASF43
 613 0155 35       		.sleb128 53
 614 0156 06       		.uleb128 0x6
 615 0157 7D030000 		.4byte	.LASF44
 616 015b 36       		.sleb128 54
 617 015c 06       		.uleb128 0x6
 618 015d 92010000 		.4byte	.LASF45
 619 0161 37       		.sleb128 55
 620 0162 06       		.uleb128 0x6
 621 0163 57000000 		.4byte	.LASF46
 622 0167 C000     		.sleb128 64
 623 0169 06       		.uleb128 0x6
 624 016a 71060000 		.4byte	.LASF47
 625 016e C100     		.sleb128 65
 626 0170 06       		.uleb128 0x6
 627 0171 B9000000 		.4byte	.LASF48
ARM GAS  C:\Users\tiantiaf\AppData\Local\Temp\ccK6CmFq.s 			page 14


 628 0175 C200     		.sleb128 66
 629 0177 06       		.uleb128 0x6
 630 0178 C7010000 		.4byte	.LASF49
 631 017c C300     		.sleb128 67
 632 017e 06       		.uleb128 0x6
 633 017f FE090000 		.4byte	.LASF50
 634 0183 C400     		.sleb128 68
 635 0185 06       		.uleb128 0x6
 636 0186 B9090000 		.4byte	.LASF51
 637 018a C500     		.sleb128 69
 638 018c 06       		.uleb128 0x6
 639 018d 4C010000 		.4byte	.LASF52
 640 0191 C600     		.sleb128 70
 641 0193 06       		.uleb128 0x6
 642 0194 DD050000 		.4byte	.LASF53
 643 0198 C700     		.sleb128 71
 644 019a 06       		.uleb128 0x6
 645 019b 21060000 		.4byte	.LASF54
 646 019f C800     		.sleb128 72
 647 01a1 06       		.uleb128 0x6
 648 01a2 F8020000 		.4byte	.LASF55
 649 01a6 C900     		.sleb128 73
 650 01a8 06       		.uleb128 0x6
 651 01a9 11080000 		.4byte	.LASF56
 652 01ad CA00     		.sleb128 74
 653 01af 06       		.uleb128 0x6
 654 01b0 16020000 		.4byte	.LASF57
 655 01b4 CB00     		.sleb128 75
 656 01b6 06       		.uleb128 0x6
 657 01b7 07060000 		.4byte	.LASF58
 658 01bb CC00     		.sleb128 76
 659 01bd 06       		.uleb128 0x6
 660 01be 24000000 		.4byte	.LASF59
 661 01c2 CD00     		.sleb128 77
 662 01c4 06       		.uleb128 0x6
 663 01c5 E0090000 		.4byte	.LASF60
 664 01c9 CE00     		.sleb128 78
 665 01cb 06       		.uleb128 0x6
 666 01cc 9F050000 		.4byte	.LASF61
 667 01d0 CF00     		.sleb128 79
 668 01d2 06       		.uleb128 0x6
 669 01d3 C00A0000 		.4byte	.LASF62
 670 01d7 D000     		.sleb128 80
 671 01d9 06       		.uleb128 0x6
 672 01da 2F080000 		.4byte	.LASF63
 673 01de D100     		.sleb128 81
 674 01e0 06       		.uleb128 0x6
 675 01e1 23040000 		.4byte	.LASF64
 676 01e5 D200     		.sleb128 82
 677 01e7 06       		.uleb128 0x6
 678 01e8 A7030000 		.4byte	.LASF65
 679 01ec D300     		.sleb128 83
 680 01ee 06       		.uleb128 0x6
 681 01ef 35020000 		.4byte	.LASF66
 682 01f3 D400     		.sleb128 84
 683 01f5 06       		.uleb128 0x6
 684 01f6 010B0000 		.4byte	.LASF67
ARM GAS  C:\Users\tiantiaf\AppData\Local\Temp\ccK6CmFq.s 			page 15


 685 01fa D500     		.sleb128 85
 686 01fc 06       		.uleb128 0x6
 687 01fd 9E0A0000 		.4byte	.LASF68
 688 0201 D600     		.sleb128 86
 689 0203 06       		.uleb128 0x6
 690 0204 750A0000 		.4byte	.LASF69
 691 0208 D700     		.sleb128 87
 692 020a 06       		.uleb128 0x6
 693 020b 0B070000 		.4byte	.LASF70
 694 020f D800     		.sleb128 88
 695 0211 06       		.uleb128 0x6
 696 0212 6B050000 		.4byte	.LASF71
 697 0216 F000     		.sleb128 112
 698 0218 06       		.uleb128 0x6
 699 0219 55090000 		.4byte	.LASF72
 700 021d F100     		.sleb128 113
 701 021f 06       		.uleb128 0x6
 702 0220 BF070000 		.4byte	.LASF73
 703 0224 F200     		.sleb128 114
 704 0226 06       		.uleb128 0x6
 705 0227 7B090000 		.4byte	.LASF74
 706 022b F300     		.sleb128 115
 707 022d 06       		.uleb128 0x6
 708 022e 23050000 		.4byte	.LASF75
 709 0232 F400     		.sleb128 116
 710 0234 06       		.uleb128 0x6
 711 0235 B5060000 		.4byte	.LASF76
 712 0239 F500     		.sleb128 117
 713 023b 06       		.uleb128 0x6
 714 023c 88020000 		.4byte	.LASF77
 715 0240 F600     		.sleb128 118
 716 0242 06       		.uleb128 0x6
 717 0243 36090000 		.4byte	.LASF78
 718 0247 F700     		.sleb128 119
 719 0249 06       		.uleb128 0x6
 720 024a 8B080000 		.4byte	.LASF79
 721 024e F800     		.sleb128 120
 722 0250 06       		.uleb128 0x6
 723 0251 D2080000 		.4byte	.LASF80
 724 0255 F900     		.sleb128 121
 725 0257 06       		.uleb128 0x6
 726 0258 310A0000 		.4byte	.LASF81
 727 025c FA00     		.sleb128 122
 728 025e 06       		.uleb128 0x6
 729 025f 6D080000 		.4byte	.LASF82
 730 0263 FA01     		.sleb128 250
 731 0265 06       		.uleb128 0x6
 732 0266 BE050000 		.4byte	.LASF83
 733 026a FB01     		.sleb128 251
 734 026c 06       		.uleb128 0x6
 735 026d 250B0000 		.4byte	.LASF84
 736 0271 FC01     		.sleb128 252
 737 0273 06       		.uleb128 0x6
 738 0274 41070000 		.4byte	.LASF85
 739 0278 FD01     		.sleb128 253
 740 027a 06       		.uleb128 0x6
 741 027b 670A0000 		.4byte	.LASF86
ARM GAS  C:\Users\tiantiaf\AppData\Local\Temp\ccK6CmFq.s 			page 16


 742 027f FF01     		.sleb128 255
 743 0281 00       		.byte	0
 744 0282 07       		.uleb128 0x7
 745 0283 04       		.byte	0x4
 746 0284 77000000 		.4byte	0x77
 747 0288 08       		.uleb128 0x8
 748 0289 73030000 		.4byte	.LASF108
 749 028d 4C03     		.2byte	0x34c
 750 028f 03       		.byte	0x3
 751 0290 1B       		.byte	0x1b
 752 0291 D6020000 		.4byte	0x2d6
 753 0295 09       		.uleb128 0x9
 754 0296 32010000 		.4byte	.LASF87
 755 029a 03       		.byte	0x3
 756 029b 1C       		.byte	0x1c
 757 029c D6020000 		.4byte	0x2d6
 758 02a0 00       		.byte	0
 759 02a1 0A       		.uleb128 0xa
 760 02a2 5B030000 		.4byte	.LASF88
 761 02a6 03       		.byte	0x3
 762 02a7 1D       		.byte	0x1d
 763 02a8 6B000000 		.4byte	0x6b
 764 02ac 4803     		.2byte	0x348
 765 02ae 0A       		.uleb128 0xa
 766 02af C8030000 		.4byte	.LASF89
 767 02b3 03       		.byte	0x3
 768 02b4 1E       		.byte	0x1e
 769 02b5 6B000000 		.4byte	0x6b
 770 02b9 4903     		.2byte	0x349
 771 02bb 0A       		.uleb128 0xa
 772 02bc F5080000 		.4byte	.LASF90
 773 02c0 03       		.byte	0x3
 774 02c1 1F       		.byte	0x1f
 775 02c2 6B000000 		.4byte	0x6b
 776 02c6 4A03     		.2byte	0x34a
 777 02c8 0A       		.uleb128 0xa
 778 02c9 17090000 		.4byte	.LASF91
 779 02cd 03       		.byte	0x3
 780 02ce 20       		.byte	0x20
 781 02cf 6B000000 		.4byte	0x6b
 782 02d3 4B03     		.2byte	0x34b
 783 02d5 00       		.byte	0
 784 02d6 0B       		.uleb128 0xb
 785 02d7 77000000 		.4byte	0x77
 786 02db EC020000 		.4byte	0x2ec
 787 02df 0C       		.uleb128 0xc
 788 02e0 98000000 		.4byte	0x98
 789 02e4 3B       		.byte	0x3b
 790 02e5 0C       		.uleb128 0xc
 791 02e6 98000000 		.4byte	0x98
 792 02ea 06       		.byte	0x6
 793 02eb 00       		.byte	0
 794 02ec 0D       		.uleb128 0xd
 795 02ed C7080000 		.4byte	.LASF92
 796 02f1 03       		.byte	0x3
 797 02f2 21       		.byte	0x21
 798 02f3 88020000 		.4byte	0x288
ARM GAS  C:\Users\tiantiaf\AppData\Local\Temp\ccK6CmFq.s 			page 17


 799 02f7 0E       		.uleb128 0xe
 800 02f8 EC030000 		.4byte	.LASF96
 801 02fc 01       		.byte	0x1
 802 02fd 1E       		.byte	0x1e
 803 02fe 00000000 		.4byte	.LFB37
 804 0302 24000000 		.4byte	.LFE37-.LFB37
 805 0306 01       		.uleb128 0x1
 806 0307 9C       		.byte	0x9c
 807 0308 25030000 		.4byte	0x325
 808 030c 0F       		.uleb128 0xf
 809 030d 7100     		.ascii	"q\000"
 810 030f 01       		.byte	0x1
 811 0310 1E       		.byte	0x1e
 812 0311 25030000 		.4byte	0x325
 813 0315 01       		.uleb128 0x1
 814 0316 50       		.byte	0x50
 815 0317 10       		.uleb128 0x10
 816 0318 18010000 		.4byte	.LASF93
 817 031c 01       		.byte	0x1
 818 031d 1E       		.byte	0x1e
 819 031e 6B000000 		.4byte	0x6b
 820 0322 01       		.uleb128 0x1
 821 0323 51       		.byte	0x51
 822 0324 00       		.byte	0
 823 0325 07       		.uleb128 0x7
 824 0326 04       		.byte	0x4
 825 0327 EC020000 		.4byte	0x2ec
 826 032b 11       		.uleb128 0x11
 827 032c AE070000 		.4byte	.LASF94
 828 0330 01       		.byte	0x1
 829 0331 2F       		.byte	0x2f
 830 0332 6B000000 		.4byte	0x6b
 831 0336 00000000 		.4byte	.LFB38
 832 033a 1C000000 		.4byte	.LFE38-.LFB38
 833 033e 01       		.uleb128 0x1
 834 033f 9C       		.byte	0x9c
 835 0340 52030000 		.4byte	0x352
 836 0344 12       		.uleb128 0x12
 837 0345 7100     		.ascii	"q\000"
 838 0347 01       		.byte	0x1
 839 0348 2F       		.byte	0x2f
 840 0349 25030000 		.4byte	0x325
 841 034d 00000000 		.4byte	.LLST0
 842 0351 00       		.byte	0
 843 0352 11       		.uleb128 0x11
 844 0353 DB070000 		.4byte	.LASF95
 845 0357 01       		.byte	0x1
 846 0358 35       		.byte	0x35
 847 0359 6B000000 		.4byte	0x6b
 848 035d 00000000 		.4byte	.LFB39
 849 0361 14000000 		.4byte	.LFE39-.LFB39
 850 0365 01       		.uleb128 0x1
 851 0366 9C       		.byte	0x9c
 852 0367 79030000 		.4byte	0x379
 853 036b 12       		.uleb128 0x12
 854 036c 7100     		.ascii	"q\000"
 855 036e 01       		.byte	0x1
ARM GAS  C:\Users\tiantiaf\AppData\Local\Temp\ccK6CmFq.s 			page 18


 856 036f 35       		.byte	0x35
 857 0370 25030000 		.4byte	0x325
 858 0374 3A000000 		.4byte	.LLST1
 859 0378 00       		.byte	0
 860 0379 13       		.uleb128 0x13
 861 037a 61030000 		.4byte	.LASF97
 862 037e 01       		.byte	0x1
 863 037f 3D       		.byte	0x3d
 864 0380 00000000 		.4byte	.LFB40
 865 0384 54000000 		.4byte	.LFE40-.LFB40
 866 0388 01       		.uleb128 0x1
 867 0389 9C       		.byte	0x9c
 868 038a D2030000 		.4byte	0x3d2
 869 038e 12       		.uleb128 0x12
 870 038f 7100     		.ascii	"q\000"
 871 0391 01       		.byte	0x1
 872 0392 3D       		.byte	0x3d
 873 0393 25030000 		.4byte	0x325
 874 0397 74000000 		.4byte	.LLST2
 875 039b 14       		.uleb128 0x14
 876 039c 32010000 		.4byte	.LASF87
 877 03a0 01       		.byte	0x1
 878 03a1 3D       		.byte	0x3d
 879 03a2 82020000 		.4byte	0x282
 880 03a6 A0000000 		.4byte	.LLST3
 881 03aa 15       		.uleb128 0x15
 882 03ab 00000000 		.4byte	.Ldebug_ranges0+0
 883 03af C1030000 		.4byte	0x3c1
 884 03b3 16       		.uleb128 0x16
 885 03b4 6900     		.ascii	"i\000"
 886 03b6 01       		.byte	0x1
 887 03b7 40       		.byte	0x40
 888 03b8 6B000000 		.4byte	0x6b
 889 03bc D6000000 		.4byte	.LLST4
 890 03c0 00       		.byte	0
 891 03c1 17       		.uleb128 0x17
 892 03c2 0A000000 		.4byte	.LVL10
 893 03c6 2B030000 		.4byte	0x32b
 894 03ca 18       		.uleb128 0x18
 895 03cb 01       		.uleb128 0x1
 896 03cc 50       		.byte	0x50
 897 03cd 02       		.uleb128 0x2
 898 03ce 75       		.byte	0x75
 899 03cf 00       		.sleb128 0
 900 03d0 00       		.byte	0
 901 03d1 00       		.byte	0
 902 03d2 19       		.uleb128 0x19
 903 03d3 1C0A0000 		.4byte	.LASF98
 904 03d7 01       		.byte	0x1
 905 03d8 4B       		.byte	0x4b
 906 03d9 82020000 		.4byte	0x282
 907 03dd 00000000 		.4byte	.LFB41
 908 03e1 3C000000 		.4byte	.LFE41-.LFB41
 909 03e5 01       		.uleb128 0x1
 910 03e6 9C       		.byte	0x9c
 911 03e7 18040000 		.4byte	0x418
 912 03eb 12       		.uleb128 0x12
ARM GAS  C:\Users\tiantiaf\AppData\Local\Temp\ccK6CmFq.s 			page 19


 913 03ec 7100     		.ascii	"q\000"
 914 03ee 01       		.byte	0x1
 915 03ef 4B       		.byte	0x4b
 916 03f0 25030000 		.4byte	0x325
 917 03f4 FF000000 		.4byte	.LLST5
 918 03f8 1A       		.uleb128 0x1a
 919 03f9 32010000 		.4byte	.LASF87
 920 03fd 01       		.byte	0x1
 921 03fe 4C       		.byte	0x4c
 922 03ff 82020000 		.4byte	0x282
 923 0403 2B010000 		.4byte	.LLST6
 924 0407 17       		.uleb128 0x17
 925 0408 08000000 		.4byte	.LVL22
 926 040c 52030000 		.4byte	0x352
 927 0410 18       		.uleb128 0x18
 928 0411 01       		.uleb128 0x1
 929 0412 50       		.byte	0x50
 930 0413 02       		.uleb128 0x2
 931 0414 74       		.byte	0x74
 932 0415 00       		.sleb128 0
 933 0416 00       		.byte	0
 934 0417 00       		.byte	0
 935 0418 19       		.uleb128 0x19
 936 0419 80010000 		.4byte	.LASF99
 937 041d 01       		.byte	0x1
 938 041e 56       		.byte	0x56
 939 041f 82020000 		.4byte	0x282
 940 0423 00000000 		.4byte	.LFB42
 941 0427 34000000 		.4byte	.LFE42-.LFB42
 942 042b 01       		.uleb128 0x1
 943 042c 9C       		.byte	0x9c
 944 042d 7C040000 		.4byte	0x47c
 945 0431 12       		.uleb128 0x12
 946 0432 7100     		.ascii	"q\000"
 947 0434 01       		.byte	0x1
 948 0435 56       		.byte	0x56
 949 0436 25030000 		.4byte	0x325
 950 043a 49010000 		.4byte	.LLST7
 951 043e 14       		.uleb128 0x14
 952 043f EC010000 		.4byte	.LASF100
 953 0443 01       		.byte	0x1
 954 0444 56       		.byte	0x56
 955 0445 6B000000 		.4byte	0x6b
 956 0449 75010000 		.4byte	.LLST8
 957 044d 1A       		.uleb128 0x1a
 958 044e 6D020000 		.4byte	.LASF101
 959 0452 01       		.byte	0x1
 960 0453 57       		.byte	0x57
 961 0454 77000000 		.4byte	0x77
 962 0458 96010000 		.4byte	.LLST9
 963 045c 1A       		.uleb128 0x1a
 964 045d 32010000 		.4byte	.LASF87
 965 0461 01       		.byte	0x1
 966 0462 58       		.byte	0x58
 967 0463 82020000 		.4byte	0x282
 968 0467 B5010000 		.4byte	.LLST10
 969 046b 17       		.uleb128 0x17
ARM GAS  C:\Users\tiantiaf\AppData\Local\Temp\ccK6CmFq.s 			page 20


 970 046c 0A000000 		.4byte	.LVL30
 971 0470 52030000 		.4byte	0x352
 972 0474 18       		.uleb128 0x18
 973 0475 01       		.uleb128 0x1
 974 0476 50       		.byte	0x50
 975 0477 02       		.uleb128 0x2
 976 0478 75       		.byte	0x75
 977 0479 00       		.sleb128 0
 978 047a 00       		.byte	0
 979 047b 00       		.byte	0
 980 047c 11       		.uleb128 0x11
 981 047d 79020000 		.4byte	.LASF102
 982 0481 01       		.byte	0x1
 983 0482 60       		.byte	0x60
 984 0483 82020000 		.4byte	0x282
 985 0487 00000000 		.4byte	.LFB43
 986 048b 24000000 		.4byte	.LFE43-.LFB43
 987 048f 01       		.uleb128 0x1
 988 0490 9C       		.byte	0x9c
 989 0491 D1040000 		.4byte	0x4d1
 990 0495 12       		.uleb128 0x12
 991 0496 7100     		.ascii	"q\000"
 992 0498 01       		.byte	0x1
 993 0499 60       		.byte	0x60
 994 049a 25030000 		.4byte	0x325
 995 049e D3010000 		.4byte	.LLST11
 996 04a2 1A       		.uleb128 0x1a
 997 04a3 6D020000 		.4byte	.LASF101
 998 04a7 01       		.byte	0x1
 999 04a8 61       		.byte	0x61
 1000 04a9 77000000 		.4byte	0x77
 1001 04ad FF010000 		.4byte	.LLST12
 1002 04b1 1A       		.uleb128 0x1a
 1003 04b2 32010000 		.4byte	.LASF87
 1004 04b6 01       		.byte	0x1
 1005 04b7 62       		.byte	0x62
 1006 04b8 82020000 		.4byte	0x282
 1007 04bc 33020000 		.4byte	.LLST13
 1008 04c0 17       		.uleb128 0x17
 1009 04c1 08000000 		.4byte	.LVL38
 1010 04c5 52030000 		.4byte	0x352
 1011 04c9 18       		.uleb128 0x18
 1012 04ca 01       		.uleb128 0x1
 1013 04cb 50       		.byte	0x50
 1014 04cc 02       		.uleb128 0x2
 1015 04cd 75       		.byte	0x75
 1016 04ce 00       		.sleb128 0
 1017 04cf 00       		.byte	0
 1018 04d0 00       		.byte	0
 1019 04d1 11       		.uleb128 0x11
 1020 04d2 B5080000 		.4byte	.LASF103
 1021 04d6 01       		.byte	0x1
 1022 04d7 6A       		.byte	0x6a
 1023 04d8 6B000000 		.4byte	0x6b
 1024 04dc 00000000 		.4byte	.LFB44
 1025 04e0 0C000000 		.4byte	.LFE44-.LFB44
 1026 04e4 01       		.uleb128 0x1
ARM GAS  C:\Users\tiantiaf\AppData\Local\Temp\ccK6CmFq.s 			page 21


 1027 04e5 9C       		.byte	0x9c
 1028 04e6 F8040000 		.4byte	0x4f8
 1029 04ea 12       		.uleb128 0x12
 1030 04eb 7100     		.ascii	"q\000"
 1031 04ed 01       		.byte	0x1
 1032 04ee 6A       		.byte	0x6a
 1033 04ef 25030000 		.4byte	0x325
 1034 04f3 51020000 		.4byte	.LLST14
 1035 04f7 00       		.byte	0
 1036 04f8 11       		.uleb128 0x11
 1037 04f9 A6090000 		.4byte	.LASF104
 1038 04fd 01       		.byte	0x1
 1039 04fe 6E       		.byte	0x6e
 1040 04ff 6B000000 		.4byte	0x6b
 1041 0503 00000000 		.4byte	.LFB45
 1042 0507 0C000000 		.4byte	.LFE45-.LFB45
 1043 050b 01       		.uleb128 0x1
 1044 050c 9C       		.byte	0x9c
 1045 050d 1F050000 		.4byte	0x51f
 1046 0511 12       		.uleb128 0x12
 1047 0512 7100     		.ascii	"q\000"
 1048 0514 01       		.byte	0x1
 1049 0515 6E       		.byte	0x6e
 1050 0516 25030000 		.4byte	0x325
 1051 051a 72020000 		.4byte	.LLST15
 1052 051e 00       		.byte	0
 1053 051f 1B       		.uleb128 0x1b
 1054 0520 60040000 		.4byte	.LASF109
 1055 0524 01       		.byte	0x1
 1056 0525 11       		.byte	0x11
 1057 0526 EC020000 		.4byte	0x2ec
 1058 052a 05       		.uleb128 0x5
 1059 052b 03       		.byte	0x3
 1060 052c 00000000 		.4byte	pulse_raw_data
 1061 0530 00       		.byte	0
 1062              		.section	.debug_abbrev,"",%progbits
 1063              	.Ldebug_abbrev0:
 1064 0000 01       		.uleb128 0x1
 1065 0001 11       		.uleb128 0x11
 1066 0002 01       		.byte	0x1
 1067 0003 25       		.uleb128 0x25
 1068 0004 0E       		.uleb128 0xe
 1069 0005 13       		.uleb128 0x13
 1070 0006 0B       		.uleb128 0xb
 1071 0007 03       		.uleb128 0x3
 1072 0008 0E       		.uleb128 0xe
 1073 0009 1B       		.uleb128 0x1b
 1074 000a 0E       		.uleb128 0xe
 1075 000b 55       		.uleb128 0x55
 1076 000c 17       		.uleb128 0x17
 1077 000d 11       		.uleb128 0x11
 1078 000e 01       		.uleb128 0x1
 1079 000f 10       		.uleb128 0x10
 1080 0010 17       		.uleb128 0x17
 1081 0011 00       		.byte	0
 1082 0012 00       		.byte	0
 1083 0013 02       		.uleb128 0x2
ARM GAS  C:\Users\tiantiaf\AppData\Local\Temp\ccK6CmFq.s 			page 22


 1084 0014 24       		.uleb128 0x24
 1085 0015 00       		.byte	0
 1086 0016 0B       		.uleb128 0xb
 1087 0017 0B       		.uleb128 0xb
 1088 0018 3E       		.uleb128 0x3e
 1089 0019 0B       		.uleb128 0xb
 1090 001a 03       		.uleb128 0x3
 1091 001b 0E       		.uleb128 0xe
 1092 001c 00       		.byte	0
 1093 001d 00       		.byte	0
 1094 001e 03       		.uleb128 0x3
 1095 001f 24       		.uleb128 0x24
 1096 0020 00       		.byte	0
 1097 0021 0B       		.uleb128 0xb
 1098 0022 0B       		.uleb128 0xb
 1099 0023 3E       		.uleb128 0x3e
 1100 0024 0B       		.uleb128 0xb
 1101 0025 03       		.uleb128 0x3
 1102 0026 08       		.uleb128 0x8
 1103 0027 00       		.byte	0
 1104 0028 00       		.byte	0
 1105 0029 04       		.uleb128 0x4
 1106 002a 16       		.uleb128 0x16
 1107 002b 00       		.byte	0
 1108 002c 03       		.uleb128 0x3
 1109 002d 0E       		.uleb128 0xe
 1110 002e 3A       		.uleb128 0x3a
 1111 002f 0B       		.uleb128 0xb
 1112 0030 3B       		.uleb128 0x3b
 1113 0031 05       		.uleb128 0x5
 1114 0032 49       		.uleb128 0x49
 1115 0033 13       		.uleb128 0x13
 1116 0034 00       		.byte	0
 1117 0035 00       		.byte	0
 1118 0036 05       		.uleb128 0x5
 1119 0037 04       		.uleb128 0x4
 1120 0038 01       		.byte	0x1
 1121 0039 0B       		.uleb128 0xb
 1122 003a 0B       		.uleb128 0xb
 1123 003b 3A       		.uleb128 0x3a
 1124 003c 0B       		.uleb128 0xb
 1125 003d 3B       		.uleb128 0x3b
 1126 003e 05       		.uleb128 0x5
 1127 003f 01       		.uleb128 0x1
 1128 0040 13       		.uleb128 0x13
 1129 0041 00       		.byte	0
 1130 0042 00       		.byte	0
 1131 0043 06       		.uleb128 0x6
 1132 0044 28       		.uleb128 0x28
 1133 0045 00       		.byte	0
 1134 0046 03       		.uleb128 0x3
 1135 0047 0E       		.uleb128 0xe
 1136 0048 1C       		.uleb128 0x1c
 1137 0049 0D       		.uleb128 0xd
 1138 004a 00       		.byte	0
 1139 004b 00       		.byte	0
 1140 004c 07       		.uleb128 0x7
ARM GAS  C:\Users\tiantiaf\AppData\Local\Temp\ccK6CmFq.s 			page 23


 1141 004d 0F       		.uleb128 0xf
 1142 004e 00       		.byte	0
 1143 004f 0B       		.uleb128 0xb
 1144 0050 0B       		.uleb128 0xb
 1145 0051 49       		.uleb128 0x49
 1146 0052 13       		.uleb128 0x13
 1147 0053 00       		.byte	0
 1148 0054 00       		.byte	0
 1149 0055 08       		.uleb128 0x8
 1150 0056 13       		.uleb128 0x13
 1151 0057 01       		.byte	0x1
 1152 0058 03       		.uleb128 0x3
 1153 0059 0E       		.uleb128 0xe
 1154 005a 0B       		.uleb128 0xb
 1155 005b 05       		.uleb128 0x5
 1156 005c 3A       		.uleb128 0x3a
 1157 005d 0B       		.uleb128 0xb
 1158 005e 3B       		.uleb128 0x3b
 1159 005f 0B       		.uleb128 0xb
 1160 0060 01       		.uleb128 0x1
 1161 0061 13       		.uleb128 0x13
 1162 0062 00       		.byte	0
 1163 0063 00       		.byte	0
 1164 0064 09       		.uleb128 0x9
 1165 0065 0D       		.uleb128 0xd
 1166 0066 00       		.byte	0
 1167 0067 03       		.uleb128 0x3
 1168 0068 0E       		.uleb128 0xe
 1169 0069 3A       		.uleb128 0x3a
 1170 006a 0B       		.uleb128 0xb
 1171 006b 3B       		.uleb128 0x3b
 1172 006c 0B       		.uleb128 0xb
 1173 006d 49       		.uleb128 0x49
 1174 006e 13       		.uleb128 0x13
 1175 006f 38       		.uleb128 0x38
 1176 0070 0B       		.uleb128 0xb
 1177 0071 00       		.byte	0
 1178 0072 00       		.byte	0
 1179 0073 0A       		.uleb128 0xa
 1180 0074 0D       		.uleb128 0xd
 1181 0075 00       		.byte	0
 1182 0076 03       		.uleb128 0x3
 1183 0077 0E       		.uleb128 0xe
 1184 0078 3A       		.uleb128 0x3a
 1185 0079 0B       		.uleb128 0xb
 1186 007a 3B       		.uleb128 0x3b
 1187 007b 0B       		.uleb128 0xb
 1188 007c 49       		.uleb128 0x49
 1189 007d 13       		.uleb128 0x13
 1190 007e 38       		.uleb128 0x38
 1191 007f 05       		.uleb128 0x5
 1192 0080 00       		.byte	0
 1193 0081 00       		.byte	0
 1194 0082 0B       		.uleb128 0xb
 1195 0083 01       		.uleb128 0x1
 1196 0084 01       		.byte	0x1
 1197 0085 49       		.uleb128 0x49
ARM GAS  C:\Users\tiantiaf\AppData\Local\Temp\ccK6CmFq.s 			page 24


 1198 0086 13       		.uleb128 0x13
 1199 0087 01       		.uleb128 0x1
 1200 0088 13       		.uleb128 0x13
 1201 0089 00       		.byte	0
 1202 008a 00       		.byte	0
 1203 008b 0C       		.uleb128 0xc
 1204 008c 21       		.uleb128 0x21
 1205 008d 00       		.byte	0
 1206 008e 49       		.uleb128 0x49
 1207 008f 13       		.uleb128 0x13
 1208 0090 2F       		.uleb128 0x2f
 1209 0091 0B       		.uleb128 0xb
 1210 0092 00       		.byte	0
 1211 0093 00       		.byte	0
 1212 0094 0D       		.uleb128 0xd
 1213 0095 16       		.uleb128 0x16
 1214 0096 00       		.byte	0
 1215 0097 03       		.uleb128 0x3
 1216 0098 0E       		.uleb128 0xe
 1217 0099 3A       		.uleb128 0x3a
 1218 009a 0B       		.uleb128 0xb
 1219 009b 3B       		.uleb128 0x3b
 1220 009c 0B       		.uleb128 0xb
 1221 009d 49       		.uleb128 0x49
 1222 009e 13       		.uleb128 0x13
 1223 009f 00       		.byte	0
 1224 00a0 00       		.byte	0
 1225 00a1 0E       		.uleb128 0xe
 1226 00a2 2E       		.uleb128 0x2e
 1227 00a3 01       		.byte	0x1
 1228 00a4 3F       		.uleb128 0x3f
 1229 00a5 19       		.uleb128 0x19
 1230 00a6 03       		.uleb128 0x3
 1231 00a7 0E       		.uleb128 0xe
 1232 00a8 3A       		.uleb128 0x3a
 1233 00a9 0B       		.uleb128 0xb
 1234 00aa 3B       		.uleb128 0x3b
 1235 00ab 0B       		.uleb128 0xb
 1236 00ac 27       		.uleb128 0x27
 1237 00ad 19       		.uleb128 0x19
 1238 00ae 11       		.uleb128 0x11
 1239 00af 01       		.uleb128 0x1
 1240 00b0 12       		.uleb128 0x12
 1241 00b1 06       		.uleb128 0x6
 1242 00b2 40       		.uleb128 0x40
 1243 00b3 18       		.uleb128 0x18
 1244 00b4 9742     		.uleb128 0x2117
 1245 00b6 19       		.uleb128 0x19
 1246 00b7 01       		.uleb128 0x1
 1247 00b8 13       		.uleb128 0x13
 1248 00b9 00       		.byte	0
 1249 00ba 00       		.byte	0
 1250 00bb 0F       		.uleb128 0xf
 1251 00bc 05       		.uleb128 0x5
 1252 00bd 00       		.byte	0
 1253 00be 03       		.uleb128 0x3
 1254 00bf 08       		.uleb128 0x8
ARM GAS  C:\Users\tiantiaf\AppData\Local\Temp\ccK6CmFq.s 			page 25


 1255 00c0 3A       		.uleb128 0x3a
 1256 00c1 0B       		.uleb128 0xb
 1257 00c2 3B       		.uleb128 0x3b
 1258 00c3 0B       		.uleb128 0xb
 1259 00c4 49       		.uleb128 0x49
 1260 00c5 13       		.uleb128 0x13
 1261 00c6 02       		.uleb128 0x2
 1262 00c7 18       		.uleb128 0x18
 1263 00c8 00       		.byte	0
 1264 00c9 00       		.byte	0
 1265 00ca 10       		.uleb128 0x10
 1266 00cb 05       		.uleb128 0x5
 1267 00cc 00       		.byte	0
 1268 00cd 03       		.uleb128 0x3
 1269 00ce 0E       		.uleb128 0xe
 1270 00cf 3A       		.uleb128 0x3a
 1271 00d0 0B       		.uleb128 0xb
 1272 00d1 3B       		.uleb128 0x3b
 1273 00d2 0B       		.uleb128 0xb
 1274 00d3 49       		.uleb128 0x49
 1275 00d4 13       		.uleb128 0x13
 1276 00d5 02       		.uleb128 0x2
 1277 00d6 18       		.uleb128 0x18
 1278 00d7 00       		.byte	0
 1279 00d8 00       		.byte	0
 1280 00d9 11       		.uleb128 0x11
 1281 00da 2E       		.uleb128 0x2e
 1282 00db 01       		.byte	0x1
 1283 00dc 3F       		.uleb128 0x3f
 1284 00dd 19       		.uleb128 0x19
 1285 00de 03       		.uleb128 0x3
 1286 00df 0E       		.uleb128 0xe
 1287 00e0 3A       		.uleb128 0x3a
 1288 00e1 0B       		.uleb128 0xb
 1289 00e2 3B       		.uleb128 0x3b
 1290 00e3 0B       		.uleb128 0xb
 1291 00e4 27       		.uleb128 0x27
 1292 00e5 19       		.uleb128 0x19
 1293 00e6 49       		.uleb128 0x49
 1294 00e7 13       		.uleb128 0x13
 1295 00e8 11       		.uleb128 0x11
 1296 00e9 01       		.uleb128 0x1
 1297 00ea 12       		.uleb128 0x12
 1298 00eb 06       		.uleb128 0x6
 1299 00ec 40       		.uleb128 0x40
 1300 00ed 18       		.uleb128 0x18
 1301 00ee 9742     		.uleb128 0x2117
 1302 00f0 19       		.uleb128 0x19
 1303 00f1 01       		.uleb128 0x1
 1304 00f2 13       		.uleb128 0x13
 1305 00f3 00       		.byte	0
 1306 00f4 00       		.byte	0
 1307 00f5 12       		.uleb128 0x12
 1308 00f6 05       		.uleb128 0x5
 1309 00f7 00       		.byte	0
 1310 00f8 03       		.uleb128 0x3
 1311 00f9 08       		.uleb128 0x8
ARM GAS  C:\Users\tiantiaf\AppData\Local\Temp\ccK6CmFq.s 			page 26


 1312 00fa 3A       		.uleb128 0x3a
 1313 00fb 0B       		.uleb128 0xb
 1314 00fc 3B       		.uleb128 0x3b
 1315 00fd 0B       		.uleb128 0xb
 1316 00fe 49       		.uleb128 0x49
 1317 00ff 13       		.uleb128 0x13
 1318 0100 02       		.uleb128 0x2
 1319 0101 17       		.uleb128 0x17
 1320 0102 00       		.byte	0
 1321 0103 00       		.byte	0
 1322 0104 13       		.uleb128 0x13
 1323 0105 2E       		.uleb128 0x2e
 1324 0106 01       		.byte	0x1
 1325 0107 3F       		.uleb128 0x3f
 1326 0108 19       		.uleb128 0x19
 1327 0109 03       		.uleb128 0x3
 1328 010a 0E       		.uleb128 0xe
 1329 010b 3A       		.uleb128 0x3a
 1330 010c 0B       		.uleb128 0xb
 1331 010d 3B       		.uleb128 0x3b
 1332 010e 0B       		.uleb128 0xb
 1333 010f 27       		.uleb128 0x27
 1334 0110 19       		.uleb128 0x19
 1335 0111 11       		.uleb128 0x11
 1336 0112 01       		.uleb128 0x1
 1337 0113 12       		.uleb128 0x12
 1338 0114 06       		.uleb128 0x6
 1339 0115 40       		.uleb128 0x40
 1340 0116 18       		.uleb128 0x18
 1341 0117 9642     		.uleb128 0x2116
 1342 0119 19       		.uleb128 0x19
 1343 011a 01       		.uleb128 0x1
 1344 011b 13       		.uleb128 0x13
 1345 011c 00       		.byte	0
 1346 011d 00       		.byte	0
 1347 011e 14       		.uleb128 0x14
 1348 011f 05       		.uleb128 0x5
 1349 0120 00       		.byte	0
 1350 0121 03       		.uleb128 0x3
 1351 0122 0E       		.uleb128 0xe
 1352 0123 3A       		.uleb128 0x3a
 1353 0124 0B       		.uleb128 0xb
 1354 0125 3B       		.uleb128 0x3b
 1355 0126 0B       		.uleb128 0xb
 1356 0127 49       		.uleb128 0x49
 1357 0128 13       		.uleb128 0x13
 1358 0129 02       		.uleb128 0x2
 1359 012a 17       		.uleb128 0x17
 1360 012b 00       		.byte	0
 1361 012c 00       		.byte	0
 1362 012d 15       		.uleb128 0x15
 1363 012e 0B       		.uleb128 0xb
 1364 012f 01       		.byte	0x1
 1365 0130 55       		.uleb128 0x55
 1366 0131 17       		.uleb128 0x17
 1367 0132 01       		.uleb128 0x1
 1368 0133 13       		.uleb128 0x13
ARM GAS  C:\Users\tiantiaf\AppData\Local\Temp\ccK6CmFq.s 			page 27


 1369 0134 00       		.byte	0
 1370 0135 00       		.byte	0
 1371 0136 16       		.uleb128 0x16
 1372 0137 34       		.uleb128 0x34
 1373 0138 00       		.byte	0
 1374 0139 03       		.uleb128 0x3
 1375 013a 08       		.uleb128 0x8
 1376 013b 3A       		.uleb128 0x3a
 1377 013c 0B       		.uleb128 0xb
 1378 013d 3B       		.uleb128 0x3b
 1379 013e 0B       		.uleb128 0xb
 1380 013f 49       		.uleb128 0x49
 1381 0140 13       		.uleb128 0x13
 1382 0141 02       		.uleb128 0x2
 1383 0142 17       		.uleb128 0x17
 1384 0143 00       		.byte	0
 1385 0144 00       		.byte	0
 1386 0145 17       		.uleb128 0x17
 1387 0146 898201   		.uleb128 0x4109
 1388 0149 01       		.byte	0x1
 1389 014a 11       		.uleb128 0x11
 1390 014b 01       		.uleb128 0x1
 1391 014c 31       		.uleb128 0x31
 1392 014d 13       		.uleb128 0x13
 1393 014e 00       		.byte	0
 1394 014f 00       		.byte	0
 1395 0150 18       		.uleb128 0x18
 1396 0151 8A8201   		.uleb128 0x410a
 1397 0154 00       		.byte	0
 1398 0155 02       		.uleb128 0x2
 1399 0156 18       		.uleb128 0x18
 1400 0157 9142     		.uleb128 0x2111
 1401 0159 18       		.uleb128 0x18
 1402 015a 00       		.byte	0
 1403 015b 00       		.byte	0
 1404 015c 19       		.uleb128 0x19
 1405 015d 2E       		.uleb128 0x2e
 1406 015e 01       		.byte	0x1
 1407 015f 3F       		.uleb128 0x3f
 1408 0160 19       		.uleb128 0x19
 1409 0161 03       		.uleb128 0x3
 1410 0162 0E       		.uleb128 0xe
 1411 0163 3A       		.uleb128 0x3a
 1412 0164 0B       		.uleb128 0xb
 1413 0165 3B       		.uleb128 0x3b
 1414 0166 0B       		.uleb128 0xb
 1415 0167 27       		.uleb128 0x27
 1416 0168 19       		.uleb128 0x19
 1417 0169 49       		.uleb128 0x49
 1418 016a 13       		.uleb128 0x13
 1419 016b 11       		.uleb128 0x11
 1420 016c 01       		.uleb128 0x1
 1421 016d 12       		.uleb128 0x12
 1422 016e 06       		.uleb128 0x6
 1423 016f 40       		.uleb128 0x40
 1424 0170 18       		.uleb128 0x18
 1425 0171 9642     		.uleb128 0x2116
ARM GAS  C:\Users\tiantiaf\AppData\Local\Temp\ccK6CmFq.s 			page 28


 1426 0173 19       		.uleb128 0x19
 1427 0174 01       		.uleb128 0x1
 1428 0175 13       		.uleb128 0x13
 1429 0176 00       		.byte	0
 1430 0177 00       		.byte	0
 1431 0178 1A       		.uleb128 0x1a
 1432 0179 34       		.uleb128 0x34
 1433 017a 00       		.byte	0
 1434 017b 03       		.uleb128 0x3
 1435 017c 0E       		.uleb128 0xe
 1436 017d 3A       		.uleb128 0x3a
 1437 017e 0B       		.uleb128 0xb
 1438 017f 3B       		.uleb128 0x3b
 1439 0180 0B       		.uleb128 0xb
 1440 0181 49       		.uleb128 0x49
 1441 0182 13       		.uleb128 0x13
 1442 0183 02       		.uleb128 0x2
 1443 0184 17       		.uleb128 0x17
 1444 0185 00       		.byte	0
 1445 0186 00       		.byte	0
 1446 0187 1B       		.uleb128 0x1b
 1447 0188 34       		.uleb128 0x34
 1448 0189 00       		.byte	0
 1449 018a 03       		.uleb128 0x3
 1450 018b 0E       		.uleb128 0xe
 1451 018c 3A       		.uleb128 0x3a
 1452 018d 0B       		.uleb128 0xb
 1453 018e 3B       		.uleb128 0x3b
 1454 018f 0B       		.uleb128 0xb
 1455 0190 49       		.uleb128 0x49
 1456 0191 13       		.uleb128 0x13
 1457 0192 3F       		.uleb128 0x3f
 1458 0193 19       		.uleb128 0x19
 1459 0194 02       		.uleb128 0x2
 1460 0195 18       		.uleb128 0x18
 1461 0196 00       		.byte	0
 1462 0197 00       		.byte	0
 1463 0198 00       		.byte	0
 1464              		.section	.debug_loc,"",%progbits
 1465              	.Ldebug_loc0:
 1466              	.LLST0:
 1467 0000 00000000 		.4byte	.LVL1
 1468 0004 0E000000 		.4byte	.LVL2
 1469 0008 0100     		.2byte	0x1
 1470 000a 50       		.byte	0x50
 1471 000b 0E000000 		.4byte	.LVL2
 1472 000f 10000000 		.4byte	.LVL3
 1473 0013 0400     		.2byte	0x4
 1474 0015 F3       		.byte	0xf3
 1475 0016 01       		.uleb128 0x1
 1476 0017 50       		.byte	0x50
 1477 0018 9F       		.byte	0x9f
 1478 0019 10000000 		.4byte	.LVL3
 1479 001d 12000000 		.4byte	.LVL4
 1480 0021 0100     		.2byte	0x1
 1481 0023 50       		.byte	0x50
 1482 0024 12000000 		.4byte	.LVL4
ARM GAS  C:\Users\tiantiaf\AppData\Local\Temp\ccK6CmFq.s 			page 29


 1483 0028 1C000000 		.4byte	.LFE38
 1484 002c 0400     		.2byte	0x4
 1485 002e F3       		.byte	0xf3
 1486 002f 01       		.uleb128 0x1
 1487 0030 50       		.byte	0x50
 1488 0031 9F       		.byte	0x9f
 1489 0032 00000000 		.4byte	0
 1490 0036 00000000 		.4byte	0
 1491              	.LLST1:
 1492 003a 00000000 		.4byte	.LVL5
 1493 003e 0A000000 		.4byte	.LVL6
 1494 0042 0100     		.2byte	0x1
 1495 0044 50       		.byte	0x50
 1496 0045 0A000000 		.4byte	.LVL6
 1497 0049 0C000000 		.4byte	.LVL7
 1498 004d 0400     		.2byte	0x4
 1499 004f F3       		.byte	0xf3
 1500 0050 01       		.uleb128 0x1
 1501 0051 50       		.byte	0x50
 1502 0052 9F       		.byte	0x9f
 1503 0053 0C000000 		.4byte	.LVL7
 1504 0057 0E000000 		.4byte	.LVL8
 1505 005b 0100     		.2byte	0x1
 1506 005d 50       		.byte	0x50
 1507 005e 0E000000 		.4byte	.LVL8
 1508 0062 14000000 		.4byte	.LFE39
 1509 0066 0400     		.2byte	0x4
 1510 0068 F3       		.byte	0xf3
 1511 0069 01       		.uleb128 0x1
 1512 006a 50       		.byte	0x50
 1513 006b 9F       		.byte	0x9f
 1514 006c 00000000 		.4byte	0
 1515 0070 00000000 		.4byte	0
 1516              	.LLST2:
 1517 0074 00000000 		.4byte	.LVL9
 1518 0078 09000000 		.4byte	.LVL10-1
 1519 007c 0100     		.2byte	0x1
 1520 007e 50       		.byte	0x50
 1521 007f 09000000 		.4byte	.LVL10-1
 1522 0083 46000000 		.4byte	.LVL20
 1523 0087 0100     		.2byte	0x1
 1524 0089 55       		.byte	0x55
 1525 008a 46000000 		.4byte	.LVL20
 1526 008e 54000000 		.4byte	.LFE40
 1527 0092 0400     		.2byte	0x4
 1528 0094 F3       		.byte	0xf3
 1529 0095 01       		.uleb128 0x1
 1530 0096 50       		.byte	0x50
 1531 0097 9F       		.byte	0x9f
 1532 0098 00000000 		.4byte	0
 1533 009c 00000000 		.4byte	0
 1534              	.LLST3:
 1535 00a0 00000000 		.4byte	.LVL9
 1536 00a4 09000000 		.4byte	.LVL10-1
 1537 00a8 0100     		.2byte	0x1
 1538 00aa 51       		.byte	0x51
 1539 00ab 09000000 		.4byte	.LVL10-1
ARM GAS  C:\Users\tiantiaf\AppData\Local\Temp\ccK6CmFq.s 			page 30


 1540 00af 14000000 		.4byte	.LVL12
 1541 00b3 0100     		.2byte	0x1
 1542 00b5 54       		.byte	0x54
 1543 00b6 14000000 		.4byte	.LVL12
 1544 00ba 26000000 		.4byte	.LVL15
 1545 00be 0300     		.2byte	0x3
 1546 00c0 74       		.byte	0x74
 1547 00c1 02       		.sleb128 2
 1548 00c2 9F       		.byte	0x9f
 1549 00c3 26000000 		.4byte	.LVL15
 1550 00c7 30000000 		.4byte	.LVL18
 1551 00cb 0100     		.2byte	0x1
 1552 00cd 54       		.byte	0x54
 1553 00ce 00000000 		.4byte	0
 1554 00d2 00000000 		.4byte	0
 1555              	.LLST4:
 1556 00d6 10000000 		.4byte	.LVL11
 1557 00da 22000000 		.4byte	.LVL13
 1558 00de 0100     		.2byte	0x1
 1559 00e0 52       		.byte	0x52
 1560 00e1 24000000 		.4byte	.LVL14
 1561 00e5 28000000 		.4byte	.LVL16
 1562 00e9 0100     		.2byte	0x1
 1563 00eb 52       		.byte	0x52
 1564 00ec 2A000000 		.4byte	.LVL17
 1565 00f0 3B000000 		.4byte	.LVL19-1
 1566 00f4 0100     		.2byte	0x1
 1567 00f6 52       		.byte	0x52
 1568 00f7 00000000 		.4byte	0
 1569 00fb 00000000 		.4byte	0
 1570              	.LLST5:
 1571 00ff 00000000 		.4byte	.LVL21
 1572 0103 07000000 		.4byte	.LVL22-1
 1573 0107 0100     		.2byte	0x1
 1574 0109 50       		.byte	0x50
 1575 010a 07000000 		.4byte	.LVL22-1
 1576 010e 30000000 		.4byte	.LVL26
 1577 0112 0100     		.2byte	0x1
 1578 0114 54       		.byte	0x54
 1579 0115 30000000 		.4byte	.LVL26
 1580 0119 3C000000 		.4byte	.LFE41
 1581 011d 0400     		.2byte	0x4
 1582 011f F3       		.byte	0xf3
 1583 0120 01       		.uleb128 0x1
 1584 0121 50       		.byte	0x50
 1585 0122 9F       		.byte	0x9f
 1586 0123 00000000 		.4byte	0
 1587 0127 00000000 		.4byte	0
 1588              	.LLST6:
 1589 012b 1A000000 		.4byte	.LVL23
 1590 012f 30000000 		.4byte	.LVL27
 1591 0133 0100     		.2byte	0x1
 1592 0135 55       		.byte	0x55
 1593 0136 30000000 		.4byte	.LVL27
 1594 013a 3C000000 		.4byte	.LFE41
 1595 013e 0100     		.2byte	0x1
 1596 0140 50       		.byte	0x50
ARM GAS  C:\Users\tiantiaf\AppData\Local\Temp\ccK6CmFq.s 			page 31


 1597 0141 00000000 		.4byte	0
 1598 0145 00000000 		.4byte	0
 1599              	.LLST7:
 1600 0149 00000000 		.4byte	.LVL28
 1601 014d 09000000 		.4byte	.LVL30-1
 1602 0151 0100     		.2byte	0x1
 1603 0153 50       		.byte	0x50
 1604 0154 09000000 		.4byte	.LVL30-1
 1605 0158 2C000000 		.4byte	.LVL35
 1606 015c 0100     		.2byte	0x1
 1607 015e 55       		.byte	0x55
 1608 015f 2C000000 		.4byte	.LVL35
 1609 0163 34000000 		.4byte	.LFE42
 1610 0167 0400     		.2byte	0x4
 1611 0169 F3       		.byte	0xf3
 1612 016a 01       		.uleb128 0x1
 1613 016b 50       		.byte	0x50
 1614 016c 9F       		.byte	0x9f
 1615 016d 00000000 		.4byte	0
 1616 0171 00000000 		.4byte	0
 1617              	.LLST8:
 1618 0175 00000000 		.4byte	.LVL28
 1619 0179 09000000 		.4byte	.LVL30-1
 1620 017d 0100     		.2byte	0x1
 1621 017f 51       		.byte	0x51
 1622 0180 09000000 		.4byte	.LVL30-1
 1623 0184 34000000 		.4byte	.LFE42
 1624 0188 0400     		.2byte	0x4
 1625 018a F3       		.byte	0xf3
 1626 018b 01       		.uleb128 0x1
 1627 018c 51       		.byte	0x51
 1628 018d 9F       		.byte	0x9f
 1629 018e 00000000 		.4byte	0
 1630 0192 00000000 		.4byte	0
 1631              	.LLST9:
 1632 0196 06000000 		.4byte	.LVL29
 1633 019a 1E000000 		.4byte	.LVL31
 1634 019e 0200     		.2byte	0x2
 1635 01a0 30       		.byte	0x30
 1636 01a1 9F       		.byte	0x9f
 1637 01a2 1E000000 		.4byte	.LVL31
 1638 01a6 20000000 		.4byte	.LVL32
 1639 01aa 0100     		.2byte	0x1
 1640 01ac 51       		.byte	0x51
 1641 01ad 00000000 		.4byte	0
 1642 01b1 00000000 		.4byte	0
 1643              	.LLST10:
 1644 01b5 2A000000 		.4byte	.LVL33
 1645 01b9 2C000000 		.4byte	.LVL34
 1646 01bd 0100     		.2byte	0x1
 1647 01bf 54       		.byte	0x54
 1648 01c0 2C000000 		.4byte	.LVL34
 1649 01c4 34000000 		.4byte	.LFE42
 1650 01c8 0100     		.2byte	0x1
 1651 01ca 50       		.byte	0x50
 1652 01cb 00000000 		.4byte	0
 1653 01cf 00000000 		.4byte	0
ARM GAS  C:\Users\tiantiaf\AppData\Local\Temp\ccK6CmFq.s 			page 32


 1654              	.LLST11:
 1655 01d3 00000000 		.4byte	.LVL36
 1656 01d7 07000000 		.4byte	.LVL38-1
 1657 01db 0100     		.2byte	0x1
 1658 01dd 50       		.byte	0x50
 1659 01de 07000000 		.4byte	.LVL38-1
 1660 01e2 1E000000 		.4byte	.LVL43
 1661 01e6 0100     		.2byte	0x1
 1662 01e8 55       		.byte	0x55
 1663 01e9 1E000000 		.4byte	.LVL43
 1664 01ed 24000000 		.4byte	.LFE43
 1665 01f1 0400     		.2byte	0x4
 1666 01f3 F3       		.byte	0xf3
 1667 01f4 01       		.uleb128 0x1
 1668 01f5 50       		.byte	0x50
 1669 01f6 9F       		.byte	0x9f
 1670 01f7 00000000 		.4byte	0
 1671 01fb 00000000 		.4byte	0
 1672              	.LLST12:
 1673 01ff 04000000 		.4byte	.LVL37
 1674 0203 14000000 		.4byte	.LVL39
 1675 0207 0200     		.2byte	0x2
 1676 0209 30       		.byte	0x30
 1677 020a 9F       		.byte	0x9f
 1678 020b 14000000 		.4byte	.LVL39
 1679 020f 18000000 		.4byte	.LVL40
 1680 0213 0100     		.2byte	0x1
 1681 0215 50       		.byte	0x50
 1682 0216 18000000 		.4byte	.LVL40
 1683 021a 1C000000 		.4byte	.LVL41
 1684 021e 0B00     		.2byte	0xb
 1685 0220 75       		.byte	0x75
 1686 0221 C906     		.sleb128 841
 1687 0223 94       		.byte	0x94
 1688 0224 01       		.byte	0x1
 1689 0225 08       		.byte	0x8
 1690 0226 FF       		.byte	0xff
 1691 0227 1A       		.byte	0x1a
 1692 0228 31       		.byte	0x31
 1693 0229 1C       		.byte	0x1c
 1694 022a 9F       		.byte	0x9f
 1695 022b 00000000 		.4byte	0
 1696 022f 00000000 		.4byte	0
 1697              	.LLST13:
 1698 0233 1C000000 		.4byte	.LVL41
 1699 0237 1E000000 		.4byte	.LVL42
 1700 023b 0100     		.2byte	0x1
 1701 023d 54       		.byte	0x54
 1702 023e 1E000000 		.4byte	.LVL42
 1703 0242 24000000 		.4byte	.LFE43
 1704 0246 0100     		.2byte	0x1
 1705 0248 50       		.byte	0x50
 1706 0249 00000000 		.4byte	0
 1707 024d 00000000 		.4byte	0
 1708              	.LLST14:
 1709 0251 00000000 		.4byte	.LVL44
 1710 0255 04000000 		.4byte	.LVL45
ARM GAS  C:\Users\tiantiaf\AppData\Local\Temp\ccK6CmFq.s 			page 33


 1711 0259 0100     		.2byte	0x1
 1712 025b 50       		.byte	0x50
 1713 025c 04000000 		.4byte	.LVL45
 1714 0260 0C000000 		.4byte	.LFE44
 1715 0264 0400     		.2byte	0x4
 1716 0266 F3       		.byte	0xf3
 1717 0267 01       		.uleb128 0x1
 1718 0268 50       		.byte	0x50
 1719 0269 9F       		.byte	0x9f
 1720 026a 00000000 		.4byte	0
 1721 026e 00000000 		.4byte	0
 1722              	.LLST15:
 1723 0272 00000000 		.4byte	.LVL46
 1724 0276 04000000 		.4byte	.LVL47
 1725 027a 0100     		.2byte	0x1
 1726 027c 50       		.byte	0x50
 1727 027d 04000000 		.4byte	.LVL47
 1728 0281 0C000000 		.4byte	.LFE45
 1729 0285 0400     		.2byte	0x4
 1730 0287 F3       		.byte	0xf3
 1731 0288 01       		.uleb128 0x1
 1732 0289 50       		.byte	0x50
 1733 028a 9F       		.byte	0x9f
 1734 028b 00000000 		.4byte	0
 1735 028f 00000000 		.4byte	0
 1736              		.section	.debug_aranges,"",%progbits
 1737 0000 5C000000 		.4byte	0x5c
 1738 0004 0200     		.2byte	0x2
 1739 0006 00000000 		.4byte	.Ldebug_info0
 1740 000a 04       		.byte	0x4
 1741 000b 00       		.byte	0
 1742 000c 0000     		.2byte	0
 1743 000e 0000     		.2byte	0
 1744 0010 00000000 		.4byte	.LFB37
 1745 0014 24000000 		.4byte	.LFE37-.LFB37
 1746 0018 00000000 		.4byte	.LFB38
 1747 001c 1C000000 		.4byte	.LFE38-.LFB38
 1748 0020 00000000 		.4byte	.LFB39
 1749 0024 14000000 		.4byte	.LFE39-.LFB39
 1750 0028 00000000 		.4byte	.LFB40
 1751 002c 54000000 		.4byte	.LFE40-.LFB40
 1752 0030 00000000 		.4byte	.LFB41
 1753 0034 3C000000 		.4byte	.LFE41-.LFB41
 1754 0038 00000000 		.4byte	.LFB42
 1755 003c 34000000 		.4byte	.LFE42-.LFB42
 1756 0040 00000000 		.4byte	.LFB43
 1757 0044 24000000 		.4byte	.LFE43-.LFB43
 1758 0048 00000000 		.4byte	.LFB44
 1759 004c 0C000000 		.4byte	.LFE44-.LFB44
 1760 0050 00000000 		.4byte	.LFB45
 1761 0054 0C000000 		.4byte	.LFE45-.LFB45
 1762 0058 00000000 		.4byte	0
 1763 005c 00000000 		.4byte	0
 1764              		.section	.debug_ranges,"",%progbits
 1765              	.Ldebug_ranges0:
 1766 0000 10000000 		.4byte	.LBB2
 1767 0004 28000000 		.4byte	.LBE2
ARM GAS  C:\Users\tiantiaf\AppData\Local\Temp\ccK6CmFq.s 			page 34


 1768 0008 2A000000 		.4byte	.LBB3
 1769 000c 46000000 		.4byte	.LBE3
 1770 0010 00000000 		.4byte	0
 1771 0014 00000000 		.4byte	0
 1772 0018 00000000 		.4byte	.LFB37
 1773 001c 24000000 		.4byte	.LFE37
 1774 0020 00000000 		.4byte	.LFB38
 1775 0024 1C000000 		.4byte	.LFE38
 1776 0028 00000000 		.4byte	.LFB39
 1777 002c 14000000 		.4byte	.LFE39
 1778 0030 00000000 		.4byte	.LFB40
 1779 0034 54000000 		.4byte	.LFE40
 1780 0038 00000000 		.4byte	.LFB41
 1781 003c 3C000000 		.4byte	.LFE41
 1782 0040 00000000 		.4byte	.LFB42
 1783 0044 34000000 		.4byte	.LFE42
 1784 0048 00000000 		.4byte	.LFB43
 1785 004c 24000000 		.4byte	.LFE43
 1786 0050 00000000 		.4byte	.LFB44
 1787 0054 0C000000 		.4byte	.LFE44
 1788 0058 00000000 		.4byte	.LFB45
 1789 005c 0C000000 		.4byte	.LFE45
 1790 0060 00000000 		.4byte	0
 1791 0064 00000000 		.4byte	0
 1792              		.section	.debug_line,"",%progbits
 1793              	.Ldebug_line0:
 1794 0000 34010000 		.section	.debug_str,"MS",%progbits,1
 1794      02006C00 
 1794      00000201 
 1794      FB0E0D00 
 1794      01010101 
 1795              	.LASF24:
 1796 0000 4359424C 		.ascii	"CYBLE_EVT_GAP_PASSKEY_ENTRY_REQUEST\000"
 1796      455F4556 
 1796      545F4741 
 1796      505F5041 
 1796      53534B45 
 1797              	.LASF59:
 1798 0024 4359424C 		.ascii	"CYBLE_EVT_GATTC_WRITE_RSP\000"
 1798      455F4556 
 1798      545F4741 
 1798      5454435F 
 1798      57524954 
 1799              	.LASF21:
 1800 003e 4359424C 		.ascii	"CYBLE_EVT_MEMORY_REQUEST\000"
 1800      455F4556 
 1800      545F4D45 
 1800      4D4F5259 
 1800      5F524551 
 1801              	.LASF46:
 1802 0057 4359424C 		.ascii	"CYBLE_EVT_GATTC_ERROR_RSP\000"
 1802      455F4556 
 1802      545F4741 
 1802      5454435F 
 1802      4552524F 
 1803              	.LASF36:
 1804 0071 4359424C 		.ascii	"CYBLE_EVT_GAP_KEYPRESS_NOTIFICATION\000"
ARM GAS  C:\Users\tiantiaf\AppData\Local\Temp\ccK6CmFq.s 			page 35


 1804      455F4556 
 1804      545F4741 
 1804      505F4B45 
 1804      59505245 
 1805              	.LASF2:
 1806 0095 73686F72 		.ascii	"short int\000"
 1806      7420696E 
 1806      7400
 1807              	.LASF27:
 1808 009f 4359424C 		.ascii	"CYBLE_EVT_GAP_AUTH_FAILED\000"
 1808      455F4556 
 1808      545F4741 
 1808      505F4155 
 1808      54485F46 
 1809              	.LASF48:
 1810 00b9 4359424C 		.ascii	"CYBLE_EVT_GATT_DISCONNECT_IND\000"
 1810      455F4556 
 1810      545F4741 
 1810      54545F44 
 1810      4953434F 
 1811              	.LASF14:
 1812 00d7 73697A65 		.ascii	"sizetype\000"
 1812      74797065 
 1812      00
 1813              	.LASF38:
 1814 00e0 4359424C 		.ascii	"CYBLE_EVT_GAP_DATA_LENGTH_CHANGE\000"
 1814      455F4556 
 1814      545F4741 
 1814      505F4441 
 1814      54415F4C 
 1815              	.LASF7:
 1816 0101 6C6F6E67 		.ascii	"long long unsigned int\000"
 1816      206C6F6E 
 1816      6720756E 
 1816      7369676E 
 1816      65642069 
 1817              	.LASF93:
 1818 0118 73697A65 		.ascii	"sizeOfQueue\000"
 1818      4F665175 
 1818      65756500 
 1819              	.LASF6:
 1820 0124 6C6F6E67 		.ascii	"long long int\000"
 1820      206C6F6E 
 1820      6720696E 
 1820      7400
 1821              	.LASF87:
 1822 0132 64617461 		.ascii	"data\000"
 1822      00
 1823              	.LASF19:
 1824 0137 4359424C 		.ascii	"CYBLE_EVT_HCI_STATUS\000"
 1824      455F4556 
 1824      545F4843 
 1824      495F5354 
 1824      41545553 
 1825              	.LASF52:
 1826 014c 4359424C 		.ascii	"CYBLE_EVT_GATTC_READ_BY_TYPE_RSP\000"
 1826      455F4556 
ARM GAS  C:\Users\tiantiaf\AppData\Local\Temp\ccK6CmFq.s 			page 36


 1826      545F4741 
 1826      5454435F 
 1826      52454144 
 1827              	.LASF16:
 1828 016d 4359424C 		.ascii	"CYBLE_EVT_STACK_ON\000"
 1828      455F4556 
 1828      545F5354 
 1828      41434B5F 
 1828      4F4E00
 1829              	.LASF99:
 1830 0180 44617461 		.ascii	"DataQueue_GetData\000"
 1830      51756575 
 1830      655F4765 
 1830      74446174 
 1830      6100
 1831              	.LASF45:
 1832 0192 4359424C 		.ascii	"CYBLE_EVT_GAP_SMP_LOC_P256_KEYS_GEN_AND_SET_COMPLET"
 1832      455F4556 
 1832      545F4741 
 1832      505F534D 
 1832      505F4C4F 
 1833 01c5 4500     		.ascii	"E\000"
 1834              	.LASF49:
 1835 01c7 4359424C 		.ascii	"CYBLE_EVT_GATTS_XCNHG_MTU_REQ\000"
 1835      455F4556 
 1835      545F4741 
 1835      5454535F 
 1835      58434E48 
 1836              	.LASF10:
 1837 01e5 75696E74 		.ascii	"uint16\000"
 1837      313600
 1838              	.LASF100:
 1839 01ec 696E6465 		.ascii	"index\000"
 1839      7800
 1840              	.LASF34:
 1841 01f2 4359424C 		.ascii	"CYBLE_EVT_GAP_KEYINFO_EXCHNGE_CMPLT\000"
 1841      455F4556 
 1841      545F4741 
 1841      505F4B45 
 1841      59494E46 
 1842              	.LASF57:
 1843 0216 4359424C 		.ascii	"CYBLE_EVT_GATTC_READ_MULTI_RSP\000"
 1843      455F4556 
 1843      545F4741 
 1843      5454435F 
 1843      52454144 
 1844              	.LASF66:
 1845 0235 4359424C 		.ascii	"CYBLE_EVT_GATTS_HANDLE_VALUE_CNF\000"
 1845      455F4556 
 1845      545F4741 
 1845      5454535F 
 1845      48414E44 
 1846              	.LASF15:
 1847 0256 4359424C 		.ascii	"CYBLE_EVT_HOST_INVALID\000"
 1847      455F4556 
 1847      545F484F 
 1847      53545F49 
ARM GAS  C:\Users\tiantiaf\AppData\Local\Temp\ccK6CmFq.s 			page 37


 1847      4E56414C 
 1848              	.LASF101:
 1849 026d 61637475 		.ascii	"actualIndex\000"
 1849      616C496E 
 1849      64657800 
 1850              	.LASF102:
 1851 0279 44617461 		.ascii	"DataQueue_Peek\000"
 1851      51756575 
 1851      655F5065 
 1851      656B00
 1852              	.LASF77:
 1853 0288 4359424C 		.ascii	"CYBLE_EVT_L2CAP_CBFC_DISCONN_CNF\000"
 1853      455F4556 
 1853      545F4C32 
 1853      4341505F 
 1853      43424643 
 1854              	.LASF107:
 1855 02a9 473A5C47 		.ascii	"G:\\GitHub_Code\\firmware_pulse\\fw-pulse\\fw-BLE-M"
 1855      69744875 
 1855      625F436F 
 1855      64655C66 
 1855      69726D77 
 1856 02d8 6F746F72 		.ascii	"otor\\fw-stone\\Pulse.cydsn\000"
 1856      5C66772D 
 1856      73746F6E 
 1856      655C5075 
 1856      6C73652E 
 1857              	.LASF11:
 1858 02f2 666C6F61 		.ascii	"float\000"
 1858      7400
 1859              	.LASF55:
 1860 02f8 4359424C 		.ascii	"CYBLE_EVT_GATTC_READ_RSP\000"
 1860      455F4556 
 1860      545F4741 
 1860      5454435F 
 1860      52454144 
 1861              	.LASF35:
 1862 0311 4359424C 		.ascii	"CYBLE_EVT_GAP_NUMERIC_COMPARISON_REQUEST\000"
 1862      455F4556 
 1862      545F4741 
 1862      505F4E55 
 1862      4D455249 
 1863              	.LASF40:
 1864 033a 4359424C 		.ascii	"CYBLE_EVT_GAPC_DIRECT_ADV_REPORT\000"
 1864      455F4556 
 1864      545F4741 
 1864      50435F44 
 1864      49524543 
 1865              	.LASF88:
 1866 035b 66726F6E 		.ascii	"front\000"
 1866      7400
 1867              	.LASF97:
 1868 0361 44617461 		.ascii	"DataQueue_AddData\000"
 1868      51756575 
 1868      655F4164 
 1868      64446174 
 1868      6100
ARM GAS  C:\Users\tiantiaf\AppData\Local\Temp\ccK6CmFq.s 			page 38


 1869              	.LASF108:
 1870 0373 44617461 		.ascii	"DataQueue\000"
 1870      51756575 
 1870      6500
 1871              	.LASF44:
 1872 037d 4359424C 		.ascii	"CYBLE_EVT_GAP_AUTH_REQ_REPLY_ERR\000"
 1872      455F4556 
 1872      545F4741 
 1872      505F4155 
 1872      54485F52 
 1873              	.LASF4:
 1874 039e 6C6F6E67 		.ascii	"long int\000"
 1874      20696E74 
 1874      00
 1875              	.LASF65:
 1876 03a7 4359424C 		.ascii	"CYBLE_EVT_GATTC_HANDLE_VALUE_IND\000"
 1876      455F4556 
 1876      545F4741 
 1876      5454435F 
 1876      48414E44 
 1877              	.LASF89:
 1878 03c8 72656172 		.ascii	"rear\000"
 1878      00
 1879              	.LASF29:
 1880 03cd 4359424C 		.ascii	"CYBLE_EVT_GAP_DEVICE_CONNECTED\000"
 1880      455F4556 
 1880      545F4741 
 1880      505F4445 
 1880      56494345 
 1881              	.LASF96:
 1882 03ec 44617461 		.ascii	"DataQueue_Init\000"
 1882      51756575 
 1882      655F496E 
 1882      697400
 1883              	.LASF28:
 1884 03fb 4359424C 		.ascii	"CYBLE_EVT_GAPP_ADVERTISEMENT_START_STOP\000"
 1884      455F4556 
 1884      545F4741 
 1884      50505F41 
 1884      44564552 
 1885              	.LASF64:
 1886 0423 4359424C 		.ascii	"CYBLE_EVT_GATTC_HANDLE_VALUE_NTF\000"
 1886      455F4556 
 1886      545F4741 
 1886      5454435F 
 1886      48414E44 
 1887              	.LASF20:
 1888 0444 4359424C 		.ascii	"CYBLE_EVT_STACK_BUSY_STATUS\000"
 1888      455F4556 
 1888      545F5354 
 1888      41434B5F 
 1888      42555359 
 1889              	.LASF109:
 1890 0460 70756C73 		.ascii	"pulse_raw_data\000"
 1890      655F7261 
 1890      775F6461 
 1890      746100
ARM GAS  C:\Users\tiantiaf\AppData\Local\Temp\ccK6CmFq.s 			page 39


 1891              	.LASF25:
 1892 046f 4359424C 		.ascii	"CYBLE_EVT_GAP_PASSKEY_DISPLAY_REQUEST\000"
 1892      455F4556 
 1892      545F4741 
 1892      505F5041 
 1892      53534B45 
 1893              	.LASF105:
 1894 0495 474E5520 		.ascii	"GNU C 4.9.3 20150303 (release) [ARM/embedded-4_9-br"
 1894      4320342E 
 1894      392E3320 
 1894      32303135 
 1894      30333033 
 1895 04c8 616E6368 		.ascii	"anch revision 221220] -mcpu=cortex-m0 -mthumb -g -O"
 1895      20726576 
 1895      6973696F 
 1895      6E203232 
 1895      31323230 
 1896 04fb 67202D66 		.ascii	"g -ffunction-sections -ffat-lto-objects\000"
 1896      66756E63 
 1896      74696F6E 
 1896      2D736563 
 1896      74696F6E 
 1897              	.LASF75:
 1898 0523 4359424C 		.ascii	"CYBLE_EVT_L2CAP_CBFC_CONN_CNF\000"
 1898      455F4556 
 1898      545F4C32 
 1898      4341505F 
 1898      43424643 
 1899              	.LASF39:
 1900 0541 4359424C 		.ascii	"CYBLE_EVT_GAP_ENHANCE_CONN_COMPLETE\000"
 1900      455F4556 
 1900      545F4741 
 1900      505F454E 
 1900      48414E43 
 1901              	.LASF9:
 1902 0565 75696E74 		.ascii	"uint8\000"
 1902      3800
 1903              	.LASF71:
 1904 056b 4359424C 		.ascii	"CYBLE_EVT_L2CAP_CONN_PARAM_UPDATE_REQ\000"
 1904      455F4556 
 1904      545F4C32 
 1904      4341505F 
 1904      434F4E4E 
 1905              	.LASF1:
 1906 0591 756E7369 		.ascii	"unsigned char\000"
 1906      676E6564 
 1906      20636861 
 1906      7200
 1907              	.LASF61:
 1908 059f 4359424C 		.ascii	"CYBLE_EVT_GATTS_PREP_WRITE_REQ\000"
 1908      455F4556 
 1908      545F4741 
 1908      5454535F 
 1908      50524550 
 1909              	.LASF83:
 1910 05be 4359424C 		.ascii	"CYBLE_EVT_LE_PING_AUTH_TIMEOUT\000"
 1910      455F4556 
ARM GAS  C:\Users\tiantiaf\AppData\Local\Temp\ccK6CmFq.s 			page 40


 1910      545F4C45 
 1910      5F50494E 
 1910      475F4155 
 1911              	.LASF53:
 1912 05dd 4359424C 		.ascii	"CYBLE_EVT_GATTC_FIND_INFO_RSP\000"
 1912      455F4556 
 1912      545F4741 
 1912      5454435F 
 1912      46494E44 
 1913              	.LASF0:
 1914 05fb 7369676E 		.ascii	"signed char\000"
 1914      65642063 
 1914      68617200 
 1915              	.LASF58:
 1916 0607 4359424C 		.ascii	"CYBLE_EVT_GATTS_WRITE_REQ\000"
 1916      455F4556 
 1916      545F4741 
 1916      5454535F 
 1916      57524954 
 1917              	.LASF54:
 1918 0621 4359424C 		.ascii	"CYBLE_EVT_GATTC_FIND_BY_TYPE_VALUE_RSP\000"
 1918      455F4556 
 1918      545F4741 
 1918      5454435F 
 1918      46494E44 
 1919              	.LASF26:
 1920 0648 4359424C 		.ascii	"CYBLE_EVT_GAP_AUTH_COMPLETE\000"
 1920      455F4556 
 1920      545F4741 
 1920      505F4155 
 1920      54485F43 
 1921              	.LASF8:
 1922 0664 756E7369 		.ascii	"unsigned int\000"
 1922      676E6564 
 1922      20696E74 
 1922      00
 1923              	.LASF47:
 1924 0671 4359424C 		.ascii	"CYBLE_EVT_GATT_CONNECT_IND\000"
 1924      455F4556 
 1924      545F4741 
 1924      54545F43 
 1924      4F4E4E45 
 1925              	.LASF5:
 1926 068c 6C6F6E67 		.ascii	"long unsigned int\000"
 1926      20756E73 
 1926      69676E65 
 1926      6420696E 
 1926      7400
 1927              	.LASF23:
 1928 069e 4359424C 		.ascii	"CYBLE_EVT_GAP_AUTH_REQ\000"
 1928      455F4556 
 1928      545F4741 
 1928      505F4155 
 1928      54485F52 
 1929              	.LASF76:
 1930 06b5 4359424C 		.ascii	"CYBLE_EVT_L2CAP_CBFC_DISCONN_IND\000"
 1930      455F4556 
ARM GAS  C:\Users\tiantiaf\AppData\Local\Temp\ccK6CmFq.s 			page 41


 1930      545F4C32 
 1930      4341505F 
 1930      43424643 
 1931              	.LASF31:
 1932 06d6 4359424C 		.ascii	"CYBLE_EVT_GAP_ENCRYPT_CHANGE\000"
 1932      455F4556 
 1932      545F4741 
 1932      505F454E 
 1932      43525950 
 1933              	.LASF42:
 1934 06f3 4359424C 		.ascii	"CYBLE_EVT_GAP_CONN_ESTB\000"
 1934      455F4556 
 1934      545F4741 
 1934      505F434F 
 1934      4E4E5F45 
 1935              	.LASF70:
 1936 070b 4359424C 		.ascii	"CYBLE_EVT_GATTC_LONG_PROCEDURE_END\000"
 1936      455F4556 
 1936      545F4741 
 1936      5454435F 
 1936      4C4F4E47 
 1937              	.LASF3:
 1938 072e 73686F72 		.ascii	"short unsigned int\000"
 1938      7420756E 
 1938      7369676E 
 1938      65642069 
 1938      6E7400
 1939              	.LASF85:
 1940 0741 4359424C 		.ascii	"CYBLE_EVT_FLASH_CORRUPT\000"
 1940      455F4556 
 1940      545F464C 
 1940      4153485F 
 1940      434F5252 
 1941              	.LASF32:
 1942 0759 4359424C 		.ascii	"CYBLE_EVT_GAP_CONNECTION_UPDATE_COMPLETE\000"
 1942      455F4556 
 1942      545F4741 
 1942      505F434F 
 1942      4E4E4543 
 1943              	.LASF41:
 1944 0782 4359424C 		.ascii	"CYBLE_EVT_GAP_SMP_NEGOTIATED_AUTH_INFO\000"
 1944      455F4556 
 1944      545F4741 
 1944      505F534D 
 1944      505F4E45 
 1945              	.LASF13:
 1946 07a9 63686172 		.ascii	"char\000"
 1946      00
 1947              	.LASF94:
 1948 07ae 44617461 		.ascii	"DataQueue_IsFull\000"
 1948      51756575 
 1948      655F4973 
 1948      46756C6C 
 1948      00
 1949              	.LASF73:
 1950 07bf 4359424C 		.ascii	"CYBLE_EVT_L2CAP_COMMAND_REJ\000"
 1950      455F4556 
ARM GAS  C:\Users\tiantiaf\AppData\Local\Temp\ccK6CmFq.s 			page 42


 1950      545F4C32 
 1950      4341505F 
 1950      434F4D4D 
 1951              	.LASF95:
 1952 07db 44617461 		.ascii	"DataQueue_IsEmpty\000"
 1952      51756575 
 1952      655F4973 
 1952      456D7074 
 1952      7900
 1953              	.LASF22:
 1954 07ed 4359424C 		.ascii	"CYBLE_EVT_GAPC_SCAN_PROGRESS_RESULT\000"
 1954      455F4556 
 1954      545F4741 
 1954      50435F53 
 1954      43414E5F 
 1955              	.LASF56:
 1956 0811 4359424C 		.ascii	"CYBLE_EVT_GATTC_READ_BLOB_RSP\000"
 1956      455F4556 
 1956      545F4741 
 1956      5454435F 
 1956      52454144 
 1957              	.LASF63:
 1958 082f 4359424C 		.ascii	"CYBLE_EVT_GATTC_EXEC_WRITE_RSP\000"
 1958      455F4556 
 1958      545F4741 
 1958      5454435F 
 1958      45584543 
 1959              	.LASF33:
 1960 084e 4359424C 		.ascii	"CYBLE_EVT_GAPC_SCAN_START_STOP\000"
 1960      455F4556 
 1960      545F4741 
 1960      50435F53 
 1960      43414E5F 
 1961              	.LASF82:
 1962 086d 4359424C 		.ascii	"CYBLE_EVT_PENDING_FLASH_WRITE\000"
 1962      455F4556 
 1962      545F5045 
 1962      4E44494E 
 1962      475F464C 
 1963              	.LASF79:
 1964 088b 4359424C 		.ascii	"CYBLE_EVT_L2CAP_CBFC_RX_CREDIT_IND\000"
 1964      455F4556 
 1964      545F4C32 
 1964      4341505F 
 1964      43424643 
 1965              	.LASF12:
 1966 08ae 646F7562 		.ascii	"double\000"
 1966      6C6500
 1967              	.LASF103:
 1968 08b5 44617461 		.ascii	"DataQueue_GetSize\000"
 1968      51756575 
 1968      655F4765 
 1968      7453697A 
 1968      6500
 1969              	.LASF92:
 1970 08c7 44415441 		.ascii	"DATA_QUEUE\000"
 1970      5F515545 
ARM GAS  C:\Users\tiantiaf\AppData\Local\Temp\ccK6CmFq.s 			page 43


 1970      554500
 1971              	.LASF80:
 1972 08d2 4359424C 		.ascii	"CYBLE_EVT_L2CAP_CBFC_TX_CREDIT_IND\000"
 1972      455F4556 
 1972      545F4C32 
 1972      4341505F 
 1972      43424643 
 1973              	.LASF90:
 1974 08f5 73697A65 		.ascii	"size\000"
 1974      00
 1975              	.LASF43:
 1976 08fa 4359424C 		.ascii	"CYBLE_EVT_GAP_SCAN_REQ_RECVD\000"
 1976      455F4556 
 1976      545F4741 
 1976      505F5343 
 1976      414E5F52 
 1977              	.LASF91:
 1978 0917 636F756E 		.ascii	"count\000"
 1978      7400
 1979              	.LASF18:
 1980 091d 4359424C 		.ascii	"CYBLE_EVT_HARDWARE_ERROR\000"
 1980      455F4556 
 1980      545F4841 
 1980      52445741 
 1980      52455F45 
 1981              	.LASF78:
 1982 0936 4359424C 		.ascii	"CYBLE_EVT_L2CAP_CBFC_DATA_READ\000"
 1982      455F4556 
 1982      545F4C32 
 1982      4341505F 
 1982      43424643 
 1983              	.LASF72:
 1984 0955 4359424C 		.ascii	"CYBLE_EVT_L2CAP_CONN_PARAM_UPDATE_RSP\000"
 1984      455F4556 
 1984      545F4C32 
 1984      4341505F 
 1984      434F4E4E 
 1985              	.LASF74:
 1986 097b 4359424C 		.ascii	"CYBLE_EVT_L2CAP_CBFC_CONN_IND\000"
 1986      455F4556 
 1986      545F4C32 
 1986      4341505F 
 1986      43424643 
 1987              	.LASF106:
 1988 0999 44617461 		.ascii	"Data_Queue.c\000"
 1988      5F517565 
 1988      75652E63 
 1988      00
 1989              	.LASF104:
 1990 09a6 44617461 		.ascii	"DataQueue_GetCount\000"
 1990      51756575 
 1990      655F4765 
 1990      74436F75 
 1990      6E7400
 1991              	.LASF51:
 1992 09b9 4359424C 		.ascii	"CYBLE_EVT_GATTC_READ_BY_GROUP_TYPE_RSP\000"
 1992      455F4556 
ARM GAS  C:\Users\tiantiaf\AppData\Local\Temp\ccK6CmFq.s 			page 44


 1992      545F4741 
 1992      5454435F 
 1992      52454144 
 1993              	.LASF60:
 1994 09e0 4359424C 		.ascii	"CYBLE_EVT_GATTS_WRITE_CMD_REQ\000"
 1994      455F4556 
 1994      545F4741 
 1994      5454535F 
 1994      57524954 
 1995              	.LASF50:
 1996 09fe 4359424C 		.ascii	"CYBLE_EVT_GATTC_XCHNG_MTU_RSP\000"
 1996      455F4556 
 1996      545F4741 
 1996      5454435F 
 1996      5843484E 
 1997              	.LASF98:
 1998 0a1c 44617461 		.ascii	"DataQueue_RemoveData\000"
 1998      51756575 
 1998      655F5265 
 1998      6D6F7665 
 1998      44617461 
 1999              	.LASF81:
 2000 0a31 4359424C 		.ascii	"CYBLE_EVT_L2CAP_CBFC_DATA_WRITE_IND\000"
 2000      455F4556 
 2000      545F4C32 
 2000      4341505F 
 2000      43424643 
 2001              	.LASF17:
 2002 0a55 4359424C 		.ascii	"CYBLE_EVT_TIMEOUT\000"
 2002      455F4556 
 2002      545F5449 
 2002      4D454F55 
 2002      5400
 2003              	.LASF86:
 2004 0a67 4359424C 		.ascii	"CYBLE_EVT_MAX\000"
 2004      455F4556 
 2004      545F4D41 
 2004      5800
 2005              	.LASF69:
 2006 0a75 4359424C 		.ascii	"CYBLE_EVT_GATTS_READ_CHAR_VAL_ACCESS_REQ\000"
 2006      455F4556 
 2006      545F4741 
 2006      5454535F 
 2006      52454144 
 2007              	.LASF68:
 2008 0a9e 4359424C 		.ascii	"CYBLE_EVT_GATTC_STOP_CMD_COMPLETE\000"
 2008      455F4556 
 2008      545F4741 
 2008      5454435F 
 2008      53544F50 
 2009              	.LASF62:
 2010 0ac0 4359424C 		.ascii	"CYBLE_EVT_GATTS_EXEC_WRITE_REQ\000"
 2010      455F4556 
 2010      545F4741 
 2010      5454535F 
 2010      45584543 
 2011              	.LASF30:
ARM GAS  C:\Users\tiantiaf\AppData\Local\Temp\ccK6CmFq.s 			page 45


 2012 0adf 4359424C 		.ascii	"CYBLE_EVT_GAP_DEVICE_DISCONNECTED\000"
 2012      455F4556 
 2012      545F4741 
 2012      505F4445 
 2012      56494345 
 2013              	.LASF67:
 2014 0b01 4359424C 		.ascii	"CYBLE_EVT_GATTS_DATA_SIGNED_CMD_REQ\000"
 2014      455F4556 
 2014      545F4741 
 2014      5454535F 
 2014      44415441 
 2015              	.LASF84:
 2016 0b25 4359424C 		.ascii	"CYBLE_EVT_HCI_PKT\000"
 2016      455F4556 
 2016      545F4843 
 2016      495F504B 
 2016      5400
 2017              	.LASF37:
 2018 0b37 4359424C 		.ascii	"CYBLE_EVT_GAP_OOB_GENERATED_NOTIFICATION\000"
 2018      455F4556 
 2018      545F4741 
 2018      505F4F4F 
 2018      425F4745 
 2019              		.ident	"GCC: (GNU Tools for ARM Embedded Processors) 4.9.3 20150303 (release) [ARM/embedded-4_9-br
