ARM GAS  C:\Users\tiantiaf\AppData\Local\Temp\ccK3ZK1x.s 			page 1


   1              		.cpu cortex-m0
   2              		.fpu softvfp
   3              		.eabi_attribute 20, 1
   4              		.eabi_attribute 21, 1
   5              		.eabi_attribute 23, 3
   6              		.eabi_attribute 24, 1
   7              		.eabi_attribute 25, 1
   8              		.eabi_attribute 26, 1
   9              		.eabi_attribute 30, 1
  10              		.eabi_attribute 34, 0
  11              		.eabi_attribute 18, 4
  12              		.code	16
  13              		.file	"Stone_LED.c"
  14              		.text
  15              	.Ltext0:
  16              		.cfi_sections	.debug_frame
  17              		.section	.text.UpdateLED,"ax",%progbits
  18              		.align	2
  19              		.global	UpdateLED
  20              		.code	16
  21              		.thumb_func
  22              		.type	UpdateLED, %function
  23              	UpdateLED:
  24              	.LFB37:
  25              		.file 1 "Stone_LED.c"
   1:Stone_LED.c   **** /* ========================================
   2:Stone_LED.c   ****  *
   3:Stone_LED.c   ****  * Tiantian Feng, 2017
   4:Stone_LED.c   ****  * All Rights Reserved
   5:Stone_LED.c   ****  * UNPUBLISHED, LICENSED SOFTWARE.
   6:Stone_LED.c   ****  *
   7:Stone_LED.c   ****  * CONFIDENTIAL AND PROPRIETARY INFORMATION
   8:Stone_LED.c   ****  * WHICH IS THE PROPERTY OF your company.
   9:Stone_LED.c   ****  *
  10:Stone_LED.c   ****  * ========================================
  11:Stone_LED.c   **** */
  12:Stone_LED.c   **** 
  13:Stone_LED.c   **** #include <main.h> 
  14:Stone_LED.c   **** #include "Stone_LED.h"
  15:Stone_LED.c   **** 
  16:Stone_LED.c   **** uint8 LED_Mode[LED_MODE_LENGTH];
  17:Stone_LED.c   **** 
  18:Stone_LED.c   **** void UpdateLED(void)
  19:Stone_LED.c   **** {
  26              		.loc 1 19 0
  27              		.cfi_startproc
  28 0000 08B5     		push	{r3, lr}
  29              		.cfi_def_cfa_offset 8
  30              		.cfi_offset 3, -8
  31              		.cfi_offset 14, -4
  20:Stone_LED.c   ****     
  21:Stone_LED.c   ****     if (LED_Mode[MODE0] == 0x01)
  32              		.loc 1 21 0
  33 0002 064B     		ldr	r3, .L4
  34 0004 1B78     		ldrb	r3, [r3]
  35 0006 012B     		cmp	r3, #1
  36 0008 03D1     		bne	.L2
ARM GAS  C:\Users\tiantiaf\AppData\Local\Temp\ccK3ZK1x.s 			page 2


  22:Stone_LED.c   ****     {
  23:Stone_LED.c   ****         LED_Write(0);
  37              		.loc 1 23 0
  38 000a 0020     		mov	r0, #0
  39 000c FFF7FEFF 		bl	LED_Write
  40              	.LVL0:
  41 0010 02E0     		b	.L1
  42              	.L2:
  24:Stone_LED.c   ****         
  25:Stone_LED.c   ****     } else {
  26:Stone_LED.c   ****         LED_Write(1);
  43              		.loc 1 26 0
  44 0012 0120     		mov	r0, #1
  45 0014 FFF7FEFF 		bl	LED_Write
  46              	.LVL1:
  47              	.L1:
  27:Stone_LED.c   ****     }
  28:Stone_LED.c   ****                 
  29:Stone_LED.c   **** }
  48              		.loc 1 29 0
  49              		@ sp needed
  50 0018 08BD     		pop	{r3, pc}
  51              	.L5:
  52 001a C046     		.align	2
  53              	.L4:
  54 001c 00000000 		.word	LED_Mode
  55              		.cfi_endproc
  56              	.LFE37:
  57              		.size	UpdateLED, .-UpdateLED
  58              		.comm	LED_Mode,4,4
  59              		.text
  60              	.Letext0:
  61              		.file 2 "Generated_Source\\PSoC4/cytypes.h"
  62              		.file 3 "Generated_Source\\PSoC4/BLE_PULSE_Stack.h"
  63              		.file 4 "Generated_Source\\PSoC4/LED.h"
  64              		.section	.debug_info,"",%progbits
  65              	.Ldebug_info0:
  66 0000 D9020000 		.4byte	0x2d9
  67 0004 0400     		.2byte	0x4
  68 0006 00000000 		.4byte	.Ldebug_abbrev0
  69 000a 04       		.byte	0x4
  70 000b 01       		.uleb128 0x1
  71 000c 40040000 		.4byte	.LASF85
  72 0010 01       		.byte	0x1
  73 0011 6D0A0000 		.4byte	.LASF86
  74 0015 4D030000 		.4byte	.LASF87
  75 0019 00000000 		.4byte	.Ldebug_ranges0+0
  76 001d 00000000 		.4byte	0
  77 0021 00000000 		.4byte	.Ldebug_line0
  78 0025 02       		.uleb128 0x2
  79 0026 01       		.byte	0x1
  80 0027 06       		.byte	0x6
  81 0028 A6050000 		.4byte	.LASF0
  82 002c 02       		.uleb128 0x2
  83 002d 01       		.byte	0x1
  84 002e 08       		.byte	0x8
  85 002f 3C050000 		.4byte	.LASF1
ARM GAS  C:\Users\tiantiaf\AppData\Local\Temp\ccK3ZK1x.s 			page 3


  86 0033 02       		.uleb128 0x2
  87 0034 02       		.byte	0x2
  88 0035 05       		.byte	0x5
  89 0036 A9000000 		.4byte	.LASF2
  90 003a 02       		.uleb128 0x2
  91 003b 02       		.byte	0x2
  92 003c 07       		.byte	0x7
  93 003d D9060000 		.4byte	.LASF3
  94 0041 02       		.uleb128 0x2
  95 0042 04       		.byte	0x4
  96 0043 05       		.byte	0x5
  97 0044 23030000 		.4byte	.LASF4
  98 0048 02       		.uleb128 0x2
  99 0049 04       		.byte	0x4
 100 004a 07       		.byte	0x7
 101 004b 37060000 		.4byte	.LASF5
 102 004f 02       		.uleb128 0x2
 103 0050 08       		.byte	0x8
 104 0051 05       		.byte	0x5
 105 0052 15010000 		.4byte	.LASF6
 106 0056 02       		.uleb128 0x2
 107 0057 08       		.byte	0x8
 108 0058 07       		.byte	0x7
 109 0059 EB020000 		.4byte	.LASF7
 110 005d 03       		.uleb128 0x3
 111 005e 04       		.byte	0x4
 112 005f 05       		.byte	0x5
 113 0060 696E7400 		.ascii	"int\000"
 114 0064 02       		.uleb128 0x2
 115 0065 04       		.byte	0x4
 116 0066 07       		.byte	0x7
 117 0067 0F060000 		.4byte	.LASF8
 118 006b 04       		.uleb128 0x4
 119 006c 10050000 		.4byte	.LASF88
 120 0070 02       		.byte	0x2
 121 0071 B901     		.2byte	0x1b9
 122 0073 2C000000 		.4byte	0x2c
 123 0077 02       		.uleb128 0x2
 124 0078 04       		.byte	0x4
 125 0079 04       		.byte	0x4
 126 007a 82020000 		.4byte	.LASF9
 127 007e 02       		.uleb128 0x2
 128 007f 08       		.byte	0x8
 129 0080 04       		.byte	0x4
 130 0081 12080000 		.4byte	.LASF10
 131 0085 02       		.uleb128 0x2
 132 0086 01       		.byte	0x1
 133 0087 08       		.byte	0x8
 134 0088 54070000 		.4byte	.LASF11
 135 008c 02       		.uleb128 0x2
 136 008d 04       		.byte	0x4
 137 008e 07       		.byte	0x7
 138 008f EB000000 		.4byte	.LASF12
 139 0093 05       		.uleb128 0x5
 140 0094 01       		.byte	0x1
 141 0095 03       		.byte	0x3
 142 0096 4D01     		.2byte	0x14d
ARM GAS  C:\Users\tiantiaf\AppData\Local\Temp\ccK3ZK1x.s 			page 4


 143 0098 76020000 		.4byte	0x276
 144 009c 06       		.uleb128 0x6
 145 009d 23020000 		.4byte	.LASF13
 146 00a1 00       		.sleb128 0
 147 00a2 06       		.uleb128 0x6
 148 00a3 59010000 		.4byte	.LASF14
 149 00a7 01       		.sleb128 1
 150 00a8 06       		.uleb128 0x6
 151 00a9 62090000 		.4byte	.LASF15
 152 00ad 02       		.sleb128 2
 153 00ae 06       		.uleb128 0x6
 154 00af 59080000 		.4byte	.LASF16
 155 00b3 03       		.sleb128 3
 156 00b4 06       		.uleb128 0x6
 157 00b5 23010000 		.4byte	.LASF17
 158 00b9 04       		.sleb128 4
 159 00ba 06       		.uleb128 0x6
 160 00bb FE030000 		.4byte	.LASF18
 161 00bf 05       		.sleb128 5
 162 00c0 06       		.uleb128 0x6
 163 00c1 48000000 		.4byte	.LASF19
 164 00c5 06       		.sleb128 6
 165 00c6 06       		.uleb128 0x6
 166 00c7 B7080000 		.4byte	.LASF20
 167 00cb 20       		.sleb128 32
 168 00cc 06       		.uleb128 0x6
 169 00cd 49060000 		.4byte	.LASF21
 170 00d1 21       		.sleb128 33
 171 00d2 06       		.uleb128 0x6
 172 00d3 0A000000 		.4byte	.LASF22
 173 00d7 22       		.sleb128 34
 174 00d8 06       		.uleb128 0x6
 175 00d9 1A040000 		.4byte	.LASF23
 176 00dd 23       		.sleb128 35
 177 00de 06       		.uleb128 0x6
 178 00df F3050000 		.4byte	.LASF24
 179 00e3 24       		.sleb128 36
 180 00e4 06       		.uleb128 0x6
 181 00e5 B3000000 		.4byte	.LASF25
 182 00e9 25       		.sleb128 37
 183 00ea 06       		.uleb128 0x6
 184 00eb B5030000 		.4byte	.LASF26
 185 00ef 26       		.sleb128 38
 186 00f0 06       		.uleb128 0x6
 187 00f1 96030000 		.4byte	.LASF27
 188 00f5 27       		.sleb128 39
 189 00f6 06       		.uleb128 0x6
 190 00f7 EC090000 		.4byte	.LASF28
 191 00fb 28       		.sleb128 40
 192 00fc 06       		.uleb128 0x6
 193 00fd 81060000 		.4byte	.LASF29
 194 0101 29       		.sleb128 41
 195 0102 06       		.uleb128 0x6
 196 0103 04070000 		.4byte	.LASF30
 197 0107 2A       		.sleb128 42
 198 0108 06       		.uleb128 0x6
 199 0109 B2070000 		.4byte	.LASF31
ARM GAS  C:\Users\tiantiaf\AppData\Local\Temp\ccK3ZK1x.s 			page 5


 200 010d 2B       		.sleb128 43
 201 010e 06       		.uleb128 0x6
 202 010f BF010000 		.4byte	.LASF32
 203 0113 2C       		.sleb128 44
 204 0114 06       		.uleb128 0x6
 205 0115 A1020000 		.4byte	.LASF33
 206 0119 2D       		.sleb128 45
 207 011a 06       		.uleb128 0x6
 208 011b 85000000 		.4byte	.LASF34
 209 011f 2E       		.sleb128 46
 210 0120 06       		.uleb128 0x6
 211 0121 440A0000 		.4byte	.LASF35
 212 0125 2F       		.sleb128 47
 213 0126 06       		.uleb128 0x6
 214 0127 F4000000 		.4byte	.LASF36
 215 012b 30       		.sleb128 48
 216 012c 06       		.uleb128 0x6
 217 012d EC040000 		.4byte	.LASF37
 218 0131 31       		.sleb128 49
 219 0132 06       		.uleb128 0x6
 220 0133 CA020000 		.4byte	.LASF38
 221 0137 32       		.sleb128 50
 222 0138 06       		.uleb128 0x6
 223 0139 2D070000 		.4byte	.LASF39
 224 013d 33       		.sleb128 51
 225 013e 06       		.uleb128 0x6
 226 013f 9E060000 		.4byte	.LASF40
 227 0143 34       		.sleb128 52
 228 0144 06       		.uleb128 0x6
 229 0145 3C080000 		.4byte	.LASF41
 230 0149 35       		.sleb128 53
 231 014a 06       		.uleb128 0x6
 232 014b 02030000 		.4byte	.LASF42
 233 014f 36       		.sleb128 54
 234 0150 06       		.uleb128 0x6
 235 0151 6C010000 		.4byte	.LASF43
 236 0155 37       		.sleb128 55
 237 0156 06       		.uleb128 0x6
 238 0157 61000000 		.4byte	.LASF44
 239 015b C000     		.sleb128 64
 240 015d 06       		.uleb128 0x6
 241 015e 1C060000 		.4byte	.LASF45
 242 0162 C100     		.sleb128 65
 243 0164 06       		.uleb128 0x6
 244 0165 CD000000 		.4byte	.LASF46
 245 0169 C200     		.sleb128 66
 246 016b 06       		.uleb128 0x6
 247 016c A1010000 		.4byte	.LASF47
 248 0170 C300     		.sleb128 67
 249 0172 06       		.uleb128 0x6
 250 0173 20090000 		.4byte	.LASF48
 251 0177 C400     		.sleb128 68
 252 0179 06       		.uleb128 0x6
 253 017a DB080000 		.4byte	.LASF49
 254 017e C500     		.sleb128 69
 255 0180 06       		.uleb128 0x6
 256 0181 38010000 		.4byte	.LASF50
ARM GAS  C:\Users\tiantiaf\AppData\Local\Temp\ccK3ZK1x.s 			page 6


 257 0185 C600     		.sleb128 70
 258 0187 06       		.uleb128 0x6
 259 0188 88050000 		.4byte	.LASF51
 260 018c C700     		.sleb128 71
 261 018e 06       		.uleb128 0x6
 262 018f CC050000 		.4byte	.LASF52
 263 0193 C800     		.sleb128 72
 264 0195 06       		.uleb128 0x6
 265 0196 88020000 		.4byte	.LASF53
 266 019a C900     		.sleb128 73
 267 019c 06       		.uleb128 0x6
 268 019d 75070000 		.4byte	.LASF54
 269 01a1 CA00     		.sleb128 74
 270 01a3 06       		.uleb128 0x6
 271 01a4 E3010000 		.4byte	.LASF55
 272 01a8 CB00     		.sleb128 75
 273 01aa 06       		.uleb128 0x6
 274 01ab B2050000 		.4byte	.LASF56
 275 01af CC00     		.sleb128 76
 276 01b1 06       		.uleb128 0x6
 277 01b2 2E000000 		.4byte	.LASF57
 278 01b6 CD00     		.sleb128 77
 279 01b8 06       		.uleb128 0x6
 280 01b9 02090000 		.4byte	.LASF58
 281 01bd CE00     		.sleb128 78
 282 01bf 06       		.uleb128 0x6
 283 01c0 4A050000 		.4byte	.LASF59
 284 01c4 CF00     		.sleb128 79
 285 01c6 06       		.uleb128 0x6
 286 01c7 CD090000 		.4byte	.LASF60
 287 01cb D000     		.sleb128 80
 288 01cd 06       		.uleb128 0x6
 289 01ce 93070000 		.4byte	.LASF61
 290 01d2 D100     		.sleb128 81
 291 01d4 06       		.uleb128 0x6
 292 01d5 DD030000 		.4byte	.LASF62
 293 01d9 D200     		.sleb128 82
 294 01db 06       		.uleb128 0x6
 295 01dc 2C030000 		.4byte	.LASF63
 296 01e0 D300     		.sleb128 83
 297 01e2 06       		.uleb128 0x6
 298 01e3 02020000 		.4byte	.LASF64
 299 01e7 D400     		.sleb128 84
 300 01e9 06       		.uleb128 0x6
 301 01ea 0E0A0000 		.4byte	.LASF65
 302 01ee D500     		.sleb128 85
 303 01f0 06       		.uleb128 0x6
 304 01f1 AB090000 		.4byte	.LASF66
 305 01f5 D600     		.sleb128 86
 306 01f7 06       		.uleb128 0x6
 307 01f8 82090000 		.4byte	.LASF67
 308 01fc D700     		.sleb128 87
 309 01fe 06       		.uleb128 0x6
 310 01ff B6060000 		.4byte	.LASF68
 311 0203 D800     		.sleb128 88
 312 0205 06       		.uleb128 0x6
 313 0206 16050000 		.4byte	.LASF69
ARM GAS  C:\Users\tiantiaf\AppData\Local\Temp\ccK3ZK1x.s 			page 7


 314 020a F000     		.sleb128 112
 315 020c 06       		.uleb128 0x6
 316 020d 91080000 		.4byte	.LASF70
 317 0211 F100     		.sleb128 113
 318 0213 06       		.uleb128 0x6
 319 0214 59070000 		.4byte	.LASF71
 320 0218 F200     		.sleb128 114
 321 021a 06       		.uleb128 0x6
 322 021b 3A020000 		.4byte	.LASF72
 323 021f F300     		.sleb128 115
 324 0221 06       		.uleb128 0x6
 325 0222 CE040000 		.4byte	.LASF73
 326 0226 F400     		.sleb128 116
 327 0228 06       		.uleb128 0x6
 328 0229 60060000 		.4byte	.LASF74
 329 022d F500     		.sleb128 117
 330 022f 06       		.uleb128 0x6
 331 0230 58020000 		.4byte	.LASF75
 332 0234 F600     		.sleb128 118
 333 0236 06       		.uleb128 0x6
 334 0237 72080000 		.4byte	.LASF76
 335 023b F700     		.sleb128 119
 336 023d 06       		.uleb128 0x6
 337 023e EF070000 		.4byte	.LASF77
 338 0242 F800     		.sleb128 120
 339 0244 06       		.uleb128 0x6
 340 0245 19080000 		.4byte	.LASF78
 341 0249 F900     		.sleb128 121
 342 024b 06       		.uleb128 0x6
 343 024c 3E090000 		.4byte	.LASF79
 344 0250 FA00     		.sleb128 122
 345 0252 06       		.uleb128 0x6
 346 0253 D1070000 		.4byte	.LASF80
 347 0257 FA01     		.sleb128 250
 348 0259 06       		.uleb128 0x6
 349 025a 69050000 		.4byte	.LASF81
 350 025e FB01     		.sleb128 251
 351 0260 06       		.uleb128 0x6
 352 0261 320A0000 		.4byte	.LASF82
 353 0265 FC01     		.sleb128 252
 354 0267 06       		.uleb128 0x6
 355 0268 EC060000 		.4byte	.LASF83
 356 026c FD01     		.sleb128 253
 357 026e 06       		.uleb128 0x6
 358 026f 74090000 		.4byte	.LASF84
 359 0273 FF01     		.sleb128 255
 360 0275 00       		.byte	0
 361 0276 07       		.uleb128 0x7
 362 0277 00000000 		.4byte	.LASF89
 363 027b 01       		.byte	0x1
 364 027c 12       		.byte	0x12
 365 027d 00000000 		.4byte	.LFB37
 366 0281 20000000 		.4byte	.LFE37-.LFB37
 367 0285 01       		.uleb128 0x1
 368 0286 9C       		.byte	0x9c
 369 0287 AE020000 		.4byte	0x2ae
 370 028b 08       		.uleb128 0x8
ARM GAS  C:\Users\tiantiaf\AppData\Local\Temp\ccK3ZK1x.s 			page 8


 371 028c 10000000 		.4byte	.LVL0
 372 0290 CF020000 		.4byte	0x2cf
 373 0294 9E020000 		.4byte	0x29e
 374 0298 09       		.uleb128 0x9
 375 0299 01       		.uleb128 0x1
 376 029a 50       		.byte	0x50
 377 029b 01       		.uleb128 0x1
 378 029c 30       		.byte	0x30
 379 029d 00       		.byte	0
 380 029e 0A       		.uleb128 0xa
 381 029f 18000000 		.4byte	.LVL1
 382 02a3 CF020000 		.4byte	0x2cf
 383 02a7 09       		.uleb128 0x9
 384 02a8 01       		.uleb128 0x1
 385 02a9 50       		.byte	0x50
 386 02aa 01       		.uleb128 0x1
 387 02ab 31       		.byte	0x31
 388 02ac 00       		.byte	0
 389 02ad 00       		.byte	0
 390 02ae 0B       		.uleb128 0xb
 391 02af 6B000000 		.4byte	0x6b
 392 02b3 BE020000 		.4byte	0x2be
 393 02b7 0C       		.uleb128 0xc
 394 02b8 8C000000 		.4byte	0x8c
 395 02bc 03       		.byte	0x3
 396 02bd 00       		.byte	0
 397 02be 0D       		.uleb128 0xd
 398 02bf 79020000 		.4byte	.LASF90
 399 02c3 01       		.byte	0x1
 400 02c4 10       		.byte	0x10
 401 02c5 AE020000 		.4byte	0x2ae
 402 02c9 05       		.uleb128 0x5
 403 02ca 03       		.byte	0x3
 404 02cb 00000000 		.4byte	LED_Mode
 405 02cf 0E       		.uleb128 0xe
 406 02d0 7B000000 		.4byte	.LASF91
 407 02d4 04       		.byte	0x4
 408 02d5 33       		.byte	0x33
 409 02d6 0F       		.uleb128 0xf
 410 02d7 6B000000 		.4byte	0x6b
 411 02db 00       		.byte	0
 412 02dc 00       		.byte	0
 413              		.section	.debug_abbrev,"",%progbits
 414              	.Ldebug_abbrev0:
 415 0000 01       		.uleb128 0x1
 416 0001 11       		.uleb128 0x11
 417 0002 01       		.byte	0x1
 418 0003 25       		.uleb128 0x25
 419 0004 0E       		.uleb128 0xe
 420 0005 13       		.uleb128 0x13
 421 0006 0B       		.uleb128 0xb
 422 0007 03       		.uleb128 0x3
 423 0008 0E       		.uleb128 0xe
 424 0009 1B       		.uleb128 0x1b
 425 000a 0E       		.uleb128 0xe
 426 000b 55       		.uleb128 0x55
 427 000c 17       		.uleb128 0x17
ARM GAS  C:\Users\tiantiaf\AppData\Local\Temp\ccK3ZK1x.s 			page 9


 428 000d 11       		.uleb128 0x11
 429 000e 01       		.uleb128 0x1
 430 000f 10       		.uleb128 0x10
 431 0010 17       		.uleb128 0x17
 432 0011 00       		.byte	0
 433 0012 00       		.byte	0
 434 0013 02       		.uleb128 0x2
 435 0014 24       		.uleb128 0x24
 436 0015 00       		.byte	0
 437 0016 0B       		.uleb128 0xb
 438 0017 0B       		.uleb128 0xb
 439 0018 3E       		.uleb128 0x3e
 440 0019 0B       		.uleb128 0xb
 441 001a 03       		.uleb128 0x3
 442 001b 0E       		.uleb128 0xe
 443 001c 00       		.byte	0
 444 001d 00       		.byte	0
 445 001e 03       		.uleb128 0x3
 446 001f 24       		.uleb128 0x24
 447 0020 00       		.byte	0
 448 0021 0B       		.uleb128 0xb
 449 0022 0B       		.uleb128 0xb
 450 0023 3E       		.uleb128 0x3e
 451 0024 0B       		.uleb128 0xb
 452 0025 03       		.uleb128 0x3
 453 0026 08       		.uleb128 0x8
 454 0027 00       		.byte	0
 455 0028 00       		.byte	0
 456 0029 04       		.uleb128 0x4
 457 002a 16       		.uleb128 0x16
 458 002b 00       		.byte	0
 459 002c 03       		.uleb128 0x3
 460 002d 0E       		.uleb128 0xe
 461 002e 3A       		.uleb128 0x3a
 462 002f 0B       		.uleb128 0xb
 463 0030 3B       		.uleb128 0x3b
 464 0031 05       		.uleb128 0x5
 465 0032 49       		.uleb128 0x49
 466 0033 13       		.uleb128 0x13
 467 0034 00       		.byte	0
 468 0035 00       		.byte	0
 469 0036 05       		.uleb128 0x5
 470 0037 04       		.uleb128 0x4
 471 0038 01       		.byte	0x1
 472 0039 0B       		.uleb128 0xb
 473 003a 0B       		.uleb128 0xb
 474 003b 3A       		.uleb128 0x3a
 475 003c 0B       		.uleb128 0xb
 476 003d 3B       		.uleb128 0x3b
 477 003e 05       		.uleb128 0x5
 478 003f 01       		.uleb128 0x1
 479 0040 13       		.uleb128 0x13
 480 0041 00       		.byte	0
 481 0042 00       		.byte	0
 482 0043 06       		.uleb128 0x6
 483 0044 28       		.uleb128 0x28
 484 0045 00       		.byte	0
ARM GAS  C:\Users\tiantiaf\AppData\Local\Temp\ccK3ZK1x.s 			page 10


 485 0046 03       		.uleb128 0x3
 486 0047 0E       		.uleb128 0xe
 487 0048 1C       		.uleb128 0x1c
 488 0049 0D       		.uleb128 0xd
 489 004a 00       		.byte	0
 490 004b 00       		.byte	0
 491 004c 07       		.uleb128 0x7
 492 004d 2E       		.uleb128 0x2e
 493 004e 01       		.byte	0x1
 494 004f 3F       		.uleb128 0x3f
 495 0050 19       		.uleb128 0x19
 496 0051 03       		.uleb128 0x3
 497 0052 0E       		.uleb128 0xe
 498 0053 3A       		.uleb128 0x3a
 499 0054 0B       		.uleb128 0xb
 500 0055 3B       		.uleb128 0x3b
 501 0056 0B       		.uleb128 0xb
 502 0057 27       		.uleb128 0x27
 503 0058 19       		.uleb128 0x19
 504 0059 11       		.uleb128 0x11
 505 005a 01       		.uleb128 0x1
 506 005b 12       		.uleb128 0x12
 507 005c 06       		.uleb128 0x6
 508 005d 40       		.uleb128 0x40
 509 005e 18       		.uleb128 0x18
 510 005f 9742     		.uleb128 0x2117
 511 0061 19       		.uleb128 0x19
 512 0062 01       		.uleb128 0x1
 513 0063 13       		.uleb128 0x13
 514 0064 00       		.byte	0
 515 0065 00       		.byte	0
 516 0066 08       		.uleb128 0x8
 517 0067 898201   		.uleb128 0x4109
 518 006a 01       		.byte	0x1
 519 006b 11       		.uleb128 0x11
 520 006c 01       		.uleb128 0x1
 521 006d 31       		.uleb128 0x31
 522 006e 13       		.uleb128 0x13
 523 006f 01       		.uleb128 0x1
 524 0070 13       		.uleb128 0x13
 525 0071 00       		.byte	0
 526 0072 00       		.byte	0
 527 0073 09       		.uleb128 0x9
 528 0074 8A8201   		.uleb128 0x410a
 529 0077 00       		.byte	0
 530 0078 02       		.uleb128 0x2
 531 0079 18       		.uleb128 0x18
 532 007a 9142     		.uleb128 0x2111
 533 007c 18       		.uleb128 0x18
 534 007d 00       		.byte	0
 535 007e 00       		.byte	0
 536 007f 0A       		.uleb128 0xa
 537 0080 898201   		.uleb128 0x4109
 538 0083 01       		.byte	0x1
 539 0084 11       		.uleb128 0x11
 540 0085 01       		.uleb128 0x1
 541 0086 31       		.uleb128 0x31
ARM GAS  C:\Users\tiantiaf\AppData\Local\Temp\ccK3ZK1x.s 			page 11


 542 0087 13       		.uleb128 0x13
 543 0088 00       		.byte	0
 544 0089 00       		.byte	0
 545 008a 0B       		.uleb128 0xb
 546 008b 01       		.uleb128 0x1
 547 008c 01       		.byte	0x1
 548 008d 49       		.uleb128 0x49
 549 008e 13       		.uleb128 0x13
 550 008f 01       		.uleb128 0x1
 551 0090 13       		.uleb128 0x13
 552 0091 00       		.byte	0
 553 0092 00       		.byte	0
 554 0093 0C       		.uleb128 0xc
 555 0094 21       		.uleb128 0x21
 556 0095 00       		.byte	0
 557 0096 49       		.uleb128 0x49
 558 0097 13       		.uleb128 0x13
 559 0098 2F       		.uleb128 0x2f
 560 0099 0B       		.uleb128 0xb
 561 009a 00       		.byte	0
 562 009b 00       		.byte	0
 563 009c 0D       		.uleb128 0xd
 564 009d 34       		.uleb128 0x34
 565 009e 00       		.byte	0
 566 009f 03       		.uleb128 0x3
 567 00a0 0E       		.uleb128 0xe
 568 00a1 3A       		.uleb128 0x3a
 569 00a2 0B       		.uleb128 0xb
 570 00a3 3B       		.uleb128 0x3b
 571 00a4 0B       		.uleb128 0xb
 572 00a5 49       		.uleb128 0x49
 573 00a6 13       		.uleb128 0x13
 574 00a7 3F       		.uleb128 0x3f
 575 00a8 19       		.uleb128 0x19
 576 00a9 02       		.uleb128 0x2
 577 00aa 18       		.uleb128 0x18
 578 00ab 00       		.byte	0
 579 00ac 00       		.byte	0
 580 00ad 0E       		.uleb128 0xe
 581 00ae 2E       		.uleb128 0x2e
 582 00af 01       		.byte	0x1
 583 00b0 3F       		.uleb128 0x3f
 584 00b1 19       		.uleb128 0x19
 585 00b2 03       		.uleb128 0x3
 586 00b3 0E       		.uleb128 0xe
 587 00b4 3A       		.uleb128 0x3a
 588 00b5 0B       		.uleb128 0xb
 589 00b6 3B       		.uleb128 0x3b
 590 00b7 0B       		.uleb128 0xb
 591 00b8 27       		.uleb128 0x27
 592 00b9 19       		.uleb128 0x19
 593 00ba 3C       		.uleb128 0x3c
 594 00bb 19       		.uleb128 0x19
 595 00bc 00       		.byte	0
 596 00bd 00       		.byte	0
 597 00be 0F       		.uleb128 0xf
 598 00bf 05       		.uleb128 0x5
ARM GAS  C:\Users\tiantiaf\AppData\Local\Temp\ccK3ZK1x.s 			page 12


 599 00c0 00       		.byte	0
 600 00c1 49       		.uleb128 0x49
 601 00c2 13       		.uleb128 0x13
 602 00c3 00       		.byte	0
 603 00c4 00       		.byte	0
 604 00c5 00       		.byte	0
 605              		.section	.debug_aranges,"",%progbits
 606 0000 1C000000 		.4byte	0x1c
 607 0004 0200     		.2byte	0x2
 608 0006 00000000 		.4byte	.Ldebug_info0
 609 000a 04       		.byte	0x4
 610 000b 00       		.byte	0
 611 000c 0000     		.2byte	0
 612 000e 0000     		.2byte	0
 613 0010 00000000 		.4byte	.LFB37
 614 0014 20000000 		.4byte	.LFE37-.LFB37
 615 0018 00000000 		.4byte	0
 616 001c 00000000 		.4byte	0
 617              		.section	.debug_ranges,"",%progbits
 618              	.Ldebug_ranges0:
 619 0000 00000000 		.4byte	.LFB37
 620 0004 20000000 		.4byte	.LFE37
 621 0008 00000000 		.4byte	0
 622 000c 00000000 		.4byte	0
 623              		.section	.debug_line,"",%progbits
 624              	.Ldebug_line0:
 625 0000 7D000000 		.section	.debug_str,"MS",%progbits,1
 625      02006400 
 625      00000201 
 625      FB0E0D00 
 625      01010101 
 626              	.LASF89:
 627 0000 55706461 		.ascii	"UpdateLED\000"
 627      74654C45 
 627      4400
 628              	.LASF22:
 629 000a 4359424C 		.ascii	"CYBLE_EVT_GAP_PASSKEY_ENTRY_REQUEST\000"
 629      455F4556 
 629      545F4741 
 629      505F5041 
 629      53534B45 
 630              	.LASF57:
 631 002e 4359424C 		.ascii	"CYBLE_EVT_GATTC_WRITE_RSP\000"
 631      455F4556 
 631      545F4741 
 631      5454435F 
 631      57524954 
 632              	.LASF19:
 633 0048 4359424C 		.ascii	"CYBLE_EVT_MEMORY_REQUEST\000"
 633      455F4556 
 633      545F4D45 
 633      4D4F5259 
 633      5F524551 
 634              	.LASF44:
 635 0061 4359424C 		.ascii	"CYBLE_EVT_GATTC_ERROR_RSP\000"
 635      455F4556 
 635      545F4741 
ARM GAS  C:\Users\tiantiaf\AppData\Local\Temp\ccK3ZK1x.s 			page 13


 635      5454435F 
 635      4552524F 
 636              	.LASF91:
 637 007b 4C45445F 		.ascii	"LED_Write\000"
 637      57726974 
 637      6500
 638              	.LASF34:
 639 0085 4359424C 		.ascii	"CYBLE_EVT_GAP_KEYPRESS_NOTIFICATION\000"
 639      455F4556 
 639      545F4741 
 639      505F4B45 
 639      59505245 
 640              	.LASF2:
 641 00a9 73686F72 		.ascii	"short int\000"
 641      7420696E 
 641      7400
 642              	.LASF25:
 643 00b3 4359424C 		.ascii	"CYBLE_EVT_GAP_AUTH_FAILED\000"
 643      455F4556 
 643      545F4741 
 643      505F4155 
 643      54485F46 
 644              	.LASF46:
 645 00cd 4359424C 		.ascii	"CYBLE_EVT_GATT_DISCONNECT_IND\000"
 645      455F4556 
 645      545F4741 
 645      54545F44 
 645      4953434F 
 646              	.LASF12:
 647 00eb 73697A65 		.ascii	"sizetype\000"
 647      74797065 
 647      00
 648              	.LASF36:
 649 00f4 4359424C 		.ascii	"CYBLE_EVT_GAP_DATA_LENGTH_CHANGE\000"
 649      455F4556 
 649      545F4741 
 649      505F4441 
 649      54415F4C 
 650              	.LASF6:
 651 0115 6C6F6E67 		.ascii	"long long int\000"
 651      206C6F6E 
 651      6720696E 
 651      7400
 652              	.LASF17:
 653 0123 4359424C 		.ascii	"CYBLE_EVT_HCI_STATUS\000"
 653      455F4556 
 653      545F4843 
 653      495F5354 
 653      41545553 
 654              	.LASF50:
 655 0138 4359424C 		.ascii	"CYBLE_EVT_GATTC_READ_BY_TYPE_RSP\000"
 655      455F4556 
 655      545F4741 
 655      5454435F 
 655      52454144 
 656              	.LASF14:
 657 0159 4359424C 		.ascii	"CYBLE_EVT_STACK_ON\000"
ARM GAS  C:\Users\tiantiaf\AppData\Local\Temp\ccK3ZK1x.s 			page 14


 657      455F4556 
 657      545F5354 
 657      41434B5F 
 657      4F4E00
 658              	.LASF43:
 659 016c 4359424C 		.ascii	"CYBLE_EVT_GAP_SMP_LOC_P256_KEYS_GEN_AND_SET_COMPLET"
 659      455F4556 
 659      545F4741 
 659      505F534D 
 659      505F4C4F 
 660 019f 4500     		.ascii	"E\000"
 661              	.LASF47:
 662 01a1 4359424C 		.ascii	"CYBLE_EVT_GATTS_XCNHG_MTU_REQ\000"
 662      455F4556 
 662      545F4741 
 662      5454535F 
 662      58434E48 
 663              	.LASF32:
 664 01bf 4359424C 		.ascii	"CYBLE_EVT_GAP_KEYINFO_EXCHNGE_CMPLT\000"
 664      455F4556 
 664      545F4741 
 664      505F4B45 
 664      59494E46 
 665              	.LASF55:
 666 01e3 4359424C 		.ascii	"CYBLE_EVT_GATTC_READ_MULTI_RSP\000"
 666      455F4556 
 666      545F4741 
 666      5454435F 
 666      52454144 
 667              	.LASF64:
 668 0202 4359424C 		.ascii	"CYBLE_EVT_GATTS_HANDLE_VALUE_CNF\000"
 668      455F4556 
 668      545F4741 
 668      5454535F 
 668      48414E44 
 669              	.LASF13:
 670 0223 4359424C 		.ascii	"CYBLE_EVT_HOST_INVALID\000"
 670      455F4556 
 670      545F484F 
 670      53545F49 
 670      4E56414C 
 671              	.LASF72:
 672 023a 4359424C 		.ascii	"CYBLE_EVT_L2CAP_CBFC_CONN_IND\000"
 672      455F4556 
 672      545F4C32 
 672      4341505F 
 672      43424643 
 673              	.LASF75:
 674 0258 4359424C 		.ascii	"CYBLE_EVT_L2CAP_CBFC_DISCONN_CNF\000"
 674      455F4556 
 674      545F4C32 
 674      4341505F 
 674      43424643 
 675              	.LASF90:
 676 0279 4C45445F 		.ascii	"LED_Mode\000"
 676      4D6F6465 
 676      00
ARM GAS  C:\Users\tiantiaf\AppData\Local\Temp\ccK3ZK1x.s 			page 15


 677              	.LASF9:
 678 0282 666C6F61 		.ascii	"float\000"
 678      7400
 679              	.LASF53:
 680 0288 4359424C 		.ascii	"CYBLE_EVT_GATTC_READ_RSP\000"
 680      455F4556 
 680      545F4741 
 680      5454435F 
 680      52454144 
 681              	.LASF33:
 682 02a1 4359424C 		.ascii	"CYBLE_EVT_GAP_NUMERIC_COMPARISON_REQUEST\000"
 682      455F4556 
 682      545F4741 
 682      505F4E55 
 682      4D455249 
 683              	.LASF38:
 684 02ca 4359424C 		.ascii	"CYBLE_EVT_GAPC_DIRECT_ADV_REPORT\000"
 684      455F4556 
 684      545F4741 
 684      50435F44 
 684      49524543 
 685              	.LASF7:
 686 02eb 6C6F6E67 		.ascii	"long long unsigned int\000"
 686      206C6F6E 
 686      6720756E 
 686      7369676E 
 686      65642069 
 687              	.LASF42:
 688 0302 4359424C 		.ascii	"CYBLE_EVT_GAP_AUTH_REQ_REPLY_ERR\000"
 688      455F4556 
 688      545F4741 
 688      505F4155 
 688      54485F52 
 689              	.LASF4:
 690 0323 6C6F6E67 		.ascii	"long int\000"
 690      20696E74 
 690      00
 691              	.LASF63:
 692 032c 4359424C 		.ascii	"CYBLE_EVT_GATTC_HANDLE_VALUE_IND\000"
 692      455F4556 
 692      545F4741 
 692      5454435F 
 692      48414E44 
 693              	.LASF87:
 694 034d 473A5C47 		.ascii	"G:\\GitHub_Code\\firmware_pulse\\fw-pulse\\fw-BLE-M"
 694      69744875 
 694      625F436F 
 694      64655C66 
 694      69726D77 
 695 037c 6F746F72 		.ascii	"otor\\fw-stone\\Stone.cydsn\000"
 695      5C66772D 
 695      73746F6E 
 695      655C5374 
 695      6F6E652E 
 696              	.LASF27:
 697 0396 4359424C 		.ascii	"CYBLE_EVT_GAP_DEVICE_CONNECTED\000"
 697      455F4556 
ARM GAS  C:\Users\tiantiaf\AppData\Local\Temp\ccK3ZK1x.s 			page 16


 697      545F4741 
 697      505F4445 
 697      56494345 
 698              	.LASF26:
 699 03b5 4359424C 		.ascii	"CYBLE_EVT_GAPP_ADVERTISEMENT_START_STOP\000"
 699      455F4556 
 699      545F4741 
 699      50505F41 
 699      44564552 
 700              	.LASF62:
 701 03dd 4359424C 		.ascii	"CYBLE_EVT_GATTC_HANDLE_VALUE_NTF\000"
 701      455F4556 
 701      545F4741 
 701      5454435F 
 701      48414E44 
 702              	.LASF18:
 703 03fe 4359424C 		.ascii	"CYBLE_EVT_STACK_BUSY_STATUS\000"
 703      455F4556 
 703      545F5354 
 703      41434B5F 
 703      42555359 
 704              	.LASF23:
 705 041a 4359424C 		.ascii	"CYBLE_EVT_GAP_PASSKEY_DISPLAY_REQUEST\000"
 705      455F4556 
 705      545F4741 
 705      505F5041 
 705      53534B45 
 706              	.LASF85:
 707 0440 474E5520 		.ascii	"GNU C 4.9.3 20150303 (release) [ARM/embedded-4_9-br"
 707      4320342E 
 707      392E3320 
 707      32303135 
 707      30333033 
 708 0473 616E6368 		.ascii	"anch revision 221220] -mcpu=cortex-m0 -mthumb -g -O"
 708      20726576 
 708      6973696F 
 708      6E203232 
 708      31323230 
 709 04a6 67202D66 		.ascii	"g -ffunction-sections -ffat-lto-objects\000"
 709      66756E63 
 709      74696F6E 
 709      2D736563 
 709      74696F6E 
 710              	.LASF73:
 711 04ce 4359424C 		.ascii	"CYBLE_EVT_L2CAP_CBFC_CONN_CNF\000"
 711      455F4556 
 711      545F4C32 
 711      4341505F 
 711      43424643 
 712              	.LASF37:
 713 04ec 4359424C 		.ascii	"CYBLE_EVT_GAP_ENHANCE_CONN_COMPLETE\000"
 713      455F4556 
 713      545F4741 
 713      505F454E 
 713      48414E43 
 714              	.LASF88:
 715 0510 75696E74 		.ascii	"uint8\000"
ARM GAS  C:\Users\tiantiaf\AppData\Local\Temp\ccK3ZK1x.s 			page 17


 715      3800
 716              	.LASF69:
 717 0516 4359424C 		.ascii	"CYBLE_EVT_L2CAP_CONN_PARAM_UPDATE_REQ\000"
 717      455F4556 
 717      545F4C32 
 717      4341505F 
 717      434F4E4E 
 718              	.LASF1:
 719 053c 756E7369 		.ascii	"unsigned char\000"
 719      676E6564 
 719      20636861 
 719      7200
 720              	.LASF59:
 721 054a 4359424C 		.ascii	"CYBLE_EVT_GATTS_PREP_WRITE_REQ\000"
 721      455F4556 
 721      545F4741 
 721      5454535F 
 721      50524550 
 722              	.LASF81:
 723 0569 4359424C 		.ascii	"CYBLE_EVT_LE_PING_AUTH_TIMEOUT\000"
 723      455F4556 
 723      545F4C45 
 723      5F50494E 
 723      475F4155 
 724              	.LASF51:
 725 0588 4359424C 		.ascii	"CYBLE_EVT_GATTC_FIND_INFO_RSP\000"
 725      455F4556 
 725      545F4741 
 725      5454435F 
 725      46494E44 
 726              	.LASF0:
 727 05a6 7369676E 		.ascii	"signed char\000"
 727      65642063 
 727      68617200 
 728              	.LASF56:
 729 05b2 4359424C 		.ascii	"CYBLE_EVT_GATTS_WRITE_REQ\000"
 729      455F4556 
 729      545F4741 
 729      5454535F 
 729      57524954 
 730              	.LASF52:
 731 05cc 4359424C 		.ascii	"CYBLE_EVT_GATTC_FIND_BY_TYPE_VALUE_RSP\000"
 731      455F4556 
 731      545F4741 
 731      5454435F 
 731      46494E44 
 732              	.LASF24:
 733 05f3 4359424C 		.ascii	"CYBLE_EVT_GAP_AUTH_COMPLETE\000"
 733      455F4556 
 733      545F4741 
 733      505F4155 
 733      54485F43 
 734              	.LASF8:
 735 060f 756E7369 		.ascii	"unsigned int\000"
 735      676E6564 
 735      20696E74 
 735      00
ARM GAS  C:\Users\tiantiaf\AppData\Local\Temp\ccK3ZK1x.s 			page 18


 736              	.LASF45:
 737 061c 4359424C 		.ascii	"CYBLE_EVT_GATT_CONNECT_IND\000"
 737      455F4556 
 737      545F4741 
 737      54545F43 
 737      4F4E4E45 
 738              	.LASF5:
 739 0637 6C6F6E67 		.ascii	"long unsigned int\000"
 739      20756E73 
 739      69676E65 
 739      6420696E 
 739      7400
 740              	.LASF21:
 741 0649 4359424C 		.ascii	"CYBLE_EVT_GAP_AUTH_REQ\000"
 741      455F4556 
 741      545F4741 
 741      505F4155 
 741      54485F52 
 742              	.LASF74:
 743 0660 4359424C 		.ascii	"CYBLE_EVT_L2CAP_CBFC_DISCONN_IND\000"
 743      455F4556 
 743      545F4C32 
 743      4341505F 
 743      43424643 
 744              	.LASF29:
 745 0681 4359424C 		.ascii	"CYBLE_EVT_GAP_ENCRYPT_CHANGE\000"
 745      455F4556 
 745      545F4741 
 745      505F454E 
 745      43525950 
 746              	.LASF40:
 747 069e 4359424C 		.ascii	"CYBLE_EVT_GAP_CONN_ESTB\000"
 747      455F4556 
 747      545F4741 
 747      505F434F 
 747      4E4E5F45 
 748              	.LASF68:
 749 06b6 4359424C 		.ascii	"CYBLE_EVT_GATTC_LONG_PROCEDURE_END\000"
 749      455F4556 
 749      545F4741 
 749      5454435F 
 749      4C4F4E47 
 750              	.LASF3:
 751 06d9 73686F72 		.ascii	"short unsigned int\000"
 751      7420756E 
 751      7369676E 
 751      65642069 
 751      6E7400
 752              	.LASF83:
 753 06ec 4359424C 		.ascii	"CYBLE_EVT_FLASH_CORRUPT\000"
 753      455F4556 
 753      545F464C 
 753      4153485F 
 753      434F5252 
 754              	.LASF30:
 755 0704 4359424C 		.ascii	"CYBLE_EVT_GAP_CONNECTION_UPDATE_COMPLETE\000"
 755      455F4556 
ARM GAS  C:\Users\tiantiaf\AppData\Local\Temp\ccK3ZK1x.s 			page 19


 755      545F4741 
 755      505F434F 
 755      4E4E4543 
 756              	.LASF39:
 757 072d 4359424C 		.ascii	"CYBLE_EVT_GAP_SMP_NEGOTIATED_AUTH_INFO\000"
 757      455F4556 
 757      545F4741 
 757      505F534D 
 757      505F4E45 
 758              	.LASF11:
 759 0754 63686172 		.ascii	"char\000"
 759      00
 760              	.LASF71:
 761 0759 4359424C 		.ascii	"CYBLE_EVT_L2CAP_COMMAND_REJ\000"
 761      455F4556 
 761      545F4C32 
 761      4341505F 
 761      434F4D4D 
 762              	.LASF54:
 763 0775 4359424C 		.ascii	"CYBLE_EVT_GATTC_READ_BLOB_RSP\000"
 763      455F4556 
 763      545F4741 
 763      5454435F 
 763      52454144 
 764              	.LASF61:
 765 0793 4359424C 		.ascii	"CYBLE_EVT_GATTC_EXEC_WRITE_RSP\000"
 765      455F4556 
 765      545F4741 
 765      5454435F 
 765      45584543 
 766              	.LASF31:
 767 07b2 4359424C 		.ascii	"CYBLE_EVT_GAPC_SCAN_START_STOP\000"
 767      455F4556 
 767      545F4741 
 767      50435F53 
 767      43414E5F 
 768              	.LASF80:
 769 07d1 4359424C 		.ascii	"CYBLE_EVT_PENDING_FLASH_WRITE\000"
 769      455F4556 
 769      545F5045 
 769      4E44494E 
 769      475F464C 
 770              	.LASF77:
 771 07ef 4359424C 		.ascii	"CYBLE_EVT_L2CAP_CBFC_RX_CREDIT_IND\000"
 771      455F4556 
 771      545F4C32 
 771      4341505F 
 771      43424643 
 772              	.LASF10:
 773 0812 646F7562 		.ascii	"double\000"
 773      6C6500
 774              	.LASF78:
 775 0819 4359424C 		.ascii	"CYBLE_EVT_L2CAP_CBFC_TX_CREDIT_IND\000"
 775      455F4556 
 775      545F4C32 
 775      4341505F 
 775      43424643 
ARM GAS  C:\Users\tiantiaf\AppData\Local\Temp\ccK3ZK1x.s 			page 20


 776              	.LASF41:
 777 083c 4359424C 		.ascii	"CYBLE_EVT_GAP_SCAN_REQ_RECVD\000"
 777      455F4556 
 777      545F4741 
 777      505F5343 
 777      414E5F52 
 778              	.LASF16:
 779 0859 4359424C 		.ascii	"CYBLE_EVT_HARDWARE_ERROR\000"
 779      455F4556 
 779      545F4841 
 779      52445741 
 779      52455F45 
 780              	.LASF76:
 781 0872 4359424C 		.ascii	"CYBLE_EVT_L2CAP_CBFC_DATA_READ\000"
 781      455F4556 
 781      545F4C32 
 781      4341505F 
 781      43424643 
 782              	.LASF70:
 783 0891 4359424C 		.ascii	"CYBLE_EVT_L2CAP_CONN_PARAM_UPDATE_RSP\000"
 783      455F4556 
 783      545F4C32 
 783      4341505F 
 783      434F4E4E 
 784              	.LASF20:
 785 08b7 4359424C 		.ascii	"CYBLE_EVT_GAPC_SCAN_PROGRESS_RESULT\000"
 785      455F4556 
 785      545F4741 
 785      50435F53 
 785      43414E5F 
 786              	.LASF49:
 787 08db 4359424C 		.ascii	"CYBLE_EVT_GATTC_READ_BY_GROUP_TYPE_RSP\000"
 787      455F4556 
 787      545F4741 
 787      5454435F 
 787      52454144 
 788              	.LASF58:
 789 0902 4359424C 		.ascii	"CYBLE_EVT_GATTS_WRITE_CMD_REQ\000"
 789      455F4556 
 789      545F4741 
 789      5454535F 
 789      57524954 
 790              	.LASF48:
 791 0920 4359424C 		.ascii	"CYBLE_EVT_GATTC_XCHNG_MTU_RSP\000"
 791      455F4556 
 791      545F4741 
 791      5454435F 
 791      5843484E 
 792              	.LASF79:
 793 093e 4359424C 		.ascii	"CYBLE_EVT_L2CAP_CBFC_DATA_WRITE_IND\000"
 793      455F4556 
 793      545F4C32 
 793      4341505F 
 793      43424643 
 794              	.LASF15:
 795 0962 4359424C 		.ascii	"CYBLE_EVT_TIMEOUT\000"
 795      455F4556 
ARM GAS  C:\Users\tiantiaf\AppData\Local\Temp\ccK3ZK1x.s 			page 21


 795      545F5449 
 795      4D454F55 
 795      5400
 796              	.LASF84:
 797 0974 4359424C 		.ascii	"CYBLE_EVT_MAX\000"
 797      455F4556 
 797      545F4D41 
 797      5800
 798              	.LASF67:
 799 0982 4359424C 		.ascii	"CYBLE_EVT_GATTS_READ_CHAR_VAL_ACCESS_REQ\000"
 799      455F4556 
 799      545F4741 
 799      5454535F 
 799      52454144 
 800              	.LASF66:
 801 09ab 4359424C 		.ascii	"CYBLE_EVT_GATTC_STOP_CMD_COMPLETE\000"
 801      455F4556 
 801      545F4741 
 801      5454435F 
 801      53544F50 
 802              	.LASF60:
 803 09cd 4359424C 		.ascii	"CYBLE_EVT_GATTS_EXEC_WRITE_REQ\000"
 803      455F4556 
 803      545F4741 
 803      5454535F 
 803      45584543 
 804              	.LASF28:
 805 09ec 4359424C 		.ascii	"CYBLE_EVT_GAP_DEVICE_DISCONNECTED\000"
 805      455F4556 
 805      545F4741 
 805      505F4445 
 805      56494345 
 806              	.LASF65:
 807 0a0e 4359424C 		.ascii	"CYBLE_EVT_GATTS_DATA_SIGNED_CMD_REQ\000"
 807      455F4556 
 807      545F4741 
 807      5454535F 
 807      44415441 
 808              	.LASF82:
 809 0a32 4359424C 		.ascii	"CYBLE_EVT_HCI_PKT\000"
 809      455F4556 
 809      545F4843 
 809      495F504B 
 809      5400
 810              	.LASF35:
 811 0a44 4359424C 		.ascii	"CYBLE_EVT_GAP_OOB_GENERATED_NOTIFICATION\000"
 811      455F4556 
 811      545F4741 
 811      505F4F4F 
 811      425F4745 
 812              	.LASF86:
 813 0a6d 53746F6E 		.ascii	"Stone_LED.c\000"
 813      655F4C45 
 813      442E6300 
 814              		.ident	"GCC: (GNU Tools for ARM Embedded Processors) 4.9.3 20150303 (release) [ARM/embedded-4_9-br
