ARM GAS  C:\Users\tiantiaf\AppData\Local\Temp\ccSuv4sE.s 			page 1


   1              		.cpu cortex-m0
   2              		.fpu softvfp
   3              		.eabi_attribute 20, 1
   4              		.eabi_attribute 21, 1
   5              		.eabi_attribute 23, 3
   6              		.eabi_attribute 24, 1
   7              		.eabi_attribute 25, 1
   8              		.eabi_attribute 26, 1
   9              		.eabi_attribute 30, 1
  10              		.eabi_attribute 34, 0
  11              		.eabi_attribute 18, 4
  12              		.code	16
  13              		.file	"Stone_Motor.c"
  14              		.text
  15              	.Ltext0:
  16              		.cfi_sections	.debug_frame
  17              		.section	.text.StoneUpdateMotor,"ax",%progbits
  18              		.align	2
  19              		.global	StoneUpdateMotor
  20              		.code	16
  21              		.thumb_func
  22              		.type	StoneUpdateMotor, %function
  23              	StoneUpdateMotor:
  24              	.LFB37:
  25              		.file 1 "Stone_Motor.c"
   1:Stone_Motor.c **** /* ========================================
   2:Stone_Motor.c ****  *
   3:Stone_Motor.c ****  * Copyright YOUR COMPANY, THE YEAR
   4:Stone_Motor.c ****  * All Rights Reserved
   5:Stone_Motor.c ****  * UNPUBLISHED, LICENSED SOFTWARE.
   6:Stone_Motor.c ****  *
   7:Stone_Motor.c ****  * CONFIDENTIAL AND PROPRIETARY INFORMATION
   8:Stone_Motor.c ****  * WHICH IS THE PROPERTY OF your company.
   9:Stone_Motor.c ****  *
  10:Stone_Motor.c ****  * ========================================
  11:Stone_Motor.c **** */
  12:Stone_Motor.c **** 
  13:Stone_Motor.c **** #include <project.h>
  14:Stone_Motor.c **** #include <main.h>
  15:Stone_Motor.c **** #include "Stone_Motor.h"
  16:Stone_Motor.c **** #include "Stone_Motor_Sequence.h"
  17:Stone_Motor.c **** #include "Stone_Init.h"
  18:Stone_Motor.c **** 
  19:Stone_Motor.c **** uint8 status = MOTOR_INACTIVE;
  20:Stone_Motor.c **** uint16 ms_count = PERIOD_PER_CYCLE_RUN - 1;
  21:Stone_Motor.c **** 
  22:Stone_Motor.c **** volatile uint8 Stone_Motor[MOTOR_LENGTH];
  23:Stone_Motor.c **** uint8 Motor_Running_Sequence[PERIOD_PER_CYCLE_RUN];
  24:Stone_Motor.c **** volatile uint8 Stone_Motor_Mode;
  25:Stone_Motor.c **** 
  26:Stone_Motor.c **** const uint8 Test[PERIOD_PER_CYCLE_RUN] = {  20, 25, 99, 99, 25, 20, 20, 20, 22, 22,
  27:Stone_Motor.c ****                                             22, 23, 23, 24, 24, 26, 26, 27, 28, 28, 
  28:Stone_Motor.c ****                                             29, 30, 30, 32, 35, 36, 37, 39, 42, 44, 
  29:Stone_Motor.c ****                                             46, 50,
  30:Stone_Motor.c ****                                             20, 25, 99, 99, 25, 20, 20, 20, 22, 22,
  31:Stone_Motor.c ****                                             22, 23, 23, 24, 24, 26, 26, 27, 28, 28, 
  32:Stone_Motor.c ****                                             29, 30, 30, 32, 35, 36, 37, 39, 42, 44, 
ARM GAS  C:\Users\tiantiaf\AppData\Local\Temp\ccSuv4sE.s 			page 2


  33:Stone_Motor.c ****                                             46, 50, };
  34:Stone_Motor.c **** 
  35:Stone_Motor.c **** /*
  36:Stone_Motor.c **** 
  37:Stone_Motor.c **** const uint8 Test[PERIOD_PER_CYCLE_RUN] = {  20, 25, 99, 99, 25, 20, 20, 20, 22, 22,
  38:Stone_Motor.c ****                                             22, 23, 23, 24, 24, 26, 26, 27, 28, 28, 
  39:Stone_Motor.c ****                                             29, 30, 30, 32, 35, 36, 37, 39, 42, 44, 
  40:Stone_Motor.c ****                                             46, 50,
  41:Stone_Motor.c ****                                             20, 25, 99, 99, 25, 20, 20, 20, 22, 22,
  42:Stone_Motor.c ****                                             22, 23, 23, 24, 24, 26, 26, 27, 28, 28, 
  43:Stone_Motor.c ****                                             29, 30, 30, 32, 35, 36, 37, 39, 42, 44, 
  44:Stone_Motor.c ****                                             46, 50, };
  45:Stone_Motor.c **** 
  46:Stone_Motor.c **** const uint8 Test[PERIOD_PER_CYCLE_RUN] = {25, 25, 25, 25, 25, 25, 20, 20, 99, 99,
  47:Stone_Motor.c ****                                     50, 48, 46, 46, 45, 43, 43, 42, 40, 40,
  48:Stone_Motor.c ****                                     38, 38, 38, 36, 35, 33, 33, 31, 31,
  49:Stone_Motor.c ****                                     31, 30, 28, 28,
  50:Stone_Motor.c ****                                     25, 25, 20, 25, 40, 50, 60, 25, 25,
  51:Stone_Motor.c ****                                     25, 25, 25, 25, 25, 25, 20, 20, 20,
  52:Stone_Motor.c ****                                     25, 25, 25, 25, 25, 25, 20, 20, 20,
  53:Stone_Motor.c ****                                     20, 20, 20, 20 };*/
  54:Stone_Motor.c **** 
  55:Stone_Motor.c **** void UpdateMotorPWM(uint8 index);
  56:Stone_Motor.c **** 
  57:Stone_Motor.c **** void StoneUpdateMotor()
  58:Stone_Motor.c **** {
  26              		.loc 1 58 0
  27              		.cfi_startproc
  28 0000 08B5     		push	{r3, lr}
  29              		.cfi_def_cfa_offset 8
  30              		.cfi_offset 3, -8
  31              		.cfi_offset 14, -4
  59:Stone_Motor.c ****     /* Mode 0, just on and off */
  60:Stone_Motor.c ****     if (Stone_Motor[MOTOR_ON_INDEX] == MOTOR_ON)
  32              		.loc 1 60 0
  33 0002 104B     		ldr	r3, .L6
  34 0004 1B78     		ldrb	r3, [r3]
  35 0006 012B     		cmp	r3, #1
  36 0008 12D1     		bne	.L2
  61:Stone_Motor.c ****     {
  62:Stone_Motor.c ****         Stone_Motor_Mode = Stone_Motor[MOTOR_MODE_INDEX];
  37              		.loc 1 62 0
  38 000a 0E4B     		ldr	r3, .L6
  39 000c 5B78     		ldrb	r3, [r3, #1]
  40 000e DBB2     		uxtb	r3, r3
  41 0010 0D4A     		ldr	r2, .L6+4
  42 0012 1370     		strb	r3, [r2]
  63:Stone_Motor.c ****         
  64:Stone_Motor.c ****         /* If Motor is set to be on, we decide which mode we want to be */
  65:Stone_Motor.c ****         switch(Stone_Motor_Mode)
  43              		.loc 1 65 0
  44 0014 1378     		ldrb	r3, [r2]
  45 0016 DBB2     		uxtb	r3, r3
  46 0018 002B     		cmp	r3, #0
  47 001a 02D0     		beq	.L4
  48 001c 012B     		cmp	r3, #1
  49 001e 04D0     		beq	.L5
ARM GAS  C:\Users\tiantiaf\AppData\Local\Temp\ccSuv4sE.s 			page 3


  50 0020 0EE0     		b	.L1
  51              	.L4:
  66:Stone_Motor.c ****         {
  67:Stone_Motor.c ****             case MODE0:
  68:Stone_Motor.c ****                 Motor_Write(MOTOR_ON);
  52              		.loc 1 68 0
  53 0022 0120     		mov	r0, #1
  54 0024 FFF7FEFF 		bl	Motor_Write
  55              	.LVL0:
  69:Stone_Motor.c ****                 break;
  56              		.loc 1 69 0
  57 0028 0AE0     		b	.L1
  58              	.L5:
  70:Stone_Motor.c ****             
  71:Stone_Motor.c ****             case MODE1:
  72:Stone_Motor.c ****                 InitStoneInterrupt();
  59              		.loc 1 72 0
  60 002a FFF7FEFF 		bl	InitStoneInterrupt
  61              	.LVL1:
  73:Stone_Motor.c ****                 break;    
  62              		.loc 1 73 0
  63 002e 07E0     		b	.L1
  64              	.L2:
  74:Stone_Motor.c ****                 
  75:Stone_Motor.c ****             default:
  76:Stone_Motor.c ****                 break;
  77:Stone_Motor.c ****                 
  78:Stone_Motor.c ****         }
  79:Stone_Motor.c ****         
  80:Stone_Motor.c ****     } else {
  81:Stone_Motor.c ****         Motor_Write(MOTOR_OFF);
  65              		.loc 1 81 0
  66 0030 0020     		mov	r0, #0
  67 0032 FFF7FEFF 		bl	Motor_Write
  68              	.LVL2:
  82:Stone_Motor.c ****         Stone_Motor_Mode = 0;
  69              		.loc 1 82 0
  70 0036 0022     		mov	r2, #0
  71 0038 034B     		ldr	r3, .L6+4
  72 003a 1A70     		strb	r2, [r3]
  83:Stone_Motor.c ****         StopStoneInterrupt();
  73              		.loc 1 83 0
  74 003c FFF7FEFF 		bl	StopStoneInterrupt
  75              	.LVL3:
  76              	.L1:
  84:Stone_Motor.c ****     }
  85:Stone_Motor.c ****     
  86:Stone_Motor.c **** }
  77              		.loc 1 86 0
  78              		@ sp needed
  79 0040 08BD     		pop	{r3, pc}
  80              	.L7:
  81 0042 C046     		.align	2
  82              	.L6:
  83 0044 00000000 		.word	Stone_Motor
  84 0048 00000000 		.word	Stone_Motor_Mode
  85              		.cfi_endproc
ARM GAS  C:\Users\tiantiaf\AppData\Local\Temp\ccSuv4sE.s 			page 4


  86              	.LFE37:
  87              		.size	StoneUpdateMotor, .-StoneUpdateMotor
  88              		.section	.text.TRIGGER_ISR,"ax",%progbits
  89              		.align	2
  90              		.global	TRIGGER_ISR
  91              		.code	16
  92              		.thumb_func
  93              		.type	TRIGGER_ISR, %function
  94              	TRIGGER_ISR:
  95              	.LFB38:
  87:Stone_Motor.c **** 
  88:Stone_Motor.c **** CY_ISR(TRIGGER_ISR) {
  96              		.loc 1 88 0
  97              		.cfi_startproc
  98 0000 08B5     		push	{r3, lr}
  99              		.cfi_def_cfa_offset 8
 100              		.cfi_offset 3, -8
 101              		.cfi_offset 14, -4
  89:Stone_Motor.c **** 	Motor_Write(MOTOR_ON);
 102              		.loc 1 89 0
 103 0002 0120     		mov	r0, #1
 104 0004 FFF7FEFF 		bl	Motor_Write
 105              	.LVL4:
  90:Stone_Motor.c **** }
 106              		.loc 1 90 0
 107              		@ sp needed
 108 0008 08BD     		pop	{r3, pc}
 109              		.cfi_endproc
 110              	.LFE38:
 111              		.size	TRIGGER_ISR, .-TRIGGER_ISR
 112 000a C046     		.section	.text.TC_ISR,"ax",%progbits
 113              		.align	2
 114              		.global	TC_ISR
 115              		.code	16
 116              		.thumb_func
 117              		.type	TC_ISR, %function
 118              	TC_ISR:
 119              	.LFB39:
  91:Stone_Motor.c **** 
  92:Stone_Motor.c **** CY_ISR(TC_ISR) {
 120              		.loc 1 92 0
 121              		.cfi_startproc
 122 0000 08B5     		push	{r3, lr}
 123              		.cfi_def_cfa_offset 8
 124              		.cfi_offset 3, -8
 125              		.cfi_offset 14, -4
  93:Stone_Motor.c **** 	Motor_Write(MOTOR_OFF);
 126              		.loc 1 93 0
 127 0002 0020     		mov	r0, #0
 128 0004 FFF7FEFF 		bl	Motor_Write
 129              	.LVL5:
  94:Stone_Motor.c **** }
 130              		.loc 1 94 0
 131              		@ sp needed
 132 0008 08BD     		pop	{r3, pc}
 133              		.cfi_endproc
 134              	.LFE39:
ARM GAS  C:\Users\tiantiaf\AppData\Local\Temp\ccSuv4sE.s 			page 5


 135              		.size	TC_ISR, .-TC_ISR
 136 000a C046     		.section	.text.UpdateMotorPWM,"ax",%progbits
 137              		.align	2
 138              		.global	UpdateMotorPWM
 139              		.code	16
 140              		.thumb_func
 141              		.type	UpdateMotorPWM, %function
 142              	UpdateMotorPWM:
 143              	.LFB41:
  95:Stone_Motor.c **** 
  96:Stone_Motor.c **** CY_ISR(MS_ISR) {
  97:Stone_Motor.c ****     
  98:Stone_Motor.c ****     if(ms_count == PERIOD_PER_CYCLE_RUN - 1)
  99:Stone_Motor.c ****     {
 100:Stone_Motor.c ****        ms_count = 0;
 101:Stone_Motor.c ****     }
 102:Stone_Motor.c ****     
 103:Stone_Motor.c ****     UpdateMotorPWM(ms_count);
 104:Stone_Motor.c ****     ms_count++;
 105:Stone_Motor.c ****      
 106:Stone_Motor.c **** }
 107:Stone_Motor.c **** 
 108:Stone_Motor.c **** void UpdateMotorPWM(uint8 index)
 109:Stone_Motor.c **** {
 144              		.loc 1 109 0
 145              		.cfi_startproc
 146              	.LVL6:
 147 0000 08B5     		push	{r3, lr}
 148              		.cfi_def_cfa_offset 8
 149              		.cfi_offset 3, -8
 150              		.cfi_offset 14, -4
 110:Stone_Motor.c ****     Stone_PWM_WriteCompare(Motor_Running_Sequence[index]);
 151              		.loc 1 110 0
 152 0002 024B     		ldr	r3, .L11
 153 0004 185C     		ldrb	r0, [r3, r0]
 154              	.LVL7:
 155 0006 FFF7FEFF 		bl	Stone_PWM_WriteCompare
 156              	.LVL8:
 111:Stone_Motor.c **** }
 157              		.loc 1 111 0
 158              		@ sp needed
 159 000a 08BD     		pop	{r3, pc}
 160              	.L12:
 161              		.align	2
 162              	.L11:
 163 000c 00000000 		.word	Motor_Running_Sequence
 164              		.cfi_endproc
 165              	.LFE41:
 166              		.size	UpdateMotorPWM, .-UpdateMotorPWM
 167              		.section	.text.MS_ISR,"ax",%progbits
 168              		.align	2
 169              		.global	MS_ISR
 170              		.code	16
 171              		.thumb_func
 172              		.type	MS_ISR, %function
 173              	MS_ISR:
 174              	.LFB40:
ARM GAS  C:\Users\tiantiaf\AppData\Local\Temp\ccSuv4sE.s 			page 6


  96:Stone_Motor.c ****     
 175              		.loc 1 96 0
 176              		.cfi_startproc
 177 0000 10B5     		push	{r4, lr}
 178              		.cfi_def_cfa_offset 8
 179              		.cfi_offset 4, -8
 180              		.cfi_offset 14, -4
  98:Stone_Motor.c ****     {
 181              		.loc 1 98 0
 182 0002 074B     		ldr	r3, .L15
 183 0004 1B88     		ldrh	r3, [r3]
 184 0006 3F2B     		cmp	r3, #63
 185 0008 02D1     		bne	.L14
 100:Stone_Motor.c ****     }
 186              		.loc 1 100 0
 187 000a 0022     		mov	r2, #0
 188 000c 044B     		ldr	r3, .L15
 189 000e 1A80     		strh	r2, [r3]
 190              	.L14:
 103:Stone_Motor.c ****     ms_count++;
 191              		.loc 1 103 0
 192 0010 034C     		ldr	r4, .L15
 193 0012 2078     		ldrb	r0, [r4]
 194 0014 FFF7FEFF 		bl	UpdateMotorPWM
 195              	.LVL9:
 104:Stone_Motor.c ****      
 196              		.loc 1 104 0
 197 0018 2388     		ldrh	r3, [r4]
 198 001a 0133     		add	r3, r3, #1
 199 001c 2380     		strh	r3, [r4]
 106:Stone_Motor.c **** 
 200              		.loc 1 106 0
 201              		@ sp needed
 202 001e 10BD     		pop	{r4, pc}
 203              	.L16:
 204              		.align	2
 205              	.L15:
 206 0020 00000000 		.word	.LANCHOR0
 207              		.cfi_endproc
 208              	.LFE40:
 209              		.size	MS_ISR, .-MS_ISR
 210              		.global	Test
 211              		.comm	Stone_Motor_Mode,1,1
 212              		.comm	Motor_Running_Sequence,64,4
 213              		.comm	Stone_Motor,4,4
 214              		.global	ms_count
 215              		.global	status
 216              		.section	.rodata
 217              		.align	2
 218              		.type	Test, %object
 219              		.size	Test, 64
 220              	Test:
 221 0000 14       		.byte	20
 222 0001 19       		.byte	25
 223 0002 63       		.byte	99
 224 0003 63       		.byte	99
 225 0004 19       		.byte	25
ARM GAS  C:\Users\tiantiaf\AppData\Local\Temp\ccSuv4sE.s 			page 7


 226 0005 14       		.byte	20
 227 0006 14       		.byte	20
 228 0007 14       		.byte	20
 229 0008 16       		.byte	22
 230 0009 16       		.byte	22
 231 000a 16       		.byte	22
 232 000b 17       		.byte	23
 233 000c 17       		.byte	23
 234 000d 18       		.byte	24
 235 000e 18       		.byte	24
 236 000f 1A       		.byte	26
 237 0010 1A       		.byte	26
 238 0011 1B       		.byte	27
 239 0012 1C       		.byte	28
 240 0013 1C       		.byte	28
 241 0014 1D       		.byte	29
 242 0015 1E       		.byte	30
 243 0016 1E       		.byte	30
 244 0017 20       		.byte	32
 245 0018 23       		.byte	35
 246 0019 24       		.byte	36
 247 001a 25       		.byte	37
 248 001b 27       		.byte	39
 249 001c 2A       		.byte	42
 250 001d 2C       		.byte	44
 251 001e 2E       		.byte	46
 252 001f 32       		.byte	50
 253 0020 14       		.byte	20
 254 0021 19       		.byte	25
 255 0022 63       		.byte	99
 256 0023 63       		.byte	99
 257 0024 19       		.byte	25
 258 0025 14       		.byte	20
 259 0026 14       		.byte	20
 260 0027 14       		.byte	20
 261 0028 16       		.byte	22
 262 0029 16       		.byte	22
 263 002a 16       		.byte	22
 264 002b 17       		.byte	23
 265 002c 17       		.byte	23
 266 002d 18       		.byte	24
 267 002e 18       		.byte	24
 268 002f 1A       		.byte	26
 269 0030 1A       		.byte	26
 270 0031 1B       		.byte	27
 271 0032 1C       		.byte	28
 272 0033 1C       		.byte	28
 273 0034 1D       		.byte	29
 274 0035 1E       		.byte	30
 275 0036 1E       		.byte	30
 276 0037 20       		.byte	32
 277 0038 23       		.byte	35
 278 0039 24       		.byte	36
 279 003a 25       		.byte	37
 280 003b 27       		.byte	39
 281 003c 2A       		.byte	42
 282 003d 2C       		.byte	44
ARM GAS  C:\Users\tiantiaf\AppData\Local\Temp\ccSuv4sE.s 			page 8


 283 003e 2E       		.byte	46
 284 003f 32       		.byte	50
 285              		.data
 286              		.align	1
 287              		.set	.LANCHOR0,. + 0
 288              		.type	ms_count, %object
 289              		.size	ms_count, 2
 290              	ms_count:
 291 0000 3F00     		.short	63
 292              		.bss
 293              		.type	status, %object
 294              		.size	status, 1
 295              	status:
 296 0000 00       		.space	1
 297              		.text
 298              	.Letext0:
 299              		.file 2 "Generated_Source\\PSoC4/cytypes.h"
 300              		.file 3 "Stone_Init.h"
 301              		.file 4 "Generated_Source\\PSoC4/BLE_PULSE_Stack.h"
 302              		.file 5 "Generated_Source\\PSoC4/Motor.h"
 303              		.file 6 "Generated_Source\\PSoC4/Stone_PWM.h"
 304              		.section	.debug_info,"",%progbits
 305              	.Ldebug_info0:
 306 0000 25040000 		.4byte	0x425
 307 0004 0400     		.2byte	0x4
 308 0006 00000000 		.4byte	.Ldebug_abbrev0
 309 000a 04       		.byte	0x4
 310 000b 01       		.uleb128 0x1
 311 000c AD040000 		.4byte	.LASF100
 312 0010 01       		.byte	0x1
 313 0011 7D0A0000 		.4byte	.LASF101
 314 0015 C3030000 		.4byte	.LASF102
 315 0019 00000000 		.4byte	.Ldebug_ranges0+0
 316 001d 00000000 		.4byte	0
 317 0021 00000000 		.4byte	.Ldebug_line0
 318 0025 02       		.uleb128 0x2
 319 0026 01       		.byte	0x1
 320 0027 06       		.byte	0x6
 321 0028 13060000 		.4byte	.LASF0
 322 002c 02       		.uleb128 0x2
 323 002d 01       		.byte	0x1
 324 002e 08       		.byte	0x8
 325 002f A9050000 		.4byte	.LASF1
 326 0033 02       		.uleb128 0x2
 327 0034 02       		.byte	0x2
 328 0035 05       		.byte	0x5
 329 0036 AD000000 		.4byte	.LASF2
 330 003a 02       		.uleb128 0x2
 331 003b 02       		.byte	0x2
 332 003c 07       		.byte	0x7
 333 003d 40070000 		.4byte	.LASF3
 334 0041 02       		.uleb128 0x2
 335 0042 04       		.byte	0x4
 336 0043 05       		.byte	0x5
 337 0044 88030000 		.4byte	.LASF4
 338 0048 02       		.uleb128 0x2
 339 0049 04       		.byte	0x4
ARM GAS  C:\Users\tiantiaf\AppData\Local\Temp\ccSuv4sE.s 			page 9


 340 004a 07       		.byte	0x7
 341 004b 9E060000 		.4byte	.LASF5
 342 004f 02       		.uleb128 0x2
 343 0050 08       		.byte	0x8
 344 0051 05       		.byte	0x5
 345 0052 59010000 		.4byte	.LASF6
 346 0056 02       		.uleb128 0x2
 347 0057 08       		.byte	0x8
 348 0058 07       		.byte	0x7
 349 0059 42030000 		.4byte	.LASF7
 350 005d 03       		.uleb128 0x3
 351 005e 04       		.byte	0x4
 352 005f 05       		.byte	0x5
 353 0060 696E7400 		.ascii	"int\000"
 354 0064 02       		.uleb128 0x2
 355 0065 04       		.byte	0x4
 356 0066 07       		.byte	0x7
 357 0067 EB020000 		.4byte	.LASF8
 358 006b 04       		.uleb128 0x4
 359 006c 7D050000 		.4byte	.LASF9
 360 0070 02       		.byte	0x2
 361 0071 B901     		.2byte	0x1b9
 362 0073 2C000000 		.4byte	0x2c
 363 0077 04       		.uleb128 0x4
 364 0078 F4070000 		.4byte	.LASF10
 365 007c 02       		.byte	0x2
 366 007d BA01     		.2byte	0x1ba
 367 007f 3A000000 		.4byte	0x3a
 368 0083 02       		.uleb128 0x2
 369 0084 04       		.byte	0x4
 370 0085 04       		.byte	0x4
 371 0086 CC020000 		.4byte	.LASF11
 372 008a 02       		.uleb128 0x2
 373 008b 08       		.byte	0x8
 374 008c 04       		.byte	0x4
 375 008d 98080000 		.4byte	.LASF12
 376 0091 02       		.uleb128 0x2
 377 0092 01       		.byte	0x1
 378 0093 08       		.byte	0x8
 379 0094 AA070000 		.4byte	.LASF13
 380 0098 05       		.uleb128 0x5
 381 0099 6B000000 		.4byte	0x6b
 382 009d 02       		.uleb128 0x2
 383 009e 04       		.byte	0x4
 384 009f 07       		.byte	0x7
 385 00a0 EF000000 		.4byte	.LASF14
 386 00a4 06       		.uleb128 0x6
 387 00a5 01       		.byte	0x1
 388 00a6 04       		.byte	0x4
 389 00a7 4D01     		.2byte	0x14d
 390 00a9 87020000 		.4byte	0x287
 391 00ad 07       		.uleb128 0x7
 392 00ae 76020000 		.4byte	.LASF15
 393 00b2 00       		.sleb128 0
 394 00b3 07       		.uleb128 0x7
 395 00b4 8F010000 		.4byte	.LASF16
 396 00b8 01       		.sleb128 1
ARM GAS  C:\Users\tiantiaf\AppData\Local\Temp\ccSuv4sE.s 			page 10


 397 00b9 07       		.uleb128 0x7
 398 00ba 040A0000 		.4byte	.LASF17
 399 00be 02       		.sleb128 2
 400 00bf 07       		.uleb128 0x7
 401 00c0 FB080000 		.4byte	.LASF18
 402 00c4 03       		.sleb128 3
 403 00c5 07       		.uleb128 0x7
 404 00c6 19010000 		.4byte	.LASF19
 405 00ca 04       		.sleb128 4
 406 00cb 07       		.uleb128 0x7
 407 00cc DF080000 		.4byte	.LASF20
 408 00d0 05       		.sleb128 5
 409 00d1 07       		.uleb128 0x7
 410 00d2 3E000000 		.4byte	.LASF21
 411 00d6 06       		.sleb128 6
 412 00d7 07       		.uleb128 0x7
 413 00d8 59090000 		.4byte	.LASF22
 414 00dc 20       		.sleb128 32
 415 00dd 07       		.uleb128 0x7
 416 00de B0060000 		.4byte	.LASF23
 417 00e2 21       		.sleb128 33
 418 00e3 07       		.uleb128 0x7
 419 00e4 00000000 		.4byte	.LASF24
 420 00e8 22       		.sleb128 34
 421 00e9 07       		.uleb128 0x7
 422 00ea 87040000 		.4byte	.LASF25
 423 00ee 23       		.sleb128 35
 424 00ef 07       		.uleb128 0x7
 425 00f0 60060000 		.4byte	.LASF26
 426 00f4 24       		.sleb128 36
 427 00f5 07       		.uleb128 0x7
 428 00f6 B7000000 		.4byte	.LASF27
 429 00fa 25       		.sleb128 37
 430 00fb 07       		.uleb128 0x7
 431 00fc 2B040000 		.4byte	.LASF28
 432 0100 26       		.sleb128 38
 433 0101 07       		.uleb128 0x7
 434 0102 0C040000 		.4byte	.LASF29
 435 0106 27       		.sleb128 39
 436 0107 07       		.uleb128 0x7
 437 0108 B60A0000 		.4byte	.LASF30
 438 010c 28       		.sleb128 40
 439 010d 07       		.uleb128 0x7
 440 010e E8060000 		.4byte	.LASF31
 441 0112 29       		.sleb128 41
 442 0113 07       		.uleb128 0x7
 443 0114 5A070000 		.4byte	.LASF32
 444 0118 2A       		.sleb128 42
 445 0119 07       		.uleb128 0x7
 446 011a 38080000 		.4byte	.LASF33
 447 011e 2B       		.sleb128 43
 448 011f 07       		.uleb128 0x7
 449 0120 12020000 		.4byte	.LASF34
 450 0124 2C       		.sleb128 44
 451 0125 07       		.uleb128 0x7
 452 0126 F8020000 		.4byte	.LASF35
 453 012a 2D       		.sleb128 45
ARM GAS  C:\Users\tiantiaf\AppData\Local\Temp\ccSuv4sE.s 			page 11


 454 012b 07       		.uleb128 0x7
 455 012c 89000000 		.4byte	.LASF36
 456 0130 2E       		.sleb128 46
 457 0131 07       		.uleb128 0x7
 458 0132 0E0B0000 		.4byte	.LASF37
 459 0136 2F       		.sleb128 47
 460 0137 07       		.uleb128 0x7
 461 0138 F8000000 		.4byte	.LASF38
 462 013c 30       		.sleb128 48
 463 013d 07       		.uleb128 0x7
 464 013e 59050000 		.4byte	.LASF39
 465 0142 31       		.sleb128 49
 466 0143 07       		.uleb128 0x7
 467 0144 21030000 		.4byte	.LASF40
 468 0148 32       		.sleb128 50
 469 0149 07       		.uleb128 0x7
 470 014a 83070000 		.4byte	.LASF41
 471 014e 33       		.sleb128 51
 472 014f 07       		.uleb128 0x7
 473 0150 05070000 		.4byte	.LASF42
 474 0154 34       		.sleb128 52
 475 0155 07       		.uleb128 0x7
 476 0156 C2080000 		.4byte	.LASF43
 477 015a 35       		.sleb128 53
 478 015b 07       		.uleb128 0x7
 479 015c 59030000 		.4byte	.LASF44
 480 0160 36       		.sleb128 54
 481 0161 07       		.uleb128 0x7
 482 0162 A2010000 		.4byte	.LASF45
 483 0166 37       		.sleb128 55
 484 0167 07       		.uleb128 0x7
 485 0168 57000000 		.4byte	.LASF46
 486 016c C000     		.sleb128 64
 487 016e 07       		.uleb128 0x7
 488 016f 83060000 		.4byte	.LASF47
 489 0173 C100     		.sleb128 65
 490 0175 07       		.uleb128 0x7
 491 0176 D1000000 		.4byte	.LASF48
 492 017a C200     		.sleb128 66
 493 017c 07       		.uleb128 0x7
 494 017d D7010000 		.4byte	.LASF49
 495 0181 C300     		.sleb128 67
 496 0183 07       		.uleb128 0x7
 497 0184 C2090000 		.4byte	.LASF50
 498 0188 C400     		.sleb128 68
 499 018a 07       		.uleb128 0x7
 500 018b 7D090000 		.4byte	.LASF51
 501 018f C500     		.sleb128 69
 502 0191 07       		.uleb128 0x7
 503 0192 6E010000 		.4byte	.LASF52
 504 0196 C600     		.sleb128 70
 505 0198 07       		.uleb128 0x7
 506 0199 F5050000 		.4byte	.LASF53
 507 019d C700     		.sleb128 71
 508 019f 07       		.uleb128 0x7
 509 01a0 39060000 		.4byte	.LASF54
 510 01a4 C800     		.sleb128 72
ARM GAS  C:\Users\tiantiaf\AppData\Local\Temp\ccSuv4sE.s 			page 12


 511 01a6 07       		.uleb128 0x7
 512 01a7 D2020000 		.4byte	.LASF55
 513 01ab C900     		.sleb128 73
 514 01ad 07       		.uleb128 0x7
 515 01ae FB070000 		.4byte	.LASF56
 516 01b2 CA00     		.sleb128 74
 517 01b4 07       		.uleb128 0x7
 518 01b5 36020000 		.4byte	.LASF57
 519 01b9 CB00     		.sleb128 75
 520 01bb 07       		.uleb128 0x7
 521 01bc 1F060000 		.4byte	.LASF58
 522 01c0 CC00     		.sleb128 76
 523 01c2 07       		.uleb128 0x7
 524 01c3 24000000 		.4byte	.LASF59
 525 01c7 CD00     		.sleb128 77
 526 01c9 07       		.uleb128 0x7
 527 01ca A4090000 		.4byte	.LASF60
 528 01ce CE00     		.sleb128 78
 529 01d0 07       		.uleb128 0x7
 530 01d1 B7050000 		.4byte	.LASF61
 531 01d5 CF00     		.sleb128 79
 532 01d7 07       		.uleb128 0x7
 533 01d8 8B0A0000 		.4byte	.LASF62
 534 01dc D000     		.sleb128 80
 535 01de 07       		.uleb128 0x7
 536 01df 19080000 		.4byte	.LASF63
 537 01e3 D100     		.sleb128 81
 538 01e5 07       		.uleb128 0x7
 539 01e6 53040000 		.4byte	.LASF64
 540 01ea D200     		.sleb128 82
 541 01ec 07       		.uleb128 0x7
 542 01ed A2030000 		.4byte	.LASF65
 543 01f1 D300     		.sleb128 83
 544 01f3 07       		.uleb128 0x7
 545 01f4 55020000 		.4byte	.LASF66
 546 01f8 D400     		.sleb128 84
 547 01fa 07       		.uleb128 0x7
 548 01fb D80A0000 		.4byte	.LASF67
 549 01ff D500     		.sleb128 85
 550 0201 07       		.uleb128 0x7
 551 0202 5B0A0000 		.4byte	.LASF68
 552 0206 D600     		.sleb128 86
 553 0208 07       		.uleb128 0x7
 554 0209 320A0000 		.4byte	.LASF69
 555 020d D700     		.sleb128 87
 556 020f 07       		.uleb128 0x7
 557 0210 1D070000 		.4byte	.LASF70
 558 0214 D800     		.sleb128 88
 559 0216 07       		.uleb128 0x7
 560 0217 83050000 		.4byte	.LASF71
 561 021b F000     		.sleb128 112
 562 021d 07       		.uleb128 0x7
 563 021e 33090000 		.4byte	.LASF72
 564 0222 F100     		.sleb128 113
 565 0224 07       		.uleb128 0x7
 566 0225 B8070000 		.4byte	.LASF73
 567 0229 F200     		.sleb128 114
ARM GAS  C:\Users\tiantiaf\AppData\Local\Temp\ccSuv4sE.s 			page 13


 568 022b 07       		.uleb128 0x7
 569 022c 8D020000 		.4byte	.LASF74
 570 0230 F300     		.sleb128 115
 571 0232 07       		.uleb128 0x7
 572 0233 3B050000 		.4byte	.LASF75
 573 0237 F400     		.sleb128 116
 574 0239 07       		.uleb128 0x7
 575 023a C7060000 		.4byte	.LASF76
 576 023e F500     		.sleb128 117
 577 0240 07       		.uleb128 0x7
 578 0241 AB020000 		.4byte	.LASF77
 579 0245 F600     		.sleb128 118
 580 0247 07       		.uleb128 0x7
 581 0248 14090000 		.4byte	.LASF78
 582 024c F700     		.sleb128 119
 583 024e 07       		.uleb128 0x7
 584 024f 75080000 		.4byte	.LASF79
 585 0253 F800     		.sleb128 120
 586 0255 07       		.uleb128 0x7
 587 0256 9F080000 		.4byte	.LASF80
 588 025a F900     		.sleb128 121
 589 025c 07       		.uleb128 0x7
 590 025d E0090000 		.4byte	.LASF81
 591 0261 FA00     		.sleb128 122
 592 0263 07       		.uleb128 0x7
 593 0264 57080000 		.4byte	.LASF82
 594 0268 FA01     		.sleb128 250
 595 026a 07       		.uleb128 0x7
 596 026b D6050000 		.4byte	.LASF83
 597 026f FB01     		.sleb128 251
 598 0271 07       		.uleb128 0x7
 599 0272 FC0A0000 		.4byte	.LASF84
 600 0276 FC01     		.sleb128 252
 601 0278 07       		.uleb128 0x7
 602 0279 41010000 		.4byte	.LASF85
 603 027d FD01     		.sleb128 253
 604 027f 07       		.uleb128 0x7
 605 0280 7A030000 		.4byte	.LASF86
 606 0284 FF01     		.sleb128 255
 607 0286 00       		.byte	0
 608 0287 08       		.uleb128 0x8
 609 0288 6B000000 		.4byte	0x6b
 610 028c 97020000 		.4byte	0x297
 611 0290 09       		.uleb128 0x9
 612 0291 9D000000 		.4byte	0x9d
 613 0295 3F       		.byte	0x3f
 614 0296 00       		.byte	0
 615 0297 0A       		.uleb128 0xa
 616 0298 D4070000 		.4byte	.LASF87
 617 029c 01       		.byte	0x1
 618 029d 39       		.byte	0x39
 619 029e 00000000 		.4byte	.LFB37
 620 02a2 4C000000 		.4byte	.LFE37-.LFB37
 621 02a6 01       		.uleb128 0x1
 622 02a7 9C       		.byte	0x9c
 623 02a8 E5020000 		.4byte	0x2e5
 624 02ac 0B       		.uleb128 0xb
ARM GAS  C:\Users\tiantiaf\AppData\Local\Temp\ccSuv4sE.s 			page 14


 625 02ad 28000000 		.4byte	.LVL0
 626 02b1 FC030000 		.4byte	0x3fc
 627 02b5 BF020000 		.4byte	0x2bf
 628 02b9 0C       		.uleb128 0xc
 629 02ba 01       		.uleb128 0x1
 630 02bb 50       		.byte	0x50
 631 02bc 01       		.uleb128 0x1
 632 02bd 31       		.byte	0x31
 633 02be 00       		.byte	0
 634 02bf 0D       		.uleb128 0xd
 635 02c0 2E000000 		.4byte	.LVL1
 636 02c4 0D040000 		.4byte	0x40d
 637 02c8 0B       		.uleb128 0xb
 638 02c9 36000000 		.4byte	.LVL2
 639 02cd FC030000 		.4byte	0x3fc
 640 02d1 DB020000 		.4byte	0x2db
 641 02d5 0C       		.uleb128 0xc
 642 02d6 01       		.uleb128 0x1
 643 02d7 50       		.byte	0x50
 644 02d8 01       		.uleb128 0x1
 645 02d9 30       		.byte	0x30
 646 02da 00       		.byte	0
 647 02db 0D       		.uleb128 0xd
 648 02dc 40000000 		.4byte	.LVL3
 649 02e0 14040000 		.4byte	0x414
 650 02e4 00       		.byte	0
 651 02e5 0A       		.uleb128 0xa
 652 02e6 AA0A0000 		.4byte	.LASF88
 653 02ea 01       		.byte	0x1
 654 02eb 58       		.byte	0x58
 655 02ec 00000000 		.4byte	.LFB38
 656 02f0 0A000000 		.4byte	.LFE38-.LFB38
 657 02f4 01       		.uleb128 0x1
 658 02f5 9C       		.byte	0x9c
 659 02f6 0A030000 		.4byte	0x30a
 660 02fa 0E       		.uleb128 0xe
 661 02fb 08000000 		.4byte	.LVL4
 662 02ff FC030000 		.4byte	0x3fc
 663 0303 0C       		.uleb128 0xc
 664 0304 01       		.uleb128 0x1
 665 0305 50       		.byte	0x50
 666 0306 01       		.uleb128 0x1
 667 0307 31       		.byte	0x31
 668 0308 00       		.byte	0
 669 0309 00       		.byte	0
 670 030a 0A       		.uleb128 0xa
 671 030b 67010000 		.4byte	.LASF89
 672 030f 01       		.byte	0x1
 673 0310 5C       		.byte	0x5c
 674 0311 00000000 		.4byte	.LFB39
 675 0315 0A000000 		.4byte	.LFE39-.LFB39
 676 0319 01       		.uleb128 0x1
 677 031a 9C       		.byte	0x9c
 678 031b 2F030000 		.4byte	0x32f
 679 031f 0E       		.uleb128 0xe
 680 0320 08000000 		.4byte	.LVL5
 681 0324 FC030000 		.4byte	0x3fc
ARM GAS  C:\Users\tiantiaf\AppData\Local\Temp\ccSuv4sE.s 			page 15


 682 0328 0C       		.uleb128 0xc
 683 0329 01       		.uleb128 0x1
 684 032a 50       		.byte	0x50
 685 032b 01       		.uleb128 0x1
 686 032c 30       		.byte	0x30
 687 032d 00       		.byte	0
 688 032e 00       		.byte	0
 689 032f 0A       		.uleb128 0xa
 690 0330 E5070000 		.4byte	.LASF90
 691 0334 01       		.byte	0x1
 692 0335 6C       		.byte	0x6c
 693 0336 00000000 		.4byte	.LFB41
 694 033a 10000000 		.4byte	.LFE41-.LFB41
 695 033e 01       		.uleb128 0x1
 696 033f 9C       		.byte	0x9c
 697 0340 5D030000 		.4byte	0x35d
 698 0344 0F       		.uleb128 0xf
 699 0345 0C020000 		.4byte	.LASF103
 700 0349 01       		.byte	0x1
 701 034a 6C       		.byte	0x6c
 702 034b 6B000000 		.4byte	0x6b
 703 034f 00000000 		.4byte	.LLST0
 704 0353 0D       		.uleb128 0xd
 705 0354 0A000000 		.4byte	.LVL8
 706 0358 1B040000 		.4byte	0x41b
 707 035c 00       		.byte	0
 708 035d 0A       		.uleb128 0xa
 709 035e 7C060000 		.4byte	.LASF91
 710 0362 01       		.byte	0x1
 711 0363 60       		.byte	0x60
 712 0364 00000000 		.4byte	.LFB40
 713 0368 24000000 		.4byte	.LFE40-.LFB40
 714 036c 01       		.uleb128 0x1
 715 036d 9C       		.byte	0x9c
 716 036e 7C030000 		.4byte	0x37c
 717 0372 0D       		.uleb128 0xd
 718 0373 18000000 		.4byte	.LVL9
 719 0377 2F030000 		.4byte	0x32f
 720 037b 00       		.byte	0
 721 037c 08       		.uleb128 0x8
 722 037d 6B000000 		.4byte	0x6b
 723 0381 8C030000 		.4byte	0x38c
 724 0385 09       		.uleb128 0x9
 725 0386 9D000000 		.4byte	0x9d
 726 038a 03       		.byte	0x3
 727 038b 00       		.byte	0
 728 038c 10       		.uleb128 0x10
 729 038d 7D000000 		.4byte	.LASF92
 730 0391 01       		.byte	0x1
 731 0392 16       		.byte	0x16
 732 0393 9D030000 		.4byte	0x39d
 733 0397 05       		.uleb128 0x5
 734 0398 03       		.byte	0x3
 735 0399 00000000 		.4byte	Stone_Motor
 736 039d 05       		.uleb128 0x5
 737 039e 7C030000 		.4byte	0x37c
 738 03a2 10       		.uleb128 0x10
ARM GAS  C:\Users\tiantiaf\AppData\Local\Temp\ccSuv4sE.s 			page 16


 739 03a3 2D0A0000 		.4byte	.LASF93
 740 03a7 01       		.byte	0x1
 741 03a8 1A       		.byte	0x1a
 742 03a9 B3030000 		.4byte	0x3b3
 743 03ad 05       		.uleb128 0x5
 744 03ae 03       		.byte	0x3
 745 03af 00000000 		.4byte	Test
 746 03b3 11       		.uleb128 0x11
 747 03b4 87020000 		.4byte	0x287
 748 03b8 10       		.uleb128 0x10
 749 03b9 F5010000 		.4byte	.LASF94
 750 03bd 01       		.byte	0x1
 751 03be 17       		.byte	0x17
 752 03bf 87020000 		.4byte	0x287
 753 03c3 05       		.uleb128 0x5
 754 03c4 03       		.byte	0x3
 755 03c5 00000000 		.4byte	Motor_Running_Sequence
 756 03c9 10       		.uleb128 0x10
 757 03ca 53070000 		.4byte	.LASF95
 758 03ce 01       		.byte	0x1
 759 03cf 13       		.byte	0x13
 760 03d0 6B000000 		.4byte	0x6b
 761 03d4 05       		.uleb128 0x5
 762 03d5 03       		.byte	0x3
 763 03d6 00000000 		.4byte	status
 764 03da 10       		.uleb128 0x10
 765 03db AF070000 		.4byte	.LASF96
 766 03df 01       		.byte	0x1
 767 03e0 14       		.byte	0x14
 768 03e1 77000000 		.4byte	0x77
 769 03e5 05       		.uleb128 0x5
 770 03e6 03       		.byte	0x3
 771 03e7 00000000 		.4byte	ms_count
 772 03eb 10       		.uleb128 0x10
 773 03ec 91030000 		.4byte	.LASF97
 774 03f0 01       		.byte	0x1
 775 03f1 18       		.byte	0x18
 776 03f2 98000000 		.4byte	0x98
 777 03f6 05       		.uleb128 0x5
 778 03f7 03       		.byte	0x3
 779 03f8 00000000 		.4byte	Stone_Motor_Mode
 780 03fc 12       		.uleb128 0x12
 781 03fd 71000000 		.4byte	.LASF104
 782 0401 05       		.byte	0x5
 783 0402 33       		.byte	0x33
 784 0403 0D040000 		.4byte	0x40d
 785 0407 13       		.uleb128 0x13
 786 0408 6B000000 		.4byte	0x6b
 787 040c 00       		.byte	0
 788 040d 14       		.uleb128 0x14
 789 040e 2E010000 		.4byte	.LASF98
 790 0412 03       		.byte	0x3
 791 0413 15       		.byte	0x15
 792 0414 14       		.uleb128 0x14
 793 0415 74040000 		.4byte	.LASF99
 794 0419 03       		.byte	0x3
 795 041a 16       		.byte	0x16
ARM GAS  C:\Users\tiantiaf\AppData\Local\Temp\ccSuv4sE.s 			page 17


 796 041b 15       		.uleb128 0x15
 797 041c 160A0000 		.4byte	.LASF105
 798 0420 06       		.byte	0x6
 799 0421 C3       		.byte	0xc3
 800 0422 13       		.uleb128 0x13
 801 0423 77000000 		.4byte	0x77
 802 0427 00       		.byte	0
 803 0428 00       		.byte	0
 804              		.section	.debug_abbrev,"",%progbits
 805              	.Ldebug_abbrev0:
 806 0000 01       		.uleb128 0x1
 807 0001 11       		.uleb128 0x11
 808 0002 01       		.byte	0x1
 809 0003 25       		.uleb128 0x25
 810 0004 0E       		.uleb128 0xe
 811 0005 13       		.uleb128 0x13
 812 0006 0B       		.uleb128 0xb
 813 0007 03       		.uleb128 0x3
 814 0008 0E       		.uleb128 0xe
 815 0009 1B       		.uleb128 0x1b
 816 000a 0E       		.uleb128 0xe
 817 000b 55       		.uleb128 0x55
 818 000c 17       		.uleb128 0x17
 819 000d 11       		.uleb128 0x11
 820 000e 01       		.uleb128 0x1
 821 000f 10       		.uleb128 0x10
 822 0010 17       		.uleb128 0x17
 823 0011 00       		.byte	0
 824 0012 00       		.byte	0
 825 0013 02       		.uleb128 0x2
 826 0014 24       		.uleb128 0x24
 827 0015 00       		.byte	0
 828 0016 0B       		.uleb128 0xb
 829 0017 0B       		.uleb128 0xb
 830 0018 3E       		.uleb128 0x3e
 831 0019 0B       		.uleb128 0xb
 832 001a 03       		.uleb128 0x3
 833 001b 0E       		.uleb128 0xe
 834 001c 00       		.byte	0
 835 001d 00       		.byte	0
 836 001e 03       		.uleb128 0x3
 837 001f 24       		.uleb128 0x24
 838 0020 00       		.byte	0
 839 0021 0B       		.uleb128 0xb
 840 0022 0B       		.uleb128 0xb
 841 0023 3E       		.uleb128 0x3e
 842 0024 0B       		.uleb128 0xb
 843 0025 03       		.uleb128 0x3
 844 0026 08       		.uleb128 0x8
 845 0027 00       		.byte	0
 846 0028 00       		.byte	0
 847 0029 04       		.uleb128 0x4
 848 002a 16       		.uleb128 0x16
 849 002b 00       		.byte	0
 850 002c 03       		.uleb128 0x3
 851 002d 0E       		.uleb128 0xe
 852 002e 3A       		.uleb128 0x3a
ARM GAS  C:\Users\tiantiaf\AppData\Local\Temp\ccSuv4sE.s 			page 18


 853 002f 0B       		.uleb128 0xb
 854 0030 3B       		.uleb128 0x3b
 855 0031 05       		.uleb128 0x5
 856 0032 49       		.uleb128 0x49
 857 0033 13       		.uleb128 0x13
 858 0034 00       		.byte	0
 859 0035 00       		.byte	0
 860 0036 05       		.uleb128 0x5
 861 0037 35       		.uleb128 0x35
 862 0038 00       		.byte	0
 863 0039 49       		.uleb128 0x49
 864 003a 13       		.uleb128 0x13
 865 003b 00       		.byte	0
 866 003c 00       		.byte	0
 867 003d 06       		.uleb128 0x6
 868 003e 04       		.uleb128 0x4
 869 003f 01       		.byte	0x1
 870 0040 0B       		.uleb128 0xb
 871 0041 0B       		.uleb128 0xb
 872 0042 3A       		.uleb128 0x3a
 873 0043 0B       		.uleb128 0xb
 874 0044 3B       		.uleb128 0x3b
 875 0045 05       		.uleb128 0x5
 876 0046 01       		.uleb128 0x1
 877 0047 13       		.uleb128 0x13
 878 0048 00       		.byte	0
 879 0049 00       		.byte	0
 880 004a 07       		.uleb128 0x7
 881 004b 28       		.uleb128 0x28
 882 004c 00       		.byte	0
 883 004d 03       		.uleb128 0x3
 884 004e 0E       		.uleb128 0xe
 885 004f 1C       		.uleb128 0x1c
 886 0050 0D       		.uleb128 0xd
 887 0051 00       		.byte	0
 888 0052 00       		.byte	0
 889 0053 08       		.uleb128 0x8
 890 0054 01       		.uleb128 0x1
 891 0055 01       		.byte	0x1
 892 0056 49       		.uleb128 0x49
 893 0057 13       		.uleb128 0x13
 894 0058 01       		.uleb128 0x1
 895 0059 13       		.uleb128 0x13
 896 005a 00       		.byte	0
 897 005b 00       		.byte	0
 898 005c 09       		.uleb128 0x9
 899 005d 21       		.uleb128 0x21
 900 005e 00       		.byte	0
 901 005f 49       		.uleb128 0x49
 902 0060 13       		.uleb128 0x13
 903 0061 2F       		.uleb128 0x2f
 904 0062 0B       		.uleb128 0xb
 905 0063 00       		.byte	0
 906 0064 00       		.byte	0
 907 0065 0A       		.uleb128 0xa
 908 0066 2E       		.uleb128 0x2e
 909 0067 01       		.byte	0x1
ARM GAS  C:\Users\tiantiaf\AppData\Local\Temp\ccSuv4sE.s 			page 19


 910 0068 3F       		.uleb128 0x3f
 911 0069 19       		.uleb128 0x19
 912 006a 03       		.uleb128 0x3
 913 006b 0E       		.uleb128 0xe
 914 006c 3A       		.uleb128 0x3a
 915 006d 0B       		.uleb128 0xb
 916 006e 3B       		.uleb128 0x3b
 917 006f 0B       		.uleb128 0xb
 918 0070 27       		.uleb128 0x27
 919 0071 19       		.uleb128 0x19
 920 0072 11       		.uleb128 0x11
 921 0073 01       		.uleb128 0x1
 922 0074 12       		.uleb128 0x12
 923 0075 06       		.uleb128 0x6
 924 0076 40       		.uleb128 0x40
 925 0077 18       		.uleb128 0x18
 926 0078 9742     		.uleb128 0x2117
 927 007a 19       		.uleb128 0x19
 928 007b 01       		.uleb128 0x1
 929 007c 13       		.uleb128 0x13
 930 007d 00       		.byte	0
 931 007e 00       		.byte	0
 932 007f 0B       		.uleb128 0xb
 933 0080 898201   		.uleb128 0x4109
 934 0083 01       		.byte	0x1
 935 0084 11       		.uleb128 0x11
 936 0085 01       		.uleb128 0x1
 937 0086 31       		.uleb128 0x31
 938 0087 13       		.uleb128 0x13
 939 0088 01       		.uleb128 0x1
 940 0089 13       		.uleb128 0x13
 941 008a 00       		.byte	0
 942 008b 00       		.byte	0
 943 008c 0C       		.uleb128 0xc
 944 008d 8A8201   		.uleb128 0x410a
 945 0090 00       		.byte	0
 946 0091 02       		.uleb128 0x2
 947 0092 18       		.uleb128 0x18
 948 0093 9142     		.uleb128 0x2111
 949 0095 18       		.uleb128 0x18
 950 0096 00       		.byte	0
 951 0097 00       		.byte	0
 952 0098 0D       		.uleb128 0xd
 953 0099 898201   		.uleb128 0x4109
 954 009c 00       		.byte	0
 955 009d 11       		.uleb128 0x11
 956 009e 01       		.uleb128 0x1
 957 009f 31       		.uleb128 0x31
 958 00a0 13       		.uleb128 0x13
 959 00a1 00       		.byte	0
 960 00a2 00       		.byte	0
 961 00a3 0E       		.uleb128 0xe
 962 00a4 898201   		.uleb128 0x4109
 963 00a7 01       		.byte	0x1
 964 00a8 11       		.uleb128 0x11
 965 00a9 01       		.uleb128 0x1
 966 00aa 31       		.uleb128 0x31
ARM GAS  C:\Users\tiantiaf\AppData\Local\Temp\ccSuv4sE.s 			page 20


 967 00ab 13       		.uleb128 0x13
 968 00ac 00       		.byte	0
 969 00ad 00       		.byte	0
 970 00ae 0F       		.uleb128 0xf
 971 00af 05       		.uleb128 0x5
 972 00b0 00       		.byte	0
 973 00b1 03       		.uleb128 0x3
 974 00b2 0E       		.uleb128 0xe
 975 00b3 3A       		.uleb128 0x3a
 976 00b4 0B       		.uleb128 0xb
 977 00b5 3B       		.uleb128 0x3b
 978 00b6 0B       		.uleb128 0xb
 979 00b7 49       		.uleb128 0x49
 980 00b8 13       		.uleb128 0x13
 981 00b9 02       		.uleb128 0x2
 982 00ba 17       		.uleb128 0x17
 983 00bb 00       		.byte	0
 984 00bc 00       		.byte	0
 985 00bd 10       		.uleb128 0x10
 986 00be 34       		.uleb128 0x34
 987 00bf 00       		.byte	0
 988 00c0 03       		.uleb128 0x3
 989 00c1 0E       		.uleb128 0xe
 990 00c2 3A       		.uleb128 0x3a
 991 00c3 0B       		.uleb128 0xb
 992 00c4 3B       		.uleb128 0x3b
 993 00c5 0B       		.uleb128 0xb
 994 00c6 49       		.uleb128 0x49
 995 00c7 13       		.uleb128 0x13
 996 00c8 3F       		.uleb128 0x3f
 997 00c9 19       		.uleb128 0x19
 998 00ca 02       		.uleb128 0x2
 999 00cb 18       		.uleb128 0x18
 1000 00cc 00       		.byte	0
 1001 00cd 00       		.byte	0
 1002 00ce 11       		.uleb128 0x11
 1003 00cf 26       		.uleb128 0x26
 1004 00d0 00       		.byte	0
 1005 00d1 49       		.uleb128 0x49
 1006 00d2 13       		.uleb128 0x13
 1007 00d3 00       		.byte	0
 1008 00d4 00       		.byte	0
 1009 00d5 12       		.uleb128 0x12
 1010 00d6 2E       		.uleb128 0x2e
 1011 00d7 01       		.byte	0x1
 1012 00d8 3F       		.uleb128 0x3f
 1013 00d9 19       		.uleb128 0x19
 1014 00da 03       		.uleb128 0x3
 1015 00db 0E       		.uleb128 0xe
 1016 00dc 3A       		.uleb128 0x3a
 1017 00dd 0B       		.uleb128 0xb
 1018 00de 3B       		.uleb128 0x3b
 1019 00df 0B       		.uleb128 0xb
 1020 00e0 27       		.uleb128 0x27
 1021 00e1 19       		.uleb128 0x19
 1022 00e2 3C       		.uleb128 0x3c
 1023 00e3 19       		.uleb128 0x19
ARM GAS  C:\Users\tiantiaf\AppData\Local\Temp\ccSuv4sE.s 			page 21


 1024 00e4 01       		.uleb128 0x1
 1025 00e5 13       		.uleb128 0x13
 1026 00e6 00       		.byte	0
 1027 00e7 00       		.byte	0
 1028 00e8 13       		.uleb128 0x13
 1029 00e9 05       		.uleb128 0x5
 1030 00ea 00       		.byte	0
 1031 00eb 49       		.uleb128 0x49
 1032 00ec 13       		.uleb128 0x13
 1033 00ed 00       		.byte	0
 1034 00ee 00       		.byte	0
 1035 00ef 14       		.uleb128 0x14
 1036 00f0 2E       		.uleb128 0x2e
 1037 00f1 00       		.byte	0
 1038 00f2 3F       		.uleb128 0x3f
 1039 00f3 19       		.uleb128 0x19
 1040 00f4 03       		.uleb128 0x3
 1041 00f5 0E       		.uleb128 0xe
 1042 00f6 3A       		.uleb128 0x3a
 1043 00f7 0B       		.uleb128 0xb
 1044 00f8 3B       		.uleb128 0x3b
 1045 00f9 0B       		.uleb128 0xb
 1046 00fa 27       		.uleb128 0x27
 1047 00fb 19       		.uleb128 0x19
 1048 00fc 3C       		.uleb128 0x3c
 1049 00fd 19       		.uleb128 0x19
 1050 00fe 00       		.byte	0
 1051 00ff 00       		.byte	0
 1052 0100 15       		.uleb128 0x15
 1053 0101 2E       		.uleb128 0x2e
 1054 0102 01       		.byte	0x1
 1055 0103 3F       		.uleb128 0x3f
 1056 0104 19       		.uleb128 0x19
 1057 0105 03       		.uleb128 0x3
 1058 0106 0E       		.uleb128 0xe
 1059 0107 3A       		.uleb128 0x3a
 1060 0108 0B       		.uleb128 0xb
 1061 0109 3B       		.uleb128 0x3b
 1062 010a 0B       		.uleb128 0xb
 1063 010b 27       		.uleb128 0x27
 1064 010c 19       		.uleb128 0x19
 1065 010d 3C       		.uleb128 0x3c
 1066 010e 19       		.uleb128 0x19
 1067 010f 00       		.byte	0
 1068 0110 00       		.byte	0
 1069 0111 00       		.byte	0
 1070              		.section	.debug_loc,"",%progbits
 1071              	.Ldebug_loc0:
 1072              	.LLST0:
 1073 0000 00000000 		.4byte	.LVL6
 1074 0004 06000000 		.4byte	.LVL7
 1075 0008 0100     		.2byte	0x1
 1076 000a 50       		.byte	0x50
 1077 000b 06000000 		.4byte	.LVL7
 1078 000f 10000000 		.4byte	.LFE41
 1079 0013 0400     		.2byte	0x4
 1080 0015 F3       		.byte	0xf3
ARM GAS  C:\Users\tiantiaf\AppData\Local\Temp\ccSuv4sE.s 			page 22


 1081 0016 01       		.uleb128 0x1
 1082 0017 50       		.byte	0x50
 1083 0018 9F       		.byte	0x9f
 1084 0019 00000000 		.4byte	0
 1085 001d 00000000 		.4byte	0
 1086              		.section	.debug_aranges,"",%progbits
 1087 0000 3C000000 		.4byte	0x3c
 1088 0004 0200     		.2byte	0x2
 1089 0006 00000000 		.4byte	.Ldebug_info0
 1090 000a 04       		.byte	0x4
 1091 000b 00       		.byte	0
 1092 000c 0000     		.2byte	0
 1093 000e 0000     		.2byte	0
 1094 0010 00000000 		.4byte	.LFB37
 1095 0014 4C000000 		.4byte	.LFE37-.LFB37
 1096 0018 00000000 		.4byte	.LFB38
 1097 001c 0A000000 		.4byte	.LFE38-.LFB38
 1098 0020 00000000 		.4byte	.LFB39
 1099 0024 0A000000 		.4byte	.LFE39-.LFB39
 1100 0028 00000000 		.4byte	.LFB41
 1101 002c 10000000 		.4byte	.LFE41-.LFB41
 1102 0030 00000000 		.4byte	.LFB40
 1103 0034 24000000 		.4byte	.LFE40-.LFB40
 1104 0038 00000000 		.4byte	0
 1105 003c 00000000 		.4byte	0
 1106              		.section	.debug_ranges,"",%progbits
 1107              	.Ldebug_ranges0:
 1108 0000 00000000 		.4byte	.LFB37
 1109 0004 4C000000 		.4byte	.LFE37
 1110 0008 00000000 		.4byte	.LFB38
 1111 000c 0A000000 		.4byte	.LFE38
 1112 0010 00000000 		.4byte	.LFB39
 1113 0014 0A000000 		.4byte	.LFE39
 1114 0018 00000000 		.4byte	.LFB41
 1115 001c 10000000 		.4byte	.LFE41
 1116 0020 00000000 		.4byte	.LFB40
 1117 0024 24000000 		.4byte	.LFE40
 1118 0028 00000000 		.4byte	0
 1119 002c 00000000 		.4byte	0
 1120              		.section	.debug_line,"",%progbits
 1121              	.Ldebug_line0:
 1122 0000 F2000000 		.section	.debug_str,"MS",%progbits,1
 1122      02008700 
 1122      00000201 
 1122      FB0E0D00 
 1122      01010101 
 1123              	.LASF24:
 1124 0000 4359424C 		.ascii	"CYBLE_EVT_GAP_PASSKEY_ENTRY_REQUEST\000"
 1124      455F4556 
 1124      545F4741 
 1124      505F5041 
 1124      53534B45 
 1125              	.LASF59:
 1126 0024 4359424C 		.ascii	"CYBLE_EVT_GATTC_WRITE_RSP\000"
 1126      455F4556 
 1126      545F4741 
 1126      5454435F 
ARM GAS  C:\Users\tiantiaf\AppData\Local\Temp\ccSuv4sE.s 			page 23


 1126      57524954 
 1127              	.LASF21:
 1128 003e 4359424C 		.ascii	"CYBLE_EVT_MEMORY_REQUEST\000"
 1128      455F4556 
 1128      545F4D45 
 1128      4D4F5259 
 1128      5F524551 
 1129              	.LASF46:
 1130 0057 4359424C 		.ascii	"CYBLE_EVT_GATTC_ERROR_RSP\000"
 1130      455F4556 
 1130      545F4741 
 1130      5454435F 
 1130      4552524F 
 1131              	.LASF104:
 1132 0071 4D6F746F 		.ascii	"Motor_Write\000"
 1132      725F5772 
 1132      69746500 
 1133              	.LASF92:
 1134 007d 53746F6E 		.ascii	"Stone_Motor\000"
 1134      655F4D6F 
 1134      746F7200 
 1135              	.LASF36:
 1136 0089 4359424C 		.ascii	"CYBLE_EVT_GAP_KEYPRESS_NOTIFICATION\000"
 1136      455F4556 
 1136      545F4741 
 1136      505F4B45 
 1136      59505245 
 1137              	.LASF2:
 1138 00ad 73686F72 		.ascii	"short int\000"
 1138      7420696E 
 1138      7400
 1139              	.LASF27:
 1140 00b7 4359424C 		.ascii	"CYBLE_EVT_GAP_AUTH_FAILED\000"
 1140      455F4556 
 1140      545F4741 
 1140      505F4155 
 1140      54485F46 
 1141              	.LASF48:
 1142 00d1 4359424C 		.ascii	"CYBLE_EVT_GATT_DISCONNECT_IND\000"
 1142      455F4556 
 1142      545F4741 
 1142      54545F44 
 1142      4953434F 
 1143              	.LASF14:
 1144 00ef 73697A65 		.ascii	"sizetype\000"
 1144      74797065 
 1144      00
 1145              	.LASF38:
 1146 00f8 4359424C 		.ascii	"CYBLE_EVT_GAP_DATA_LENGTH_CHANGE\000"
 1146      455F4556 
 1146      545F4741 
 1146      505F4441 
 1146      54415F4C 
 1147              	.LASF19:
 1148 0119 4359424C 		.ascii	"CYBLE_EVT_HCI_STATUS\000"
 1148      455F4556 
 1148      545F4843 
ARM GAS  C:\Users\tiantiaf\AppData\Local\Temp\ccSuv4sE.s 			page 24


 1148      495F5354 
 1148      41545553 
 1149              	.LASF98:
 1150 012e 496E6974 		.ascii	"InitStoneInterrupt\000"
 1150      53746F6E 
 1150      65496E74 
 1150      65727275 
 1150      707400
 1151              	.LASF85:
 1152 0141 4359424C 		.ascii	"CYBLE_EVT_FLASH_CORRUPT\000"
 1152      455F4556 
 1152      545F464C 
 1152      4153485F 
 1152      434F5252 
 1153              	.LASF6:
 1154 0159 6C6F6E67 		.ascii	"long long int\000"
 1154      206C6F6E 
 1154      6720696E 
 1154      7400
 1155              	.LASF89:
 1156 0167 54435F49 		.ascii	"TC_ISR\000"
 1156      535200
 1157              	.LASF52:
 1158 016e 4359424C 		.ascii	"CYBLE_EVT_GATTC_READ_BY_TYPE_RSP\000"
 1158      455F4556 
 1158      545F4741 
 1158      5454435F 
 1158      52454144 
 1159              	.LASF16:
 1160 018f 4359424C 		.ascii	"CYBLE_EVT_STACK_ON\000"
 1160      455F4556 
 1160      545F5354 
 1160      41434B5F 
 1160      4F4E00
 1161              	.LASF45:
 1162 01a2 4359424C 		.ascii	"CYBLE_EVT_GAP_SMP_LOC_P256_KEYS_GEN_AND_SET_COMPLET"
 1162      455F4556 
 1162      545F4741 
 1162      505F534D 
 1162      505F4C4F 
 1163 01d5 4500     		.ascii	"E\000"
 1164              	.LASF49:
 1165 01d7 4359424C 		.ascii	"CYBLE_EVT_GATTS_XCNHG_MTU_REQ\000"
 1165      455F4556 
 1165      545F4741 
 1165      5454535F 
 1165      58434E48 
 1166              	.LASF94:
 1167 01f5 4D6F746F 		.ascii	"Motor_Running_Sequence\000"
 1167      725F5275 
 1167      6E6E696E 
 1167      675F5365 
 1167      7175656E 
 1168              	.LASF103:
 1169 020c 696E6465 		.ascii	"index\000"
 1169      7800
 1170              	.LASF34:
ARM GAS  C:\Users\tiantiaf\AppData\Local\Temp\ccSuv4sE.s 			page 25


 1171 0212 4359424C 		.ascii	"CYBLE_EVT_GAP_KEYINFO_EXCHNGE_CMPLT\000"
 1171      455F4556 
 1171      545F4741 
 1171      505F4B45 
 1171      59494E46 
 1172              	.LASF57:
 1173 0236 4359424C 		.ascii	"CYBLE_EVT_GATTC_READ_MULTI_RSP\000"
 1173      455F4556 
 1173      545F4741 
 1173      5454435F 
 1173      52454144 
 1174              	.LASF66:
 1175 0255 4359424C 		.ascii	"CYBLE_EVT_GATTS_HANDLE_VALUE_CNF\000"
 1175      455F4556 
 1175      545F4741 
 1175      5454535F 
 1175      48414E44 
 1176              	.LASF15:
 1177 0276 4359424C 		.ascii	"CYBLE_EVT_HOST_INVALID\000"
 1177      455F4556 
 1177      545F484F 
 1177      53545F49 
 1177      4E56414C 
 1178              	.LASF74:
 1179 028d 4359424C 		.ascii	"CYBLE_EVT_L2CAP_CBFC_CONN_IND\000"
 1179      455F4556 
 1179      545F4C32 
 1179      4341505F 
 1179      43424643 
 1180              	.LASF77:
 1181 02ab 4359424C 		.ascii	"CYBLE_EVT_L2CAP_CBFC_DISCONN_CNF\000"
 1181      455F4556 
 1181      545F4C32 
 1181      4341505F 
 1181      43424643 
 1182              	.LASF11:
 1183 02cc 666C6F61 		.ascii	"float\000"
 1183      7400
 1184              	.LASF55:
 1185 02d2 4359424C 		.ascii	"CYBLE_EVT_GATTC_READ_RSP\000"
 1185      455F4556 
 1185      545F4741 
 1185      5454435F 
 1185      52454144 
 1186              	.LASF8:
 1187 02eb 756E7369 		.ascii	"unsigned int\000"
 1187      676E6564 
 1187      20696E74 
 1187      00
 1188              	.LASF35:
 1189 02f8 4359424C 		.ascii	"CYBLE_EVT_GAP_NUMERIC_COMPARISON_REQUEST\000"
 1189      455F4556 
 1189      545F4741 
 1189      505F4E55 
 1189      4D455249 
 1190              	.LASF40:
 1191 0321 4359424C 		.ascii	"CYBLE_EVT_GAPC_DIRECT_ADV_REPORT\000"
ARM GAS  C:\Users\tiantiaf\AppData\Local\Temp\ccSuv4sE.s 			page 26


 1191      455F4556 
 1191      545F4741 
 1191      50435F44 
 1191      49524543 
 1192              	.LASF7:
 1193 0342 6C6F6E67 		.ascii	"long long unsigned int\000"
 1193      206C6F6E 
 1193      6720756E 
 1193      7369676E 
 1193      65642069 
 1194              	.LASF44:
 1195 0359 4359424C 		.ascii	"CYBLE_EVT_GAP_AUTH_REQ_REPLY_ERR\000"
 1195      455F4556 
 1195      545F4741 
 1195      505F4155 
 1195      54485F52 
 1196              	.LASF86:
 1197 037a 4359424C 		.ascii	"CYBLE_EVT_MAX\000"
 1197      455F4556 
 1197      545F4D41 
 1197      5800
 1198              	.LASF4:
 1199 0388 6C6F6E67 		.ascii	"long int\000"
 1199      20696E74 
 1199      00
 1200              	.LASF97:
 1201 0391 53746F6E 		.ascii	"Stone_Motor_Mode\000"
 1201      655F4D6F 
 1201      746F725F 
 1201      4D6F6465 
 1201      00
 1202              	.LASF65:
 1203 03a2 4359424C 		.ascii	"CYBLE_EVT_GATTC_HANDLE_VALUE_IND\000"
 1203      455F4556 
 1203      545F4741 
 1203      5454435F 
 1203      48414E44 
 1204              	.LASF102:
 1205 03c3 473A5C47 		.ascii	"G:\\GitHub_Code\\firmware_pulse\\fw-pulse\\fw-BLE-M"
 1205      69744875 
 1205      625F436F 
 1205      64655C66 
 1205      69726D77 
 1206 03f2 6F746F72 		.ascii	"otor\\fw-stone\\Stone.cydsn\000"
 1206      5C66772D 
 1206      73746F6E 
 1206      655C5374 
 1206      6F6E652E 
 1207              	.LASF29:
 1208 040c 4359424C 		.ascii	"CYBLE_EVT_GAP_DEVICE_CONNECTED\000"
 1208      455F4556 
 1208      545F4741 
 1208      505F4445 
 1208      56494345 
 1209              	.LASF28:
 1210 042b 4359424C 		.ascii	"CYBLE_EVT_GAPP_ADVERTISEMENT_START_STOP\000"
 1210      455F4556 
ARM GAS  C:\Users\tiantiaf\AppData\Local\Temp\ccSuv4sE.s 			page 27


 1210      545F4741 
 1210      50505F41 
 1210      44564552 
 1211              	.LASF64:
 1212 0453 4359424C 		.ascii	"CYBLE_EVT_GATTC_HANDLE_VALUE_NTF\000"
 1212      455F4556 
 1212      545F4741 
 1212      5454435F 
 1212      48414E44 
 1213              	.LASF99:
 1214 0474 53746F70 		.ascii	"StopStoneInterrupt\000"
 1214      53746F6E 
 1214      65496E74 
 1214      65727275 
 1214      707400
 1215              	.LASF25:
 1216 0487 4359424C 		.ascii	"CYBLE_EVT_GAP_PASSKEY_DISPLAY_REQUEST\000"
 1216      455F4556 
 1216      545F4741 
 1216      505F5041 
 1216      53534B45 
 1217              	.LASF100:
 1218 04ad 474E5520 		.ascii	"GNU C 4.9.3 20150303 (release) [ARM/embedded-4_9-br"
 1218      4320342E 
 1218      392E3320 
 1218      32303135 
 1218      30333033 
 1219 04e0 616E6368 		.ascii	"anch revision 221220] -mcpu=cortex-m0 -mthumb -g -O"
 1219      20726576 
 1219      6973696F 
 1219      6E203232 
 1219      31323230 
 1220 0513 67202D66 		.ascii	"g -ffunction-sections -ffat-lto-objects\000"
 1220      66756E63 
 1220      74696F6E 
 1220      2D736563 
 1220      74696F6E 
 1221              	.LASF75:
 1222 053b 4359424C 		.ascii	"CYBLE_EVT_L2CAP_CBFC_CONN_CNF\000"
 1222      455F4556 
 1222      545F4C32 
 1222      4341505F 
 1222      43424643 
 1223              	.LASF39:
 1224 0559 4359424C 		.ascii	"CYBLE_EVT_GAP_ENHANCE_CONN_COMPLETE\000"
 1224      455F4556 
 1224      545F4741 
 1224      505F454E 
 1224      48414E43 
 1225              	.LASF9:
 1226 057d 75696E74 		.ascii	"uint8\000"
 1226      3800
 1227              	.LASF71:
 1228 0583 4359424C 		.ascii	"CYBLE_EVT_L2CAP_CONN_PARAM_UPDATE_REQ\000"
 1228      455F4556 
 1228      545F4C32 
 1228      4341505F 
ARM GAS  C:\Users\tiantiaf\AppData\Local\Temp\ccSuv4sE.s 			page 28


 1228      434F4E4E 
 1229              	.LASF1:
 1230 05a9 756E7369 		.ascii	"unsigned char\000"
 1230      676E6564 
 1230      20636861 
 1230      7200
 1231              	.LASF61:
 1232 05b7 4359424C 		.ascii	"CYBLE_EVT_GATTS_PREP_WRITE_REQ\000"
 1232      455F4556 
 1232      545F4741 
 1232      5454535F 
 1232      50524550 
 1233              	.LASF83:
 1234 05d6 4359424C 		.ascii	"CYBLE_EVT_LE_PING_AUTH_TIMEOUT\000"
 1234      455F4556 
 1234      545F4C45 
 1234      5F50494E 
 1234      475F4155 
 1235              	.LASF53:
 1236 05f5 4359424C 		.ascii	"CYBLE_EVT_GATTC_FIND_INFO_RSP\000"
 1236      455F4556 
 1236      545F4741 
 1236      5454435F 
 1236      46494E44 
 1237              	.LASF0:
 1238 0613 7369676E 		.ascii	"signed char\000"
 1238      65642063 
 1238      68617200 
 1239              	.LASF58:
 1240 061f 4359424C 		.ascii	"CYBLE_EVT_GATTS_WRITE_REQ\000"
 1240      455F4556 
 1240      545F4741 
 1240      5454535F 
 1240      57524954 
 1241              	.LASF54:
 1242 0639 4359424C 		.ascii	"CYBLE_EVT_GATTC_FIND_BY_TYPE_VALUE_RSP\000"
 1242      455F4556 
 1242      545F4741 
 1242      5454435F 
 1242      46494E44 
 1243              	.LASF26:
 1244 0660 4359424C 		.ascii	"CYBLE_EVT_GAP_AUTH_COMPLETE\000"
 1244      455F4556 
 1244      545F4741 
 1244      505F4155 
 1244      54485F43 
 1245              	.LASF91:
 1246 067c 4D535F49 		.ascii	"MS_ISR\000"
 1246      535200
 1247              	.LASF47:
 1248 0683 4359424C 		.ascii	"CYBLE_EVT_GATT_CONNECT_IND\000"
 1248      455F4556 
 1248      545F4741 
 1248      54545F43 
 1248      4F4E4E45 
 1249              	.LASF5:
 1250 069e 6C6F6E67 		.ascii	"long unsigned int\000"
ARM GAS  C:\Users\tiantiaf\AppData\Local\Temp\ccSuv4sE.s 			page 29


 1250      20756E73 
 1250      69676E65 
 1250      6420696E 
 1250      7400
 1251              	.LASF23:
 1252 06b0 4359424C 		.ascii	"CYBLE_EVT_GAP_AUTH_REQ\000"
 1252      455F4556 
 1252      545F4741 
 1252      505F4155 
 1252      54485F52 
 1253              	.LASF76:
 1254 06c7 4359424C 		.ascii	"CYBLE_EVT_L2CAP_CBFC_DISCONN_IND\000"
 1254      455F4556 
 1254      545F4C32 
 1254      4341505F 
 1254      43424643 
 1255              	.LASF31:
 1256 06e8 4359424C 		.ascii	"CYBLE_EVT_GAP_ENCRYPT_CHANGE\000"
 1256      455F4556 
 1256      545F4741 
 1256      505F454E 
 1256      43525950 
 1257              	.LASF42:
 1258 0705 4359424C 		.ascii	"CYBLE_EVT_GAP_CONN_ESTB\000"
 1258      455F4556 
 1258      545F4741 
 1258      505F434F 
 1258      4E4E5F45 
 1259              	.LASF70:
 1260 071d 4359424C 		.ascii	"CYBLE_EVT_GATTC_LONG_PROCEDURE_END\000"
 1260      455F4556 
 1260      545F4741 
 1260      5454435F 
 1260      4C4F4E47 
 1261              	.LASF3:
 1262 0740 73686F72 		.ascii	"short unsigned int\000"
 1262      7420756E 
 1262      7369676E 
 1262      65642069 
 1262      6E7400
 1263              	.LASF95:
 1264 0753 73746174 		.ascii	"status\000"
 1264      757300
 1265              	.LASF32:
 1266 075a 4359424C 		.ascii	"CYBLE_EVT_GAP_CONNECTION_UPDATE_COMPLETE\000"
 1266      455F4556 
 1266      545F4741 
 1266      505F434F 
 1266      4E4E4543 
 1267              	.LASF41:
 1268 0783 4359424C 		.ascii	"CYBLE_EVT_GAP_SMP_NEGOTIATED_AUTH_INFO\000"
 1268      455F4556 
 1268      545F4741 
 1268      505F534D 
 1268      505F4E45 
 1269              	.LASF13:
 1270 07aa 63686172 		.ascii	"char\000"
ARM GAS  C:\Users\tiantiaf\AppData\Local\Temp\ccSuv4sE.s 			page 30


 1270      00
 1271              	.LASF96:
 1272 07af 6D735F63 		.ascii	"ms_count\000"
 1272      6F756E74 
 1272      00
 1273              	.LASF73:
 1274 07b8 4359424C 		.ascii	"CYBLE_EVT_L2CAP_COMMAND_REJ\000"
 1274      455F4556 
 1274      545F4C32 
 1274      4341505F 
 1274      434F4D4D 
 1275              	.LASF87:
 1276 07d4 53746F6E 		.ascii	"StoneUpdateMotor\000"
 1276      65557064 
 1276      6174654D 
 1276      6F746F72 
 1276      00
 1277              	.LASF90:
 1278 07e5 55706461 		.ascii	"UpdateMotorPWM\000"
 1278      74654D6F 
 1278      746F7250 
 1278      574D00
 1279              	.LASF10:
 1280 07f4 75696E74 		.ascii	"uint16\000"
 1280      313600
 1281              	.LASF56:
 1282 07fb 4359424C 		.ascii	"CYBLE_EVT_GATTC_READ_BLOB_RSP\000"
 1282      455F4556 
 1282      545F4741 
 1282      5454435F 
 1282      52454144 
 1283              	.LASF63:
 1284 0819 4359424C 		.ascii	"CYBLE_EVT_GATTC_EXEC_WRITE_RSP\000"
 1284      455F4556 
 1284      545F4741 
 1284      5454435F 
 1284      45584543 
 1285              	.LASF33:
 1286 0838 4359424C 		.ascii	"CYBLE_EVT_GAPC_SCAN_START_STOP\000"
 1286      455F4556 
 1286      545F4741 
 1286      50435F53 
 1286      43414E5F 
 1287              	.LASF82:
 1288 0857 4359424C 		.ascii	"CYBLE_EVT_PENDING_FLASH_WRITE\000"
 1288      455F4556 
 1288      545F5045 
 1288      4E44494E 
 1288      475F464C 
 1289              	.LASF79:
 1290 0875 4359424C 		.ascii	"CYBLE_EVT_L2CAP_CBFC_RX_CREDIT_IND\000"
 1290      455F4556 
 1290      545F4C32 
 1290      4341505F 
 1290      43424643 
 1291              	.LASF12:
 1292 0898 646F7562 		.ascii	"double\000"
ARM GAS  C:\Users\tiantiaf\AppData\Local\Temp\ccSuv4sE.s 			page 31


 1292      6C6500
 1293              	.LASF80:
 1294 089f 4359424C 		.ascii	"CYBLE_EVT_L2CAP_CBFC_TX_CREDIT_IND\000"
 1294      455F4556 
 1294      545F4C32 
 1294      4341505F 
 1294      43424643 
 1295              	.LASF43:
 1296 08c2 4359424C 		.ascii	"CYBLE_EVT_GAP_SCAN_REQ_RECVD\000"
 1296      455F4556 
 1296      545F4741 
 1296      505F5343 
 1296      414E5F52 
 1297              	.LASF20:
 1298 08df 4359424C 		.ascii	"CYBLE_EVT_STACK_BUSY_STATUS\000"
 1298      455F4556 
 1298      545F5354 
 1298      41434B5F 
 1298      42555359 
 1299              	.LASF18:
 1300 08fb 4359424C 		.ascii	"CYBLE_EVT_HARDWARE_ERROR\000"
 1300      455F4556 
 1300      545F4841 
 1300      52445741 
 1300      52455F45 
 1301              	.LASF78:
 1302 0914 4359424C 		.ascii	"CYBLE_EVT_L2CAP_CBFC_DATA_READ\000"
 1302      455F4556 
 1302      545F4C32 
 1302      4341505F 
 1302      43424643 
 1303              	.LASF72:
 1304 0933 4359424C 		.ascii	"CYBLE_EVT_L2CAP_CONN_PARAM_UPDATE_RSP\000"
 1304      455F4556 
 1304      545F4C32 
 1304      4341505F 
 1304      434F4E4E 
 1305              	.LASF22:
 1306 0959 4359424C 		.ascii	"CYBLE_EVT_GAPC_SCAN_PROGRESS_RESULT\000"
 1306      455F4556 
 1306      545F4741 
 1306      50435F53 
 1306      43414E5F 
 1307              	.LASF51:
 1308 097d 4359424C 		.ascii	"CYBLE_EVT_GATTC_READ_BY_GROUP_TYPE_RSP\000"
 1308      455F4556 
 1308      545F4741 
 1308      5454435F 
 1308      52454144 
 1309              	.LASF60:
 1310 09a4 4359424C 		.ascii	"CYBLE_EVT_GATTS_WRITE_CMD_REQ\000"
 1310      455F4556 
 1310      545F4741 
 1310      5454535F 
 1310      57524954 
 1311              	.LASF50:
 1312 09c2 4359424C 		.ascii	"CYBLE_EVT_GATTC_XCHNG_MTU_RSP\000"
ARM GAS  C:\Users\tiantiaf\AppData\Local\Temp\ccSuv4sE.s 			page 32


 1312      455F4556 
 1312      545F4741 
 1312      5454435F 
 1312      5843484E 
 1313              	.LASF81:
 1314 09e0 4359424C 		.ascii	"CYBLE_EVT_L2CAP_CBFC_DATA_WRITE_IND\000"
 1314      455F4556 
 1314      545F4C32 
 1314      4341505F 
 1314      43424643 
 1315              	.LASF17:
 1316 0a04 4359424C 		.ascii	"CYBLE_EVT_TIMEOUT\000"
 1316      455F4556 
 1316      545F5449 
 1316      4D454F55 
 1316      5400
 1317              	.LASF105:
 1318 0a16 53746F6E 		.ascii	"Stone_PWM_WriteCompare\000"
 1318      655F5057 
 1318      4D5F5772 
 1318      69746543 
 1318      6F6D7061 
 1319              	.LASF93:
 1320 0a2d 54657374 		.ascii	"Test\000"
 1320      00
 1321              	.LASF69:
 1322 0a32 4359424C 		.ascii	"CYBLE_EVT_GATTS_READ_CHAR_VAL_ACCESS_REQ\000"
 1322      455F4556 
 1322      545F4741 
 1322      5454535F 
 1322      52454144 
 1323              	.LASF68:
 1324 0a5b 4359424C 		.ascii	"CYBLE_EVT_GATTC_STOP_CMD_COMPLETE\000"
 1324      455F4556 
 1324      545F4741 
 1324      5454435F 
 1324      53544F50 
 1325              	.LASF101:
 1326 0a7d 53746F6E 		.ascii	"Stone_Motor.c\000"
 1326      655F4D6F 
 1326      746F722E 
 1326      6300
 1327              	.LASF62:
 1328 0a8b 4359424C 		.ascii	"CYBLE_EVT_GATTS_EXEC_WRITE_REQ\000"
 1328      455F4556 
 1328      545F4741 
 1328      5454535F 
 1328      45584543 
 1329              	.LASF88:
 1330 0aaa 54524947 		.ascii	"TRIGGER_ISR\000"
 1330      4745525F 
 1330      49535200 
 1331              	.LASF30:
 1332 0ab6 4359424C 		.ascii	"CYBLE_EVT_GAP_DEVICE_DISCONNECTED\000"
 1332      455F4556 
 1332      545F4741 
 1332      505F4445 
ARM GAS  C:\Users\tiantiaf\AppData\Local\Temp\ccSuv4sE.s 			page 33


 1332      56494345 
 1333              	.LASF67:
 1334 0ad8 4359424C 		.ascii	"CYBLE_EVT_GATTS_DATA_SIGNED_CMD_REQ\000"
 1334      455F4556 
 1334      545F4741 
 1334      5454535F 
 1334      44415441 
 1335              	.LASF84:
 1336 0afc 4359424C 		.ascii	"CYBLE_EVT_HCI_PKT\000"
 1336      455F4556 
 1336      545F4843 
 1336      495F504B 
 1336      5400
 1337              	.LASF37:
 1338 0b0e 4359424C 		.ascii	"CYBLE_EVT_GAP_OOB_GENERATED_NOTIFICATION\000"
 1338      455F4556 
 1338      545F4741 
 1338      505F4F4F 
 1338      425F4745 
 1339              		.ident	"GCC: (GNU Tools for ARM Embedded Processors) 4.9.3 20150303 (release) [ARM/embedded-4_9-br
